{"uid":"ce3f402ad0eb8458","name":"search youtube in google","fullName":"test google search: search youtube in google","historyId":"e407f5e92ab478fb805f6609e78f9351","time":{"start":1684311243888,"stop":1684311244133,"duration":245},"status":"broken","statusMessage":"Unable to establish websocket connection to http://localhost:34745/devtools/browser/b55a9330-7e9a-4941-9b79-5541eaaebad7\nBuild info: version: '4.8.0', revision: '267030adea'\nSystem info: os.name: 'Linux', os.arch: 'amd64', os.version: '5.15.0-1037-azure', java.version: '11.0.19'\nDriver info: driver.version: ChromeDriver","statusTrace":"org.openqa.selenium.remote.http.ConnectionFailedException: Unable to establish websocket connection to http://localhost:34745/devtools/browser/b55a9330-7e9a-4941-9b79-5541eaaebad7\nBuild info: version: '4.8.0', revision: '267030adea'\nSystem info: os.name: 'Linux', os.arch: 'amd64', os.version: '5.15.0-1037-azure', java.version: '11.0.19'\nDriver info: driver.version: ChromeDriver\n\tat org.openqa.selenium.remote.http.netty.NettyWebSocket.<init>(NettyWebSocket.java:102)\n\tat org.openqa.selenium.remote.http.netty.NettyWebSocket.lambda$create$3(NettyWebSocket.java:128)\n\tat org.openqa.selenium.remote.http.netty.NettyClient.openSocket(NettyClient.java:107)\n\tat org.openqa.selenium.devtools.Connection.<init>(Connection.java:78)\n\tat org.openqa.selenium.chromium.ChromiumDriver.lambda$new$2(ChromiumDriver.java:116)\n\tat java.base/java.util.Optional.map(Optional.java:265)\n\tat org.openqa.selenium.chromium.ChromiumDriver.<init>(ChromiumDriver.java:114)\n\tat org.openqa.selenium.chrome.ChromeDriver.<init>(ChromeDriver.java:82)\n\tat org.openqa.selenium.chrome.ChromeDriver.<init>(ChromeDriver.java:71)\n\tat cucumberHooks.Hooks.openAndQuitBrowser(Hooks.java:74)\n\tat Steps.MyStepdefs.<init>(MyStepdefs.java:28)\n\tat java.base/jdk.internal.reflect.NativeConstructorAccessorImpl.newInstance0(Native Method)\n\tat java.base/jdk.internal.reflect.NativeConstructorAccessorImpl.newInstance(NativeConstructorAccessorImpl.java:62)\n\tat java.base/jdk.internal.reflect.DelegatingConstructorAccessorImpl.newInstance(DelegatingConstructorAccessorImpl.java:45)\n\tat java.base/java.lang.reflect.Constructor.newInstance(Constructor.java:490)\n\tat org.picocontainer.injectors.AbstractInjector.newInstance(AbstractInjector.java:145)\n\tat org.picocontainer.injectors.ConstructorInjector$1.run(ConstructorInjector.java:342)\n\tat org.picocontainer.injectors.AbstractInjector$ThreadLocalCyclicDependencyGuard.observe(AbstractInjector.java:270)\n\tat org.picocontainer.injectors.ConstructorInjector.getComponentInstance(ConstructorInjector.java:364)\n\tat org.picocontainer.injectors.AbstractInjectionFactory$LifecycleAdapter.getComponentInstance(AbstractInjectionFactory.java:56)\n\tat org.picocontainer.behaviors.AbstractBehavior.getComponentInstance(AbstractBehavior.java:64)\n\tat org.picocontainer.behaviors.Stored.getComponentInstance(Stored.java:91)\n\tat org.picocontainer.DefaultPicoContainer.getInstance(DefaultPicoContainer.java:699)\n\tat org.picocontainer.DefaultPicoContainer.getComponent(DefaultPicoContainer.java:647)\n\tat org.picocontainer.DefaultPicoContainer.getComponent(DefaultPicoContainer.java:678)\n\tat io.cucumber.picocontainer.PicoFactory.getInstance(PicoFactory.java:49)\n\tat io.cucumber.java.AbstractGlueDefinition.invokeMethod(AbstractGlueDefinition.java:47)\n\tat io.cucumber.java.JavaStepDefinition.execute(JavaStepDefinition.java:29)\n\tat io.cucumber.core.runner.CoreStepDefinition.execute(CoreStepDefinition.java:66)\n\tat io.cucumber.core.runner.PickleStepDefinitionMatch.runStep(PickleStepDefinitionMatch.java:63)\n\tat io.cucumber.core.runner.ExecutionMode$1.execute(ExecutionMode.java:10)\n\tat io.cucumber.core.runner.TestStep.executeStep(TestStep.java:85)\n\tat io.cucumber.core.runner.TestStep.run(TestStep.java:57)\n\tat io.cucumber.core.runner.PickleStepTestStep.run(PickleStepTestStep.java:51)\n\tat io.cucumber.core.runner.TestCase.run(TestCase.java:84)\n\tat io.cucumber.core.runner.Runner.runPickle(Runner.java:75)\n\tat io.cucumber.testng.TestNGCucumberRunner.lambda$runScenario$1(TestNGCucumberRunner.java:132)\n\tat io.cucumber.core.runtime.CucumberExecutionContext.lambda$runTestCase$5(CucumberExecutionContext.java:129)\n\tat io.cucumber.core.runtime.RethrowingThrowableCollector.executeAndThrow(RethrowingThrowableCollector.java:23)\n\tat io.cucumber.core.runtime.CucumberExecutionContext.runTestCase(CucumberExecutionContext.java:129)\n\tat io.cucumber.testng.TestNGCucumberRunner.runScenario(TestNGCucumberRunner.java:129)\n\tat io.cucumber.testng.AbstractTestNGCucumberTests.runScenario(AbstractTestNGCucumberTests.java:35)\n\tat java.base/jdk.internal.reflect.NativeMethodAccessorImpl.invoke0(Native Method)\n\tat java.base/jdk.internal.reflect.NativeMethodAccessorImpl.invoke(NativeMethodAccessorImpl.java:62)\n\tat java.base/jdk.internal.reflect.DelegatingMethodAccessorImpl.invoke(DelegatingMethodAccessorImpl.java:43)\n\tat java.base/java.lang.reflect.Method.invoke(Method.java:566)\n\tat org.testng.internal.invokers.MethodInvocationHelper.invokeMethod(MethodInvocationHelper.java:139)\n\tat org.testng.internal.invokers.TestInvoker.invokeMethod(TestInvoker.java:677)\n\tat org.testng.internal.invokers.TestInvoker.invokeTestMethod(TestInvoker.java:221)\n\tat org.testng.internal.invokers.MethodRunner.runInSequence(MethodRunner.java:50)\n\tat org.testng.internal.invokers.TestInvoker$MethodInvocationAgent.invoke(TestInvoker.java:969)\n\tat org.testng.internal.invokers.TestInvoker.invokeTestMethods(TestInvoker.java:194)\n\tat org.testng.internal.invokers.TestMethodWorker.invokeTestMethods(TestMethodWorker.java:148)\n\tat org.testng.internal.invokers.TestMethodWorker.run(TestMethodWorker.java:128)\n\tat java.base/java.util.ArrayList.forEach(ArrayList.java:1541)\n\tat org.testng.TestRunner.privateRun(TestRunner.java:829)\n\tat org.testng.TestRunner.run(TestRunner.java:602)\n\tat org.testng.SuiteRunner.runTest(SuiteRunner.java:437)\n\tat org.testng.SuiteRunner.runSequentially(SuiteRunner.java:431)\n\tat org.testng.SuiteRunner.privateRun(SuiteRunner.java:391)\n\tat org.testng.SuiteRunner.run(SuiteRunner.java:330)\n\tat org.testng.SuiteRunnerWorker.runSuite(SuiteRunnerWorker.java:52)\n\tat org.testng.SuiteRunnerWorker.run(SuiteRunnerWorker.java:95)\n\tat org.testng.TestNG.runSuitesSequentially(TestNG.java:1256)\n\tat org.testng.TestNG.runSuitesLocally(TestNG.java:1176)\n\tat org.testng.TestNG.runSuites(TestNG.java:1099)\n\tat org.testng.TestNG.run(TestNG.java:1067)\n\tat org.apache.maven.surefire.testng.TestNGExecutor.run(TestNGExecutor.java:324)\n\tat org.apache.maven.surefire.testng.TestNGXmlTestSuite.execute(TestNGXmlTestSuite.java:74)\n\tat org.apache.maven.surefire.testng.TestNGProvider.invoke(TestNGProvider.java:123)\n\tat org.apache.maven.surefire.booter.ForkedBooter.runSuitesInProcess(ForkedBooter.java:456)\n\tat org.apache.maven.surefire.booter.ForkedBooter.execute(ForkedBooter.java:169)\n\tat org.apache.maven.surefire.booter.ForkedBooter.run(ForkedBooter.java:595)\n\tat org.apache.maven.surefire.booter.ForkedBooter.main(ForkedBooter.java:581)\n","flaky":false,"newFailed":false,"newBroken":false,"newPassed":false,"retriesCount":0,"retriesStatusChange":false,"beforeStages":[],"testStage":{"status":"broken","statusMessage":"Unable to establish websocket connection to http://localhost:34745/devtools/browser/b55a9330-7e9a-4941-9b79-5541eaaebad7\nBuild info: version: '4.8.0', revision: '267030adea'\nSystem info: os.name: 'Linux', os.arch: 'amd64', os.version: '5.15.0-1037-azure', java.version: '11.0.19'\nDriver info: driver.version: ChromeDriver","statusTrace":"org.openqa.selenium.remote.http.ConnectionFailedException: Unable to establish websocket connection to http://localhost:34745/devtools/browser/b55a9330-7e9a-4941-9b79-5541eaaebad7\nBuild info: version: '4.8.0', revision: '267030adea'\nSystem info: os.name: 'Linux', os.arch: 'amd64', os.version: '5.15.0-1037-azure', java.version: '11.0.19'\nDriver info: driver.version: ChromeDriver\n\tat org.openqa.selenium.remote.http.netty.NettyWebSocket.<init>(NettyWebSocket.java:102)\n\tat org.openqa.selenium.remote.http.netty.NettyWebSocket.lambda$create$3(NettyWebSocket.java:128)\n\tat org.openqa.selenium.remote.http.netty.NettyClient.openSocket(NettyClient.java:107)\n\tat org.openqa.selenium.devtools.Connection.<init>(Connection.java:78)\n\tat org.openqa.selenium.chromium.ChromiumDriver.lambda$new$2(ChromiumDriver.java:116)\n\tat java.base/java.util.Optional.map(Optional.java:265)\n\tat org.openqa.selenium.chromium.ChromiumDriver.<init>(ChromiumDriver.java:114)\n\tat org.openqa.selenium.chrome.ChromeDriver.<init>(ChromeDriver.java:82)\n\tat org.openqa.selenium.chrome.ChromeDriver.<init>(ChromeDriver.java:71)\n\tat cucumberHooks.Hooks.openAndQuitBrowser(Hooks.java:74)\n\tat Steps.MyStepdefs.<init>(MyStepdefs.java:28)\n\tat java.base/jdk.internal.reflect.NativeConstructorAccessorImpl.newInstance0(Native Method)\n\tat java.base/jdk.internal.reflect.NativeConstructorAccessorImpl.newInstance(NativeConstructorAccessorImpl.java:62)\n\tat java.base/jdk.internal.reflect.DelegatingConstructorAccessorImpl.newInstance(DelegatingConstructorAccessorImpl.java:45)\n\tat java.base/java.lang.reflect.Constructor.newInstance(Constructor.java:490)\n\tat org.picocontainer.injectors.AbstractInjector.newInstance(AbstractInjector.java:145)\n\tat org.picocontainer.injectors.ConstructorInjector$1.run(ConstructorInjector.java:342)\n\tat org.picocontainer.injectors.AbstractInjector$ThreadLocalCyclicDependencyGuard.observe(AbstractInjector.java:270)\n\tat org.picocontainer.injectors.ConstructorInjector.getComponentInstance(ConstructorInjector.java:364)\n\tat org.picocontainer.injectors.AbstractInjectionFactory$LifecycleAdapter.getComponentInstance(AbstractInjectionFactory.java:56)\n\tat org.picocontainer.behaviors.AbstractBehavior.getComponentInstance(AbstractBehavior.java:64)\n\tat org.picocontainer.behaviors.Stored.getComponentInstance(Stored.java:91)\n\tat org.picocontainer.DefaultPicoContainer.getInstance(DefaultPicoContainer.java:699)\n\tat org.picocontainer.DefaultPicoContainer.getComponent(DefaultPicoContainer.java:647)\n\tat org.picocontainer.DefaultPicoContainer.getComponent(DefaultPicoContainer.java:678)\n\tat io.cucumber.picocontainer.PicoFactory.getInstance(PicoFactory.java:49)\n\tat io.cucumber.java.AbstractGlueDefinition.invokeMethod(AbstractGlueDefinition.java:47)\n\tat io.cucumber.java.JavaStepDefinition.execute(JavaStepDefinition.java:29)\n\tat io.cucumber.core.runner.CoreStepDefinition.execute(CoreStepDefinition.java:66)\n\tat io.cucumber.core.runner.PickleStepDefinitionMatch.runStep(PickleStepDefinitionMatch.java:63)\n\tat io.cucumber.core.runner.ExecutionMode$1.execute(ExecutionMode.java:10)\n\tat io.cucumber.core.runner.TestStep.executeStep(TestStep.java:85)\n\tat io.cucumber.core.runner.TestStep.run(TestStep.java:57)\n\tat io.cucumber.core.runner.PickleStepTestStep.run(PickleStepTestStep.java:51)\n\tat io.cucumber.core.runner.TestCase.run(TestCase.java:84)\n\tat io.cucumber.core.runner.Runner.runPickle(Runner.java:75)\n\tat io.cucumber.testng.TestNGCucumberRunner.lambda$runScenario$1(TestNGCucumberRunner.java:132)\n\tat io.cucumber.core.runtime.CucumberExecutionContext.lambda$runTestCase$5(CucumberExecutionContext.java:129)\n\tat io.cucumber.core.runtime.RethrowingThrowableCollector.executeAndThrow(RethrowingThrowableCollector.java:23)\n\tat io.cucumber.core.runtime.CucumberExecutionContext.runTestCase(CucumberExecutionContext.java:129)\n\tat io.cucumber.testng.TestNGCucumberRunner.runScenario(TestNGCucumberRunner.java:129)\n\tat io.cucumber.testng.AbstractTestNGCucumberTests.runScenario(AbstractTestNGCucumberTests.java:35)\n\tat java.base/jdk.internal.reflect.NativeMethodAccessorImpl.invoke0(Native Method)\n\tat java.base/jdk.internal.reflect.NativeMethodAccessorImpl.invoke(NativeMethodAccessorImpl.java:62)\n\tat java.base/jdk.internal.reflect.DelegatingMethodAccessorImpl.invoke(DelegatingMethodAccessorImpl.java:43)\n\tat java.base/java.lang.reflect.Method.invoke(Method.java:566)\n\tat org.testng.internal.invokers.MethodInvocationHelper.invokeMethod(MethodInvocationHelper.java:139)\n\tat org.testng.internal.invokers.TestInvoker.invokeMethod(TestInvoker.java:677)\n\tat org.testng.internal.invokers.TestInvoker.invokeTestMethod(TestInvoker.java:221)\n\tat org.testng.internal.invokers.MethodRunner.runInSequence(MethodRunner.java:50)\n\tat org.testng.internal.invokers.TestInvoker$MethodInvocationAgent.invoke(TestInvoker.java:969)\n\tat org.testng.internal.invokers.TestInvoker.invokeTestMethods(TestInvoker.java:194)\n\tat org.testng.internal.invokers.TestMethodWorker.invokeTestMethods(TestMethodWorker.java:148)\n\tat org.testng.internal.invokers.TestMethodWorker.run(TestMethodWorker.java:128)\n\tat java.base/java.util.ArrayList.forEach(ArrayList.java:1541)\n\tat org.testng.TestRunner.privateRun(TestRunner.java:829)\n\tat org.testng.TestRunner.run(TestRunner.java:602)\n\tat org.testng.SuiteRunner.runTest(SuiteRunner.java:437)\n\tat org.testng.SuiteRunner.runSequentially(SuiteRunner.java:431)\n\tat org.testng.SuiteRunner.privateRun(SuiteRunner.java:391)\n\tat org.testng.SuiteRunner.run(SuiteRunner.java:330)\n\tat org.testng.SuiteRunnerWorker.runSuite(SuiteRunnerWorker.java:52)\n\tat org.testng.SuiteRunnerWorker.run(SuiteRunnerWorker.java:95)\n\tat org.testng.TestNG.runSuitesSequentially(TestNG.java:1256)\n\tat org.testng.TestNG.runSuitesLocally(TestNG.java:1176)\n\tat org.testng.TestNG.runSuites(TestNG.java:1099)\n\tat org.testng.TestNG.run(TestNG.java:1067)\n\tat org.apache.maven.surefire.testng.TestNGExecutor.run(TestNGExecutor.java:324)\n\tat org.apache.maven.surefire.testng.TestNGXmlTestSuite.execute(TestNGXmlTestSuite.java:74)\n\tat org.apache.maven.surefire.testng.TestNGProvider.invoke(TestNGProvider.java:123)\n\tat org.apache.maven.surefire.booter.ForkedBooter.runSuitesInProcess(ForkedBooter.java:456)\n\tat org.apache.maven.surefire.booter.ForkedBooter.execute(ForkedBooter.java:169)\n\tat org.apache.maven.surefire.booter.ForkedBooter.run(ForkedBooter.java:595)\n\tat org.apache.maven.surefire.booter.ForkedBooter.main(ForkedBooter.java:581)\n","steps":[{"name":"Given  open browser","time":{"start":1684311243890,"stop":1684311244123,"duration":233},"status":"broken","statusMessage":"Unable to establish websocket connection to http://localhost:34745/devtools/browser/b55a9330-7e9a-4941-9b79-5541eaaebad7\nBuild info: version: '4.8.0', revision: '267030adea'\nSystem info: os.name: 'Linux', os.arch: 'amd64', os.version: '5.15.0-1037-azure', java.version: '11.0.19'\nDriver info: driver.version: ChromeDriver","statusTrace":"org.openqa.selenium.remote.http.ConnectionFailedException: Unable to establish websocket connection to http://localhost:34745/devtools/browser/b55a9330-7e9a-4941-9b79-5541eaaebad7\nBuild info: version: '4.8.0', revision: '267030adea'\nSystem info: os.name: 'Linux', os.arch: 'amd64', os.version: '5.15.0-1037-azure', java.version: '11.0.19'\nDriver info: driver.version: ChromeDriver\n\tat org.openqa.selenium.remote.http.netty.NettyWebSocket.<init>(NettyWebSocket.java:102)\n\tat org.openqa.selenium.remote.http.netty.NettyWebSocket.lambda$create$3(NettyWebSocket.java:128)\n\tat org.openqa.selenium.remote.http.netty.NettyClient.openSocket(NettyClient.java:107)\n\tat org.openqa.selenium.devtools.Connection.<init>(Connection.java:78)\n\tat org.openqa.selenium.chromium.ChromiumDriver.lambda$new$2(ChromiumDriver.java:116)\n\tat java.base/java.util.Optional.map(Optional.java:265)\n\tat org.openqa.selenium.chromium.ChromiumDriver.<init>(ChromiumDriver.java:114)\n\tat org.openqa.selenium.chrome.ChromeDriver.<init>(ChromeDriver.java:82)\n\tat org.openqa.selenium.chrome.ChromeDriver.<init>(ChromeDriver.java:71)\n\tat cucumberHooks.Hooks.openAndQuitBrowser(Hooks.java:74)\n\tat Steps.MyStepdefs.<init>(MyStepdefs.java:28)\n\tat java.base/jdk.internal.reflect.NativeConstructorAccessorImpl.newInstance0(Native Method)\n\tat java.base/jdk.internal.reflect.NativeConstructorAccessorImpl.newInstance(NativeConstructorAccessorImpl.java:62)\n\tat java.base/jdk.internal.reflect.DelegatingConstructorAccessorImpl.newInstance(DelegatingConstructorAccessorImpl.java:45)\n\tat java.base/java.lang.reflect.Constructor.newInstance(Constructor.java:490)\n\tat org.picocontainer.injectors.AbstractInjector.newInstance(AbstractInjector.java:145)\n\tat org.picocontainer.injectors.ConstructorInjector$1.run(ConstructorInjector.java:342)\n\tat org.picocontainer.injectors.AbstractInjector$ThreadLocalCyclicDependencyGuard.observe(AbstractInjector.java:270)\n\tat org.picocontainer.injectors.ConstructorInjector.getComponentInstance(ConstructorInjector.java:364)\n\tat org.picocontainer.injectors.AbstractInjectionFactory$LifecycleAdapter.getComponentInstance(AbstractInjectionFactory.java:56)\n\tat org.picocontainer.behaviors.AbstractBehavior.getComponentInstance(AbstractBehavior.java:64)\n\tat org.picocontainer.behaviors.Stored.getComponentInstance(Stored.java:91)\n\tat org.picocontainer.DefaultPicoContainer.getInstance(DefaultPicoContainer.java:699)\n\tat org.picocontainer.DefaultPicoContainer.getComponent(DefaultPicoContainer.java:647)\n\tat org.picocontainer.DefaultPicoContainer.getComponent(DefaultPicoContainer.java:678)\n\tat io.cucumber.picocontainer.PicoFactory.getInstance(PicoFactory.java:49)\n\tat io.cucumber.java.AbstractGlueDefinition.invokeMethod(AbstractGlueDefinition.java:47)\n\tat io.cucumber.java.JavaStepDefinition.execute(JavaStepDefinition.java:29)\n\tat io.cucumber.core.runner.CoreStepDefinition.execute(CoreStepDefinition.java:66)\n\tat io.cucumber.core.runner.PickleStepDefinitionMatch.runStep(PickleStepDefinitionMatch.java:63)\n\tat io.cucumber.core.runner.ExecutionMode$1.execute(ExecutionMode.java:10)\n\tat io.cucumber.core.runner.TestStep.executeStep(TestStep.java:85)\n\tat io.cucumber.core.runner.TestStep.run(TestStep.java:57)\n\tat io.cucumber.core.runner.PickleStepTestStep.run(PickleStepTestStep.java:51)\n\tat io.cucumber.core.runner.TestCase.run(TestCase.java:84)\n\tat io.cucumber.core.runner.Runner.runPickle(Runner.java:75)\n\tat io.cucumber.testng.TestNGCucumberRunner.lambda$runScenario$1(TestNGCucumberRunner.java:132)\n\tat io.cucumber.core.runtime.CucumberExecutionContext.lambda$runTestCase$5(CucumberExecutionContext.java:129)\n\tat io.cucumber.core.runtime.RethrowingThrowableCollector.executeAndThrow(RethrowingThrowableCollector.java:23)\n\tat io.cucumber.core.runtime.CucumberExecutionContext.runTestCase(CucumberExecutionContext.java:129)\n\tat io.cucumber.testng.TestNGCucumberRunner.runScenario(TestNGCucumberRunner.java:129)\n\tat io.cucumber.testng.AbstractTestNGCucumberTests.runScenario(AbstractTestNGCucumberTests.java:35)\n\tat java.base/jdk.internal.reflect.NativeMethodAccessorImpl.invoke0(Native Method)\n\tat java.base/jdk.internal.reflect.NativeMethodAccessorImpl.invoke(NativeMethodAccessorImpl.java:62)\n\tat java.base/jdk.internal.reflect.DelegatingMethodAccessorImpl.invoke(DelegatingMethodAccessorImpl.java:43)\n\tat java.base/java.lang.reflect.Method.invoke(Method.java:566)\n\tat org.testng.internal.invokers.MethodInvocationHelper.invokeMethod(MethodInvocationHelper.java:139)\n\tat org.testng.internal.invokers.TestInvoker.invokeMethod(TestInvoker.java:677)\n\tat org.testng.internal.invokers.TestInvoker.invokeTestMethod(TestInvoker.java:221)\n\tat org.testng.internal.invokers.MethodRunner.runInSequence(MethodRunner.java:50)\n\tat org.testng.internal.invokers.TestInvoker$MethodInvocationAgent.invoke(TestInvoker.java:969)\n\tat org.testng.internal.invokers.TestInvoker.invokeTestMethods(TestInvoker.java:194)\n\tat org.testng.internal.invokers.TestMethodWorker.invokeTestMethods(TestMethodWorker.java:148)\n\tat org.testng.internal.invokers.TestMethodWorker.run(TestMethodWorker.java:128)\n\tat java.base/java.util.ArrayList.forEach(ArrayList.java:1541)\n\tat org.testng.TestRunner.privateRun(TestRunner.java:829)\n\tat org.testng.TestRunner.run(TestRunner.java:602)\n\tat org.testng.SuiteRunner.runTest(SuiteRunner.java:437)\n\tat org.testng.SuiteRunner.runSequentially(SuiteRunner.java:431)\n\tat org.testng.SuiteRunner.privateRun(SuiteRunner.java:391)\n\tat org.testng.SuiteRunner.run(SuiteRunner.java:330)\n\tat org.testng.SuiteRunnerWorker.runSuite(SuiteRunnerWorker.java:52)\n\tat org.testng.SuiteRunnerWorker.run(SuiteRunnerWorker.java:95)\n\tat org.testng.TestNG.runSuitesSequentially(TestNG.java:1256)\n\tat org.testng.TestNG.runSuitesLocally(TestNG.java:1176)\n\tat org.testng.TestNG.runSuites(TestNG.java:1099)\n\tat org.testng.TestNG.run(TestNG.java:1067)\n\tat org.apache.maven.surefire.testng.TestNGExecutor.run(TestNGExecutor.java:324)\n\tat org.apache.maven.surefire.testng.TestNGXmlTestSuite.execute(TestNGXmlTestSuite.java:74)\n\tat org.apache.maven.surefire.testng.TestNGProvider.invoke(TestNGProvider.java:123)\n\tat org.apache.maven.surefire.booter.ForkedBooter.runSuitesInProcess(ForkedBooter.java:456)\n\tat org.apache.maven.surefire.booter.ForkedBooter.execute(ForkedBooter.java:169)\n\tat org.apache.maven.surefire.booter.ForkedBooter.run(ForkedBooter.java:595)\n\tat org.apache.maven.surefire.booter.ForkedBooter.main(ForkedBooter.java:581)\n","steps":[],"attachments":[],"parameters":[],"stepsCount":0,"attachmentsCount":0,"shouldDisplayMessage":true,"hasContent":true},{"name":"When  Search \"youtube\"","time":{"start":1684311244125,"stop":1684311244125,"duration":0},"status":"skipped","steps":[],"attachments":[],"parameters":[],"stepsCount":0,"attachmentsCount":0,"shouldDisplayMessage":false,"hasContent":false},{"name":"And  Click search button","time":{"start":1684311244128,"stop":1684311244129,"duration":1},"status":"skipped","steps":[],"attachments":[],"parameters":[],"stepsCount":0,"attachmentsCount":0,"shouldDisplayMessage":false,"hasContent":false},{"name":"Then  See result page","time":{"start":1684311244131,"stop":1684311244131,"duration":0},"status":"skipped","steps":[],"attachments":[],"parameters":[],"stepsCount":0,"attachmentsCount":0,"shouldDisplayMessage":false,"hasContent":false},{"name":"And  URL contains \"youtube\"","time":{"start":1684311244132,"stop":1684311244132,"duration":0},"status":"skipped","steps":[],"attachments":[],"parameters":[],"stepsCount":0,"attachmentsCount":0,"shouldDisplayMessage":false,"hasContent":false}],"attachments":[],"parameters":[],"stepsCount":5,"attachmentsCount":0,"shouldDisplayMessage":false,"hasContent":true},"afterStages":[{"name":"cucumberHooks.Hooks.afterStep(io.cucumber.java.Scenario)","time":{"start":1684311244132,"stop":1684311244133,"duration":1},"status":"broken","statusMessage":"AFTER is failed: null","statusTrace":"java.lang.NullPointerException\n\tat cucumberHooks.Hooks.afterStep(Hooks.java:128)\n","steps":[],"attachments":[],"parameters":[],"stepsCount":0,"attachmentsCount":0,"shouldDisplayMessage":true,"hasContent":true}],"labels":[{"name":"tag","value":"Feature1"},{"name":"tag","value":"Test1"},{"name":"host","value":"fv-az554-892"},{"name":"thread","value":"2327@fv-az554-892.main(1)"},{"name":"feature","value":"test google search"},{"name":"story","value":"search youtube in google"},{"name":"suite","value":"test google search"},{"name":"testClass","value":"search youtube in google"},{"name":"framework","value":"cucumber4jvm"},{"name":"language","value":"java"},{"name":"gherkin_uri","value":"file:///home/runner/work/cucumber-selenium-testNG/cucumber-selenium-testNG/src/test/resources/features/Google.feature"},{"name":"package","value":"src.test.resources.features.Google_feature.test google search"},{"name":"resultFormat","value":"allure2"}],"parameters":[],"links":[],"hidden":false,"retry":false,"extra":{"severity":"normal","retries":[],"categories":[{"name":"Test defects","matchedStatuses":[],"flaky":false}],"history":{"statistic":{"failed":0,"broken":96,"skipped":0,"passed":198,"unknown":0,"total":294},"items":[{"uid":"d30662a50ebe62d1","reportUrl":"https://minhvl1.github.io/cucumber-selenium-testNG/322//#testresult/d30662a50ebe62d1","status":"broken","statusDetails":"Unable to establish websocket connection to http://localhost:44673/devtools/browser/51352afe-3f47-41c3-bb2a-9c0615c96a56\nBuild info: version: '4.8.0', revision: '267030adea'\nSystem info: os.name: 'Linux', os.arch: 'amd64', os.version: '5.15.0-1037-azure', java.version: '11.0.19'\nDriver info: driver.version: ChromeDriver","time":{"start":1684249902488,"stop":1684249902777,"duration":289}},{"uid":"6f3deeeec594ab0b","reportUrl":"https://minhvl1.github.io/cucumber-selenium-testNG/321//#testresult/6f3deeeec594ab0b","status":"broken","statusDetails":"Unable to establish websocket connection to http://localhost:43819/devtools/browser/aa0d1561-eff1-4021-8d88-d15f4aabec70\nBuild info: version: '4.8.0', revision: '267030adea'\nSystem info: os.name: 'Linux', os.arch: 'amd64', os.version: '5.15.0-1037-azure', java.version: '11.0.19'\nDriver info: driver.version: ChromeDriver","time":{"start":1684224851917,"stop":1684224852138,"duration":221}},{"uid":"89cd9192b3c70c71","reportUrl":"https://minhvl1.github.io/cucumber-selenium-testNG/320//#testresult/89cd9192b3c70c71","status":"broken","statusDetails":"Unable to establish websocket connection to http://localhost:45993/devtools/browser/f408502e-71d7-451d-85fd-de20ac228351\nBuild info: version: '4.8.0', revision: '267030adea'\nSystem info: os.name: 'Linux', os.arch: 'amd64', os.version: '5.15.0-1037-azure', java.version: '11.0.19'\nDriver info: driver.version: ChromeDriver","time":{"start":1684163509315,"stop":1684163509569,"duration":254}},{"uid":"b1efbf533fe022b8","reportUrl":"https://minhvl1.github.io/cucumber-selenium-testNG/319//#testresult/b1efbf533fe022b8","status":"broken","statusDetails":"Unable to establish websocket connection to http://localhost:36287/devtools/browser/fdd04490-1780-4e48-8abb-58a4b499ab63\nBuild info: version: '4.8.0', revision: '267030adea'\nSystem info: os.name: 'Linux', os.arch: 'amd64', os.version: '5.15.0-1037-azure', java.version: '11.0.19'\nDriver info: driver.version: ChromeDriver","time":{"start":1684138473654,"stop":1684138473894,"duration":240}},{"uid":"736ce86c5f8e6d7a","reportUrl":"https://minhvl1.github.io/cucumber-selenium-testNG/318//#testresult/736ce86c5f8e6d7a","status":"broken","statusDetails":"Unable to establish websocket connection to http://localhost:40115/devtools/browser/6ea00a7b-08c9-479d-9b0c-33e1405f1a60\nBuild info: version: '4.8.0', revision: '267030adea'\nSystem info: os.name: 'Linux', os.arch: 'amd64', os.version: '5.15.0-1037-azure', java.version: '11.0.19'\nDriver info: driver.version: ChromeDriver","time":{"start":1683904259729,"stop":1683904259986,"duration":257}},{"uid":"b0b6ac0d8dd8178c","reportUrl":"https://minhvl1.github.io/cucumber-selenium-testNG/317//#testresult/b0b6ac0d8dd8178c","status":"broken","statusDetails":"Unable to establish websocket connection to http://localhost:45975/devtools/browser/8e16d333-b311-4a7c-98c7-f01174f590ba\nBuild info: version: '4.8.0', revision: '267030adea'\nSystem info: os.name: 'Linux', os.arch: 'amd64', os.version: '5.15.0-1037-azure', java.version: '11.0.19'\nDriver info: driver.version: ChromeDriver","time":{"start":1683879223955,"stop":1683879224196,"duration":241}},{"uid":"d9a3204c45b0622","reportUrl":"https://minhvl1.github.io/cucumber-selenium-testNG/316//#testresult/d9a3204c45b0622","status":"broken","statusDetails":"Unable to establish websocket connection to http://localhost:34449/devtools/browser/1ac3967f-2c6d-4d8b-987e-fe151a247cdf\nBuild info: version: '4.8.0', revision: '267030adea'\nSystem info: os.name: 'Linux', os.arch: 'amd64', os.version: '5.15.0-1037-azure', java.version: '11.0.19'\nDriver info: driver.version: ChromeDriver","time":{"start":1683817910194,"stop":1683817910483,"duration":289}},{"uid":"bae356adae6007aa","reportUrl":"https://minhvl1.github.io/cucumber-selenium-testNG/315//#testresult/bae356adae6007aa","status":"broken","statusDetails":"Unable to establish websocket connection to http://localhost:33899/devtools/browser/b2646c16-c848-4f20-8635-94ab225a0f9e\nBuild info: version: '4.8.0', revision: '267030adea'\nSystem info: os.name: 'Linux', os.arch: 'amd64', os.version: '5.15.0-1037-azure', java.version: '11.0.19'\nDriver info: driver.version: ChromeDriver","time":{"start":1683792855028,"stop":1683792855319,"duration":291}},{"uid":"a11359ee7f74bf54","reportUrl":"https://minhvl1.github.io/cucumber-selenium-testNG/314//#testresult/a11359ee7f74bf54","status":"broken","statusDetails":"Unable to establish websocket connection to http://localhost:35221/devtools/browser/bb943380-3a84-4740-8457-f4aff584e298\nBuild info: version: '4.8.0', revision: '267030adea'\nSystem info: os.name: 'Linux', os.arch: 'amd64', os.version: '5.15.0-1037-azure', java.version: '11.0.19'\nDriver info: driver.version: ChromeDriver","time":{"start":1683731472546,"stop":1683731472796,"duration":250}},{"uid":"5a6989c4b7785b2","reportUrl":"https://minhvl1.github.io/cucumber-selenium-testNG/313//#testresult/5a6989c4b7785b2","status":"broken","statusDetails":"Unable to establish websocket connection to http://localhost:37441/devtools/browser/fffd50ce-d9bb-43ac-9417-23a1f1d44a9b\nBuild info: version: '4.8.0', revision: '267030adea'\nSystem info: os.name: 'Linux', os.arch: 'amd64', os.version: '5.15.0-1036-azure', java.version: '11.0.19'\nDriver info: driver.version: ChromeDriver","time":{"start":1683706443656,"stop":1683706443892,"duration":236}},{"uid":"9b9cc8017c3bc9e8","reportUrl":"https://minhvl1.github.io/cucumber-selenium-testNG/312//#testresult/9b9cc8017c3bc9e8","status":"broken","statusDetails":"Unable to establish websocket connection to http://localhost:36057/devtools/browser/bf330ec2-24b8-4df7-ad65-caf09defa64a\nBuild info: version: '4.8.0', revision: '267030adea'\nSystem info: os.name: 'Linux', os.arch: 'amd64', os.version: '5.15.0-1036-azure', java.version: '11.0.19'\nDriver info: driver.version: ChromeDriver","time":{"start":1683645142497,"stop":1683645142786,"duration":289}},{"uid":"b7fb3e0fce36fea0","reportUrl":"https://minhvl1.github.io/cucumber-selenium-testNG/311//#testresult/b7fb3e0fce36fea0","status":"broken","statusDetails":"Unable to establish websocket connection to http://localhost:34175/devtools/browser/4f77e580-79ab-4686-8d78-62d9ee009c39\nBuild info: version: '4.8.0', revision: '267030adea'\nSystem info: os.name: 'Linux', os.arch: 'amd64', os.version: '5.15.0-1036-azure', java.version: '11.0.19'\nDriver info: driver.version: ChromeDriver","time":{"start":1683620063067,"stop":1683620063347,"duration":280}},{"uid":"6dc987b3af1c1f2","reportUrl":"https://minhvl1.github.io/cucumber-selenium-testNG/310//#testresult/6dc987b3af1c1f2","status":"broken","statusDetails":"Unable to establish websocket connection to http://localhost:34827/devtools/browser/b0a92e40-32e9-401e-a65b-c4f5ad8e3322\nBuild info: version: '4.8.0', revision: '267030adea'\nSystem info: os.name: 'Linux', os.arch: 'amd64', os.version: '5.15.0-1036-azure', java.version: '11.0.19'\nDriver info: driver.version: ChromeDriver","time":{"start":1683558713738,"stop":1683558713979,"duration":241}},{"uid":"5cc2722da37f35c8","reportUrl":"https://minhvl1.github.io/cucumber-selenium-testNG/309//#testresult/5cc2722da37f35c8","status":"broken","statusDetails":"Unable to establish websocket connection to http://localhost:41759/devtools/browser/c7cee68b-190c-4a63-a939-5bad42a9dc65\nBuild info: version: '4.8.0', revision: '267030adea'\nSystem info: os.name: 'Linux', os.arch: 'amd64', os.version: '5.15.0-1036-azure', java.version: '11.0.19'\nDriver info: driver.version: ChromeDriver","time":{"start":1683533685964,"stop":1683533686189,"duration":225}},{"uid":"24afcc4e640d28f5","reportUrl":"https://minhvl1.github.io/cucumber-selenium-testNG/308//#testresult/24afcc4e640d28f5","status":"broken","statusDetails":"Unable to establish websocket connection to http://localhost:36625/devtools/browser/5f75c8ee-5252-4690-ac5e-0750ea25de40\nBuild info: version: '4.8.0', revision: '267030adea'\nSystem info: os.name: 'Linux', os.arch: 'amd64', os.version: '5.15.0-1036-azure', java.version: '11.0.19'\nDriver info: driver.version: ChromeDriver","time":{"start":1683299488339,"stop":1683299488566,"duration":227}},{"uid":"e3c87c3f89781f8a","reportUrl":"https://minhvl1.github.io/cucumber-selenium-testNG/307//#testresult/e3c87c3f89781f8a","status":"broken","statusDetails":"Unable to establish websocket connection to http://localhost:33649/devtools/browser/9223b7bb-a5c8-4597-93d9-4fb7b347f578\nBuild info: version: '4.8.0', revision: '267030adea'\nSystem info: os.name: 'Linux', os.arch: 'amd64', os.version: '5.15.0-1036-azure', java.version: '11.0.19'\nDriver info: driver.version: ChromeDriver","time":{"start":1683274445955,"stop":1683274446251,"duration":296}},{"uid":"104ad6bc2e1aa600","reportUrl":"https://minhvl1.github.io/cucumber-selenium-testNG/306//#testresult/104ad6bc2e1aa600","status":"broken","statusDetails":"Unable to establish websocket connection to http://localhost:32797/devtools/browser/8343e32d-47bd-435d-8a53-884f499e7007\nBuild info: version: '4.8.0', revision: '267030adea'\nSystem info: os.name: 'Linux', os.arch: 'amd64', os.version: '5.15.0-1036-azure', java.version: '11.0.19'\nDriver info: driver.version: ChromeDriver","time":{"start":1683213128752,"stop":1683213129032,"duration":280}},{"uid":"9417e7e9eb2dab3","reportUrl":"https://minhvl1.github.io/cucumber-selenium-testNG/305//#testresult/9417e7e9eb2dab3","status":"broken","statusDetails":"Unable to establish websocket connection to http://localhost:39745/devtools/browser/c3584dcc-abce-4357-8855-9fcf850d8abb\nBuild info: version: '4.8.0', revision: '267030adea'\nSystem info: os.name: 'Linux', os.arch: 'amd64', os.version: '5.15.0-1036-azure', java.version: '11.0.19'\nDriver info: driver.version: ChromeDriver","time":{"start":1683188059740,"stop":1683188059961,"duration":221}},{"uid":"6281b0e564ba2e","reportUrl":"https://minhvl1.github.io/cucumber-selenium-testNG/304//#testresult/6281b0e564ba2e","status":"broken","statusDetails":"Unable to establish websocket connection to http://localhost:38421/devtools/browser/e1248959-b51a-41cc-b76e-db0a11d310f2\nBuild info: version: '4.8.0', revision: '267030adea'\nSystem info: os.name: 'Linux', os.arch: 'amd64', os.version: '5.15.0-1036-azure', java.version: '11.0.19'\nDriver info: driver.version: ChromeDriver","time":{"start":1683126719773,"stop":1683126720075,"duration":302}},{"uid":"555051bfcec5a4ec","reportUrl":"https://minhvl1.github.io/cucumber-selenium-testNG/303//#testresult/555051bfcec5a4ec","status":"broken","statusDetails":"Unable to establish websocket connection to http://localhost:32789/devtools/browser/57a3aefc-6cc4-4aa4-b780-19de625bf117\nBuild info: version: '4.8.0', revision: '267030adea'\nSystem info: os.name: 'Linux', os.arch: 'amd64', os.version: '5.15.0-1036-azure', java.version: '11.0.19'\nDriver info: driver.version: ChromeDriver","time":{"start":1683101621561,"stop":1683101621795,"duration":234}}]},"tags":["Test1","Feature1"]},"source":"ce3f402ad0eb8458.json","parameterValues":[]}