{"uid":"5cc2722da37f35c8","name":"search youtube in google","fullName":"test google search: search youtube in google","historyId":"e407f5e92ab478fb805f6609e78f9351","time":{"start":1683533685964,"stop":1683533686189,"duration":225},"status":"broken","statusMessage":"Unable to establish websocket connection to http://localhost:41759/devtools/browser/c7cee68b-190c-4a63-a939-5bad42a9dc65\nBuild info: version: '4.8.0', revision: '267030adea'\nSystem info: os.name: 'Linux', os.arch: 'amd64', os.version: '5.15.0-1036-azure', java.version: '11.0.19'\nDriver info: driver.version: ChromeDriver","statusTrace":"org.openqa.selenium.remote.http.ConnectionFailedException: Unable to establish websocket connection to http://localhost:41759/devtools/browser/c7cee68b-190c-4a63-a939-5bad42a9dc65\nBuild info: version: '4.8.0', revision: '267030adea'\nSystem info: os.name: 'Linux', os.arch: 'amd64', os.version: '5.15.0-1036-azure', java.version: '11.0.19'\nDriver info: driver.version: ChromeDriver\n\tat org.openqa.selenium.remote.http.netty.NettyWebSocket.<init>(NettyWebSocket.java:102)\n\tat org.openqa.selenium.remote.http.netty.NettyWebSocket.lambda$create$3(NettyWebSocket.java:128)\n\tat org.openqa.selenium.remote.http.netty.NettyClient.openSocket(NettyClient.java:107)\n\tat org.openqa.selenium.devtools.Connection.<init>(Connection.java:78)\n\tat org.openqa.selenium.chromium.ChromiumDriver.lambda$new$2(ChromiumDriver.java:116)\n\tat java.base/java.util.Optional.map(Optional.java:265)\n\tat org.openqa.selenium.chromium.ChromiumDriver.<init>(ChromiumDriver.java:114)\n\tat org.openqa.selenium.chrome.ChromeDriver.<init>(ChromeDriver.java:82)\n\tat org.openqa.selenium.chrome.ChromeDriver.<init>(ChromeDriver.java:71)\n\tat cucumberHooks.Hooks.openAndQuitBrowser(Hooks.java:74)\n\tat Steps.MyStepdefs.<init>(MyStepdefs.java:28)\n\tat java.base/jdk.internal.reflect.NativeConstructorAccessorImpl.newInstance0(Native Method)\n\tat java.base/jdk.internal.reflect.NativeConstructorAccessorImpl.newInstance(NativeConstructorAccessorImpl.java:62)\n\tat java.base/jdk.internal.reflect.DelegatingConstructorAccessorImpl.newInstance(DelegatingConstructorAccessorImpl.java:45)\n\tat java.base/java.lang.reflect.Constructor.newInstance(Constructor.java:490)\n\tat org.picocontainer.injectors.AbstractInjector.newInstance(AbstractInjector.java:145)\n\tat org.picocontainer.injectors.ConstructorInjector$1.run(ConstructorInjector.java:342)\n\tat org.picocontainer.injectors.AbstractInjector$ThreadLocalCyclicDependencyGuard.observe(AbstractInjector.java:270)\n\tat org.picocontainer.injectors.ConstructorInjector.getComponentInstance(ConstructorInjector.java:364)\n\tat org.picocontainer.injectors.AbstractInjectionFactory$LifecycleAdapter.getComponentInstance(AbstractInjectionFactory.java:56)\n\tat org.picocontainer.behaviors.AbstractBehavior.getComponentInstance(AbstractBehavior.java:64)\n\tat org.picocontainer.behaviors.Stored.getComponentInstance(Stored.java:91)\n\tat org.picocontainer.DefaultPicoContainer.getInstance(DefaultPicoContainer.java:699)\n\tat org.picocontainer.DefaultPicoContainer.getComponent(DefaultPicoContainer.java:647)\n\tat org.picocontainer.DefaultPicoContainer.getComponent(DefaultPicoContainer.java:678)\n\tat io.cucumber.picocontainer.PicoFactory.getInstance(PicoFactory.java:49)\n\tat io.cucumber.java.AbstractGlueDefinition.invokeMethod(AbstractGlueDefinition.java:47)\n\tat io.cucumber.java.JavaStepDefinition.execute(JavaStepDefinition.java:29)\n\tat io.cucumber.core.runner.CoreStepDefinition.execute(CoreStepDefinition.java:66)\n\tat io.cucumber.core.runner.PickleStepDefinitionMatch.runStep(PickleStepDefinitionMatch.java:63)\n\tat io.cucumber.core.runner.ExecutionMode$1.execute(ExecutionMode.java:10)\n\tat io.cucumber.core.runner.TestStep.executeStep(TestStep.java:85)\n\tat io.cucumber.core.runner.TestStep.run(TestStep.java:57)\n\tat io.cucumber.core.runner.PickleStepTestStep.run(PickleStepTestStep.java:51)\n\tat io.cucumber.core.runner.TestCase.run(TestCase.java:84)\n\tat io.cucumber.core.runner.Runner.runPickle(Runner.java:75)\n\tat io.cucumber.testng.TestNGCucumberRunner.lambda$runScenario$1(TestNGCucumberRunner.java:132)\n\tat io.cucumber.core.runtime.CucumberExecutionContext.lambda$runTestCase$5(CucumberExecutionContext.java:129)\n\tat io.cucumber.core.runtime.RethrowingThrowableCollector.executeAndThrow(RethrowingThrowableCollector.java:23)\n\tat io.cucumber.core.runtime.CucumberExecutionContext.runTestCase(CucumberExecutionContext.java:129)\n\tat io.cucumber.testng.TestNGCucumberRunner.runScenario(TestNGCucumberRunner.java:129)\n\tat io.cucumber.testng.AbstractTestNGCucumberTests.runScenario(AbstractTestNGCucumberTests.java:35)\n\tat java.base/jdk.internal.reflect.NativeMethodAccessorImpl.invoke0(Native Method)\n\tat java.base/jdk.internal.reflect.NativeMethodAccessorImpl.invoke(NativeMethodAccessorImpl.java:62)\n\tat java.base/jdk.internal.reflect.DelegatingMethodAccessorImpl.invoke(DelegatingMethodAccessorImpl.java:43)\n\tat java.base/java.lang.reflect.Method.invoke(Method.java:566)\n\tat org.testng.internal.invokers.MethodInvocationHelper.invokeMethod(MethodInvocationHelper.java:139)\n\tat org.testng.internal.invokers.TestInvoker.invokeMethod(TestInvoker.java:677)\n\tat org.testng.internal.invokers.TestInvoker.invokeTestMethod(TestInvoker.java:221)\n\tat org.testng.internal.invokers.MethodRunner.runInSequence(MethodRunner.java:50)\n\tat org.testng.internal.invokers.TestInvoker$MethodInvocationAgent.invoke(TestInvoker.java:969)\n\tat org.testng.internal.invokers.TestInvoker.invokeTestMethods(TestInvoker.java:194)\n\tat org.testng.internal.invokers.TestMethodWorker.invokeTestMethods(TestMethodWorker.java:148)\n\tat org.testng.internal.invokers.TestMethodWorker.run(TestMethodWorker.java:128)\n\tat java.base/java.util.ArrayList.forEach(ArrayList.java:1541)\n\tat org.testng.TestRunner.privateRun(TestRunner.java:829)\n\tat org.testng.TestRunner.run(TestRunner.java:602)\n\tat org.testng.SuiteRunner.runTest(SuiteRunner.java:437)\n\tat org.testng.SuiteRunner.runSequentially(SuiteRunner.java:431)\n\tat org.testng.SuiteRunner.privateRun(SuiteRunner.java:391)\n\tat org.testng.SuiteRunner.run(SuiteRunner.java:330)\n\tat org.testng.SuiteRunnerWorker.runSuite(SuiteRunnerWorker.java:52)\n\tat org.testng.SuiteRunnerWorker.run(SuiteRunnerWorker.java:95)\n\tat org.testng.TestNG.runSuitesSequentially(TestNG.java:1256)\n\tat org.testng.TestNG.runSuitesLocally(TestNG.java:1176)\n\tat org.testng.TestNG.runSuites(TestNG.java:1099)\n\tat org.testng.TestNG.run(TestNG.java:1067)\n\tat org.apache.maven.surefire.testng.TestNGExecutor.run(TestNGExecutor.java:324)\n\tat org.apache.maven.surefire.testng.TestNGXmlTestSuite.execute(TestNGXmlTestSuite.java:74)\n\tat org.apache.maven.surefire.testng.TestNGProvider.invoke(TestNGProvider.java:123)\n\tat org.apache.maven.surefire.booter.ForkedBooter.runSuitesInProcess(ForkedBooter.java:456)\n\tat org.apache.maven.surefire.booter.ForkedBooter.execute(ForkedBooter.java:169)\n\tat org.apache.maven.surefire.booter.ForkedBooter.run(ForkedBooter.java:595)\n\tat org.apache.maven.surefire.booter.ForkedBooter.main(ForkedBooter.java:581)\n","flaky":false,"newFailed":false,"newBroken":false,"newPassed":false,"retriesCount":0,"retriesStatusChange":false,"beforeStages":[],"testStage":{"status":"broken","statusMessage":"Unable to establish websocket connection to http://localhost:41759/devtools/browser/c7cee68b-190c-4a63-a939-5bad42a9dc65\nBuild info: version: '4.8.0', revision: '267030adea'\nSystem info: os.name: 'Linux', os.arch: 'amd64', os.version: '5.15.0-1036-azure', java.version: '11.0.19'\nDriver info: driver.version: ChromeDriver","statusTrace":"org.openqa.selenium.remote.http.ConnectionFailedException: Unable to establish websocket connection to http://localhost:41759/devtools/browser/c7cee68b-190c-4a63-a939-5bad42a9dc65\nBuild info: version: '4.8.0', revision: '267030adea'\nSystem info: os.name: 'Linux', os.arch: 'amd64', os.version: '5.15.0-1036-azure', java.version: '11.0.19'\nDriver info: driver.version: ChromeDriver\n\tat org.openqa.selenium.remote.http.netty.NettyWebSocket.<init>(NettyWebSocket.java:102)\n\tat org.openqa.selenium.remote.http.netty.NettyWebSocket.lambda$create$3(NettyWebSocket.java:128)\n\tat org.openqa.selenium.remote.http.netty.NettyClient.openSocket(NettyClient.java:107)\n\tat org.openqa.selenium.devtools.Connection.<init>(Connection.java:78)\n\tat org.openqa.selenium.chromium.ChromiumDriver.lambda$new$2(ChromiumDriver.java:116)\n\tat java.base/java.util.Optional.map(Optional.java:265)\n\tat org.openqa.selenium.chromium.ChromiumDriver.<init>(ChromiumDriver.java:114)\n\tat org.openqa.selenium.chrome.ChromeDriver.<init>(ChromeDriver.java:82)\n\tat org.openqa.selenium.chrome.ChromeDriver.<init>(ChromeDriver.java:71)\n\tat cucumberHooks.Hooks.openAndQuitBrowser(Hooks.java:74)\n\tat Steps.MyStepdefs.<init>(MyStepdefs.java:28)\n\tat java.base/jdk.internal.reflect.NativeConstructorAccessorImpl.newInstance0(Native Method)\n\tat java.base/jdk.internal.reflect.NativeConstructorAccessorImpl.newInstance(NativeConstructorAccessorImpl.java:62)\n\tat java.base/jdk.internal.reflect.DelegatingConstructorAccessorImpl.newInstance(DelegatingConstructorAccessorImpl.java:45)\n\tat java.base/java.lang.reflect.Constructor.newInstance(Constructor.java:490)\n\tat org.picocontainer.injectors.AbstractInjector.newInstance(AbstractInjector.java:145)\n\tat org.picocontainer.injectors.ConstructorInjector$1.run(ConstructorInjector.java:342)\n\tat org.picocontainer.injectors.AbstractInjector$ThreadLocalCyclicDependencyGuard.observe(AbstractInjector.java:270)\n\tat org.picocontainer.injectors.ConstructorInjector.getComponentInstance(ConstructorInjector.java:364)\n\tat org.picocontainer.injectors.AbstractInjectionFactory$LifecycleAdapter.getComponentInstance(AbstractInjectionFactory.java:56)\n\tat org.picocontainer.behaviors.AbstractBehavior.getComponentInstance(AbstractBehavior.java:64)\n\tat org.picocontainer.behaviors.Stored.getComponentInstance(Stored.java:91)\n\tat org.picocontainer.DefaultPicoContainer.getInstance(DefaultPicoContainer.java:699)\n\tat org.picocontainer.DefaultPicoContainer.getComponent(DefaultPicoContainer.java:647)\n\tat org.picocontainer.DefaultPicoContainer.getComponent(DefaultPicoContainer.java:678)\n\tat io.cucumber.picocontainer.PicoFactory.getInstance(PicoFactory.java:49)\n\tat io.cucumber.java.AbstractGlueDefinition.invokeMethod(AbstractGlueDefinition.java:47)\n\tat io.cucumber.java.JavaStepDefinition.execute(JavaStepDefinition.java:29)\n\tat io.cucumber.core.runner.CoreStepDefinition.execute(CoreStepDefinition.java:66)\n\tat io.cucumber.core.runner.PickleStepDefinitionMatch.runStep(PickleStepDefinitionMatch.java:63)\n\tat io.cucumber.core.runner.ExecutionMode$1.execute(ExecutionMode.java:10)\n\tat io.cucumber.core.runner.TestStep.executeStep(TestStep.java:85)\n\tat io.cucumber.core.runner.TestStep.run(TestStep.java:57)\n\tat io.cucumber.core.runner.PickleStepTestStep.run(PickleStepTestStep.java:51)\n\tat io.cucumber.core.runner.TestCase.run(TestCase.java:84)\n\tat io.cucumber.core.runner.Runner.runPickle(Runner.java:75)\n\tat io.cucumber.testng.TestNGCucumberRunner.lambda$runScenario$1(TestNGCucumberRunner.java:132)\n\tat io.cucumber.core.runtime.CucumberExecutionContext.lambda$runTestCase$5(CucumberExecutionContext.java:129)\n\tat io.cucumber.core.runtime.RethrowingThrowableCollector.executeAndThrow(RethrowingThrowableCollector.java:23)\n\tat io.cucumber.core.runtime.CucumberExecutionContext.runTestCase(CucumberExecutionContext.java:129)\n\tat io.cucumber.testng.TestNGCucumberRunner.runScenario(TestNGCucumberRunner.java:129)\n\tat io.cucumber.testng.AbstractTestNGCucumberTests.runScenario(AbstractTestNGCucumberTests.java:35)\n\tat java.base/jdk.internal.reflect.NativeMethodAccessorImpl.invoke0(Native Method)\n\tat java.base/jdk.internal.reflect.NativeMethodAccessorImpl.invoke(NativeMethodAccessorImpl.java:62)\n\tat java.base/jdk.internal.reflect.DelegatingMethodAccessorImpl.invoke(DelegatingMethodAccessorImpl.java:43)\n\tat java.base/java.lang.reflect.Method.invoke(Method.java:566)\n\tat org.testng.internal.invokers.MethodInvocationHelper.invokeMethod(MethodInvocationHelper.java:139)\n\tat org.testng.internal.invokers.TestInvoker.invokeMethod(TestInvoker.java:677)\n\tat org.testng.internal.invokers.TestInvoker.invokeTestMethod(TestInvoker.java:221)\n\tat org.testng.internal.invokers.MethodRunner.runInSequence(MethodRunner.java:50)\n\tat org.testng.internal.invokers.TestInvoker$MethodInvocationAgent.invoke(TestInvoker.java:969)\n\tat org.testng.internal.invokers.TestInvoker.invokeTestMethods(TestInvoker.java:194)\n\tat org.testng.internal.invokers.TestMethodWorker.invokeTestMethods(TestMethodWorker.java:148)\n\tat org.testng.internal.invokers.TestMethodWorker.run(TestMethodWorker.java:128)\n\tat java.base/java.util.ArrayList.forEach(ArrayList.java:1541)\n\tat org.testng.TestRunner.privateRun(TestRunner.java:829)\n\tat org.testng.TestRunner.run(TestRunner.java:602)\n\tat org.testng.SuiteRunner.runTest(SuiteRunner.java:437)\n\tat org.testng.SuiteRunner.runSequentially(SuiteRunner.java:431)\n\tat org.testng.SuiteRunner.privateRun(SuiteRunner.java:391)\n\tat org.testng.SuiteRunner.run(SuiteRunner.java:330)\n\tat org.testng.SuiteRunnerWorker.runSuite(SuiteRunnerWorker.java:52)\n\tat org.testng.SuiteRunnerWorker.run(SuiteRunnerWorker.java:95)\n\tat org.testng.TestNG.runSuitesSequentially(TestNG.java:1256)\n\tat org.testng.TestNG.runSuitesLocally(TestNG.java:1176)\n\tat org.testng.TestNG.runSuites(TestNG.java:1099)\n\tat org.testng.TestNG.run(TestNG.java:1067)\n\tat org.apache.maven.surefire.testng.TestNGExecutor.run(TestNGExecutor.java:324)\n\tat org.apache.maven.surefire.testng.TestNGXmlTestSuite.execute(TestNGXmlTestSuite.java:74)\n\tat org.apache.maven.surefire.testng.TestNGProvider.invoke(TestNGProvider.java:123)\n\tat org.apache.maven.surefire.booter.ForkedBooter.runSuitesInProcess(ForkedBooter.java:456)\n\tat org.apache.maven.surefire.booter.ForkedBooter.execute(ForkedBooter.java:169)\n\tat org.apache.maven.surefire.booter.ForkedBooter.run(ForkedBooter.java:595)\n\tat org.apache.maven.surefire.booter.ForkedBooter.main(ForkedBooter.java:581)\n","steps":[{"name":"Given  open browser","time":{"start":1683533685966,"stop":1683533686183,"duration":217},"status":"broken","statusMessage":"Unable to establish websocket connection to http://localhost:41759/devtools/browser/c7cee68b-190c-4a63-a939-5bad42a9dc65\nBuild info: version: '4.8.0', revision: '267030adea'\nSystem info: os.name: 'Linux', os.arch: 'amd64', os.version: '5.15.0-1036-azure', java.version: '11.0.19'\nDriver info: driver.version: ChromeDriver","statusTrace":"org.openqa.selenium.remote.http.ConnectionFailedException: Unable to establish websocket connection to http://localhost:41759/devtools/browser/c7cee68b-190c-4a63-a939-5bad42a9dc65\nBuild info: version: '4.8.0', revision: '267030adea'\nSystem info: os.name: 'Linux', os.arch: 'amd64', os.version: '5.15.0-1036-azure', java.version: '11.0.19'\nDriver info: driver.version: ChromeDriver\n\tat org.openqa.selenium.remote.http.netty.NettyWebSocket.<init>(NettyWebSocket.java:102)\n\tat org.openqa.selenium.remote.http.netty.NettyWebSocket.lambda$create$3(NettyWebSocket.java:128)\n\tat org.openqa.selenium.remote.http.netty.NettyClient.openSocket(NettyClient.java:107)\n\tat org.openqa.selenium.devtools.Connection.<init>(Connection.java:78)\n\tat org.openqa.selenium.chromium.ChromiumDriver.lambda$new$2(ChromiumDriver.java:116)\n\tat java.base/java.util.Optional.map(Optional.java:265)\n\tat org.openqa.selenium.chromium.ChromiumDriver.<init>(ChromiumDriver.java:114)\n\tat org.openqa.selenium.chrome.ChromeDriver.<init>(ChromeDriver.java:82)\n\tat org.openqa.selenium.chrome.ChromeDriver.<init>(ChromeDriver.java:71)\n\tat cucumberHooks.Hooks.openAndQuitBrowser(Hooks.java:74)\n\tat Steps.MyStepdefs.<init>(MyStepdefs.java:28)\n\tat java.base/jdk.internal.reflect.NativeConstructorAccessorImpl.newInstance0(Native Method)\n\tat java.base/jdk.internal.reflect.NativeConstructorAccessorImpl.newInstance(NativeConstructorAccessorImpl.java:62)\n\tat java.base/jdk.internal.reflect.DelegatingConstructorAccessorImpl.newInstance(DelegatingConstructorAccessorImpl.java:45)\n\tat java.base/java.lang.reflect.Constructor.newInstance(Constructor.java:490)\n\tat org.picocontainer.injectors.AbstractInjector.newInstance(AbstractInjector.java:145)\n\tat org.picocontainer.injectors.ConstructorInjector$1.run(ConstructorInjector.java:342)\n\tat org.picocontainer.injectors.AbstractInjector$ThreadLocalCyclicDependencyGuard.observe(AbstractInjector.java:270)\n\tat org.picocontainer.injectors.ConstructorInjector.getComponentInstance(ConstructorInjector.java:364)\n\tat org.picocontainer.injectors.AbstractInjectionFactory$LifecycleAdapter.getComponentInstance(AbstractInjectionFactory.java:56)\n\tat org.picocontainer.behaviors.AbstractBehavior.getComponentInstance(AbstractBehavior.java:64)\n\tat org.picocontainer.behaviors.Stored.getComponentInstance(Stored.java:91)\n\tat org.picocontainer.DefaultPicoContainer.getInstance(DefaultPicoContainer.java:699)\n\tat org.picocontainer.DefaultPicoContainer.getComponent(DefaultPicoContainer.java:647)\n\tat org.picocontainer.DefaultPicoContainer.getComponent(DefaultPicoContainer.java:678)\n\tat io.cucumber.picocontainer.PicoFactory.getInstance(PicoFactory.java:49)\n\tat io.cucumber.java.AbstractGlueDefinition.invokeMethod(AbstractGlueDefinition.java:47)\n\tat io.cucumber.java.JavaStepDefinition.execute(JavaStepDefinition.java:29)\n\tat io.cucumber.core.runner.CoreStepDefinition.execute(CoreStepDefinition.java:66)\n\tat io.cucumber.core.runner.PickleStepDefinitionMatch.runStep(PickleStepDefinitionMatch.java:63)\n\tat io.cucumber.core.runner.ExecutionMode$1.execute(ExecutionMode.java:10)\n\tat io.cucumber.core.runner.TestStep.executeStep(TestStep.java:85)\n\tat io.cucumber.core.runner.TestStep.run(TestStep.java:57)\n\tat io.cucumber.core.runner.PickleStepTestStep.run(PickleStepTestStep.java:51)\n\tat io.cucumber.core.runner.TestCase.run(TestCase.java:84)\n\tat io.cucumber.core.runner.Runner.runPickle(Runner.java:75)\n\tat io.cucumber.testng.TestNGCucumberRunner.lambda$runScenario$1(TestNGCucumberRunner.java:132)\n\tat io.cucumber.core.runtime.CucumberExecutionContext.lambda$runTestCase$5(CucumberExecutionContext.java:129)\n\tat io.cucumber.core.runtime.RethrowingThrowableCollector.executeAndThrow(RethrowingThrowableCollector.java:23)\n\tat io.cucumber.core.runtime.CucumberExecutionContext.runTestCase(CucumberExecutionContext.java:129)\n\tat io.cucumber.testng.TestNGCucumberRunner.runScenario(TestNGCucumberRunner.java:129)\n\tat io.cucumber.testng.AbstractTestNGCucumberTests.runScenario(AbstractTestNGCucumberTests.java:35)\n\tat java.base/jdk.internal.reflect.NativeMethodAccessorImpl.invoke0(Native Method)\n\tat java.base/jdk.internal.reflect.NativeMethodAccessorImpl.invoke(NativeMethodAccessorImpl.java:62)\n\tat java.base/jdk.internal.reflect.DelegatingMethodAccessorImpl.invoke(DelegatingMethodAccessorImpl.java:43)\n\tat java.base/java.lang.reflect.Method.invoke(Method.java:566)\n\tat org.testng.internal.invokers.MethodInvocationHelper.invokeMethod(MethodInvocationHelper.java:139)\n\tat org.testng.internal.invokers.TestInvoker.invokeMethod(TestInvoker.java:677)\n\tat org.testng.internal.invokers.TestInvoker.invokeTestMethod(TestInvoker.java:221)\n\tat org.testng.internal.invokers.MethodRunner.runInSequence(MethodRunner.java:50)\n\tat org.testng.internal.invokers.TestInvoker$MethodInvocationAgent.invoke(TestInvoker.java:969)\n\tat org.testng.internal.invokers.TestInvoker.invokeTestMethods(TestInvoker.java:194)\n\tat org.testng.internal.invokers.TestMethodWorker.invokeTestMethods(TestMethodWorker.java:148)\n\tat org.testng.internal.invokers.TestMethodWorker.run(TestMethodWorker.java:128)\n\tat java.base/java.util.ArrayList.forEach(ArrayList.java:1541)\n\tat org.testng.TestRunner.privateRun(TestRunner.java:829)\n\tat org.testng.TestRunner.run(TestRunner.java:602)\n\tat org.testng.SuiteRunner.runTest(SuiteRunner.java:437)\n\tat org.testng.SuiteRunner.runSequentially(SuiteRunner.java:431)\n\tat org.testng.SuiteRunner.privateRun(SuiteRunner.java:391)\n\tat org.testng.SuiteRunner.run(SuiteRunner.java:330)\n\tat org.testng.SuiteRunnerWorker.runSuite(SuiteRunnerWorker.java:52)\n\tat org.testng.SuiteRunnerWorker.run(SuiteRunnerWorker.java:95)\n\tat org.testng.TestNG.runSuitesSequentially(TestNG.java:1256)\n\tat org.testng.TestNG.runSuitesLocally(TestNG.java:1176)\n\tat org.testng.TestNG.runSuites(TestNG.java:1099)\n\tat org.testng.TestNG.run(TestNG.java:1067)\n\tat org.apache.maven.surefire.testng.TestNGExecutor.run(TestNGExecutor.java:324)\n\tat org.apache.maven.surefire.testng.TestNGXmlTestSuite.execute(TestNGXmlTestSuite.java:74)\n\tat org.apache.maven.surefire.testng.TestNGProvider.invoke(TestNGProvider.java:123)\n\tat org.apache.maven.surefire.booter.ForkedBooter.runSuitesInProcess(ForkedBooter.java:456)\n\tat org.apache.maven.surefire.booter.ForkedBooter.execute(ForkedBooter.java:169)\n\tat org.apache.maven.surefire.booter.ForkedBooter.run(ForkedBooter.java:595)\n\tat org.apache.maven.surefire.booter.ForkedBooter.main(ForkedBooter.java:581)\n","steps":[],"attachments":[],"parameters":[],"stepsCount":0,"attachmentsCount":0,"shouldDisplayMessage":true,"hasContent":true},{"name":"When  Search \"youtube\"","time":{"start":1683533686185,"stop":1683533686185,"duration":0},"status":"skipped","steps":[],"attachments":[],"parameters":[],"stepsCount":0,"attachmentsCount":0,"shouldDisplayMessage":false,"hasContent":false},{"name":"And  Click search button","time":{"start":1683533686185,"stop":1683533686186,"duration":1},"status":"skipped","steps":[],"attachments":[],"parameters":[],"stepsCount":0,"attachmentsCount":0,"shouldDisplayMessage":false,"hasContent":false},{"name":"Then  See result page","time":{"start":1683533686186,"stop":1683533686187,"duration":1},"status":"skipped","steps":[],"attachments":[],"parameters":[],"stepsCount":0,"attachmentsCount":0,"shouldDisplayMessage":false,"hasContent":false},{"name":"And  URL contains \"youtube\"","time":{"start":1683533686187,"stop":1683533686187,"duration":0},"status":"skipped","steps":[],"attachments":[],"parameters":[],"stepsCount":0,"attachmentsCount":0,"shouldDisplayMessage":false,"hasContent":false}],"attachments":[],"parameters":[],"stepsCount":5,"attachmentsCount":0,"shouldDisplayMessage":false,"hasContent":true},"afterStages":[{"name":"cucumberHooks.Hooks.afterStep(io.cucumber.java.Scenario)","time":{"start":1683533686188,"stop":1683533686188,"duration":0},"status":"broken","statusMessage":"AFTER is failed: null","statusTrace":"java.lang.NullPointerException\n\tat cucumberHooks.Hooks.afterStep(Hooks.java:128)\n","steps":[],"attachments":[],"parameters":[],"stepsCount":0,"attachmentsCount":0,"shouldDisplayMessage":true,"hasContent":true}],"labels":[{"name":"tag","value":"Feature1"},{"name":"tag","value":"Test1"},{"name":"host","value":"fv-az592-637"},{"name":"thread","value":"2325@fv-az592-637.main(1)"},{"name":"feature","value":"test google search"},{"name":"story","value":"search youtube in google"},{"name":"suite","value":"test google search"},{"name":"testClass","value":"search youtube in google"},{"name":"framework","value":"cucumber4jvm"},{"name":"language","value":"java"},{"name":"gherkin_uri","value":"file:///home/runner/work/cucumber-selenium-testNG/cucumber-selenium-testNG/src/test/resources/features/Google.feature"},{"name":"package","value":"src.test.resources.features.Google_feature.test google search"},{"name":"resultFormat","value":"allure2"}],"parameters":[],"links":[],"hidden":false,"retry":false,"extra":{"severity":"normal","retries":[],"categories":[{"name":"Test defects","matchedStatuses":[],"flaky":false}],"history":{"statistic":{"failed":0,"broken":82,"skipped":0,"passed":198,"unknown":0,"total":280},"items":[{"uid":"24afcc4e640d28f5","reportUrl":"https://minhvl1.github.io/cucumber-selenium-testNG/308//#testresult/24afcc4e640d28f5","status":"broken","statusDetails":"Unable to establish websocket connection to http://localhost:36625/devtools/browser/5f75c8ee-5252-4690-ac5e-0750ea25de40\nBuild info: version: '4.8.0', revision: '267030adea'\nSystem info: os.name: 'Linux', os.arch: 'amd64', os.version: '5.15.0-1036-azure', java.version: '11.0.19'\nDriver info: driver.version: ChromeDriver","time":{"start":1683299488339,"stop":1683299488566,"duration":227}},{"uid":"e3c87c3f89781f8a","reportUrl":"https://minhvl1.github.io/cucumber-selenium-testNG/307//#testresult/e3c87c3f89781f8a","status":"broken","statusDetails":"Unable to establish websocket connection to http://localhost:33649/devtools/browser/9223b7bb-a5c8-4597-93d9-4fb7b347f578\nBuild info: version: '4.8.0', revision: '267030adea'\nSystem info: os.name: 'Linux', os.arch: 'amd64', os.version: '5.15.0-1036-azure', java.version: '11.0.19'\nDriver info: driver.version: ChromeDriver","time":{"start":1683274445955,"stop":1683274446251,"duration":296}},{"uid":"104ad6bc2e1aa600","reportUrl":"https://minhvl1.github.io/cucumber-selenium-testNG/306//#testresult/104ad6bc2e1aa600","status":"broken","statusDetails":"Unable to establish websocket connection to http://localhost:32797/devtools/browser/8343e32d-47bd-435d-8a53-884f499e7007\nBuild info: version: '4.8.0', revision: '267030adea'\nSystem info: os.name: 'Linux', os.arch: 'amd64', os.version: '5.15.0-1036-azure', java.version: '11.0.19'\nDriver info: driver.version: ChromeDriver","time":{"start":1683213128752,"stop":1683213129032,"duration":280}},{"uid":"9417e7e9eb2dab3","reportUrl":"https://minhvl1.github.io/cucumber-selenium-testNG/305//#testresult/9417e7e9eb2dab3","status":"broken","statusDetails":"Unable to establish websocket connection to http://localhost:39745/devtools/browser/c3584dcc-abce-4357-8855-9fcf850d8abb\nBuild info: version: '4.8.0', revision: '267030adea'\nSystem info: os.name: 'Linux', os.arch: 'amd64', os.version: '5.15.0-1036-azure', java.version: '11.0.19'\nDriver info: driver.version: ChromeDriver","time":{"start":1683188059740,"stop":1683188059961,"duration":221}},{"uid":"6281b0e564ba2e","reportUrl":"https://minhvl1.github.io/cucumber-selenium-testNG/304//#testresult/6281b0e564ba2e","status":"broken","statusDetails":"Unable to establish websocket connection to http://localhost:38421/devtools/browser/e1248959-b51a-41cc-b76e-db0a11d310f2\nBuild info: version: '4.8.0', revision: '267030adea'\nSystem info: os.name: 'Linux', os.arch: 'amd64', os.version: '5.15.0-1036-azure', java.version: '11.0.19'\nDriver info: driver.version: ChromeDriver","time":{"start":1683126719773,"stop":1683126720075,"duration":302}},{"uid":"555051bfcec5a4ec","reportUrl":"https://minhvl1.github.io/cucumber-selenium-testNG/303//#testresult/555051bfcec5a4ec","status":"broken","statusDetails":"Unable to establish websocket connection to http://localhost:32789/devtools/browser/57a3aefc-6cc4-4aa4-b780-19de625bf117\nBuild info: version: '4.8.0', revision: '267030adea'\nSystem info: os.name: 'Linux', os.arch: 'amd64', os.version: '5.15.0-1036-azure', java.version: '11.0.19'\nDriver info: driver.version: ChromeDriver","time":{"start":1683101621561,"stop":1683101621795,"duration":234}},{"uid":"a9f22585ebcebeeb","reportUrl":"https://minhvl1.github.io/cucumber-selenium-testNG/302//#testresult/a9f22585ebcebeeb","status":"broken","statusDetails":"Unable to establish websocket connection to http://localhost:36061/devtools/browser/fa104f74-23de-484b-8c04-c1eaef9c6444\nBuild info: version: '4.8.0', revision: '267030adea'\nSystem info: os.name: 'Linux', os.arch: 'amd64', os.version: '5.15.0-1036-azure', java.version: '11.0.19'\nDriver info: driver.version: ChromeDriver","time":{"start":1683040386248,"stop":1683040386549,"duration":301}},{"uid":"bc7d6ac5de4c7829","reportUrl":"https://minhvl1.github.io/cucumber-selenium-testNG/301//#testresult/bc7d6ac5de4c7829","status":"broken","statusDetails":"Unable to establish websocket connection to http://localhost:35765/devtools/browser/46817753-0d78-484e-b8e6-d9e5fa487f46\nBuild info: version: '4.8.0', revision: '267030adea'\nSystem info: os.name: 'Linux', os.arch: 'amd64', os.version: '5.15.0-1036-azure', java.version: '11.0.19'\nDriver info: driver.version: ChromeDriver","time":{"start":1683015253856,"stop":1683015254126,"duration":270}},{"uid":"a0e22a1959c8e5b0","reportUrl":"https://minhvl1.github.io/cucumber-selenium-testNG/300//#testresult/a0e22a1959c8e5b0","status":"broken","statusDetails":"Unable to establish websocket connection to http://localhost:44053/devtools/browser/30f0a8e4-a70f-454c-a456-c96c2ac2a5e3\nBuild info: version: '4.8.0', revision: '267030adea'\nSystem info: os.name: 'Linux', os.arch: 'amd64', os.version: '5.15.0-1036-azure', java.version: '11.0.19'\nDriver info: driver.version: ChromeDriver","time":{"start":1682953912939,"stop":1682953913294,"duration":355}},{"uid":"fc733be75ba7e403","reportUrl":"https://minhvl1.github.io/cucumber-selenium-testNG/299//#testresult/fc733be75ba7e403","status":"broken","statusDetails":"Unable to establish websocket connection to http://localhost:39133/devtools/browser/8e1e5a48-0da5-4f27-b455-4fd59de5ec94\nBuild info: version: '4.8.0', revision: '267030adea'\nSystem info: os.name: 'Linux', os.arch: 'amd64', os.version: '5.15.0-1036-azure', java.version: '11.0.19'\nDriver info: driver.version: ChromeDriver","time":{"start":1682928866594,"stop":1682928866851,"duration":257}},{"uid":"d768ebd82418b87f","reportUrl":"https://minhvl1.github.io/cucumber-selenium-testNG/298//#testresult/d768ebd82418b87f","status":"broken","statusDetails":"Unable to establish websocket connection to http://localhost:36033/devtools/browser/0b5c9d73-632d-4962-ac34-1655ede04ab3\nBuild info: version: '4.8.0', revision: '267030adea'\nSystem info: os.name: 'Linux', os.arch: 'amd64', os.version: '5.15.0-1036-azure', java.version: '11.0.19'\nDriver info: driver.version: ChromeDriver","time":{"start":1682694693585,"stop":1682694693814,"duration":229}},{"uid":"d19687845f3fa41c","reportUrl":"https://minhvl1.github.io/cucumber-selenium-testNG/297//#testresult/d19687845f3fa41c","status":"broken","statusDetails":"Unable to establish websocket connection to http://localhost:36833/devtools/browser/7a45289a-9a5a-49df-ac51-076c6285e9e9\nBuild info: version: '4.8.0', revision: '267030adea'\nSystem info: os.name: 'Linux', os.arch: 'amd64', os.version: '5.15.0-1036-azure', java.version: '11.0.19'\nDriver info: driver.version: ChromeDriver","time":{"start":1682669663082,"stop":1682669663358,"duration":276}},{"uid":"abf74411a724664f","reportUrl":"https://minhvl1.github.io/cucumber-selenium-testNG/296//#testresult/abf74411a724664f","status":"broken","statusDetails":"Unable to establish websocket connection to http://localhost:43481/devtools/browser/abbf6354-1b7b-4e6a-baf4-9195cd2f53c8\nBuild info: version: '4.8.0', revision: '267030adea'\nSystem info: os.name: 'Linux', os.arch: 'amd64', os.version: '5.15.0-1036-azure', java.version: '11.0.19'\nDriver info: driver.version: ChromeDriver","time":{"start":1682608276812,"stop":1682608277039,"duration":227}},{"uid":"dce4d88a956a770e","reportUrl":"https://minhvl1.github.io/cucumber-selenium-testNG/295//#testresult/dce4d88a956a770e","status":"broken","statusDetails":"Unable to establish websocket connection to http://localhost:35113/devtools/browser/7b946f7f-85b8-4519-a988-f976577eb584\nBuild info: version: '4.8.0', revision: '267030adea'\nSystem info: os.name: 'Linux', os.arch: 'amd64', os.version: '5.15.0-1036-azure', java.version: '11.0.19'\nDriver info: driver.version: ChromeDriver","time":{"start":1682583237990,"stop":1682583238224,"duration":234}},{"uid":"53234536af699147","reportUrl":"https://minhvl1.github.io/cucumber-selenium-testNG/294//#testresult/53234536af699147","status":"broken","statusDetails":"Unable to establish websocket connection to http://localhost:39533/devtools/browser/d5239302-53a9-4957-855e-4ac3fdb16a9c\nBuild info: version: '4.8.0', revision: '267030adea'\nSystem info: os.name: 'Linux', os.arch: 'amd64', os.version: '5.15.0-1035-azure', java.version: '11.0.19'\nDriver info: driver.version: ChromeDriver","time":{"start":1682521921423,"stop":1682521921659,"duration":236}},{"uid":"ae55d996b1d79463","reportUrl":"https://minhvl1.github.io/cucumber-selenium-testNG/293//#testresult/ae55d996b1d79463","status":"broken","statusDetails":"Unable to establish websocket connection to http://localhost:44903/devtools/browser/2e8cfcb8-f7ec-4bd1-b147-4a2a9a46f623\nBuild info: version: '4.8.0', revision: '267030adea'\nSystem info: os.name: 'Linux', os.arch: 'amd64', os.version: '5.15.0-1035-azure', java.version: '11.0.19'\nDriver info: driver.version: ChromeDriver","time":{"start":1682496877197,"stop":1682496877422,"duration":225}},{"uid":"5cdfe59aa8fe5a5b","reportUrl":"https://minhvl1.github.io/cucumber-selenium-testNG/292//#testresult/5cdfe59aa8fe5a5b","status":"broken","statusDetails":"Unable to establish websocket connection to http://localhost:41951/devtools/browser/da032ee0-5bb6-4356-a04c-af987fbb2392\nBuild info: version: '4.8.0', revision: '267030adea'\nSystem info: os.name: 'Linux', os.arch: 'amd64', os.version: '5.15.0-1035-azure', java.version: '11.0.19'\nDriver info: driver.version: ChromeDriver","time":{"start":1682435515275,"stop":1682435515521,"duration":246}},{"uid":"63efa5c5570d8b0f","reportUrl":"https://minhvl1.github.io/cucumber-selenium-testNG/291//#testresult/63efa5c5570d8b0f","status":"broken","statusDetails":"Unable to establish websocket connection to http://localhost:43221/devtools/browser/f88f156a-c6a5-43b7-a73f-b88f5e9b8640\nBuild info: version: '4.8.0', revision: '267030adea'\nSystem info: os.name: 'Linux', os.arch: 'amd64', os.version: '5.15.0-1035-azure', java.version: '11.0.19'\nDriver info: driver.version: ChromeDriver","time":{"start":1682410502771,"stop":1682410502992,"duration":221}},{"uid":"fffe313e81b70f6","reportUrl":"https://minhvl1.github.io/cucumber-selenium-testNG/290//#testresult/fffe313e81b70f6","status":"broken","statusDetails":"Unable to establish websocket connection to http://localhost:43819/devtools/browser/ad044992-8e30-4dd3-81d5-ffb7bb7f60ae\nBuild info: version: '4.8.0', revision: '267030adea'\nSystem info: os.name: 'Linux', os.arch: 'amd64', os.version: '5.15.0-1035-azure', java.version: '11.0.19'\nDriver info: driver.version: ChromeDriver","time":{"start":1682349127645,"stop":1682349127862,"duration":217}},{"uid":"d1ef8e31613cc946","reportUrl":"https://minhvl1.github.io/cucumber-selenium-testNG/289//#testresult/d1ef8e31613cc946","status":"broken","statusDetails":"Unable to establish websocket connection to http://localhost:45351/devtools/browser/5d74f89d-f69f-4952-883c-543e5faab0b0\nBuild info: version: '4.8.0', revision: '267030adea'\nSystem info: os.name: 'Linux', os.arch: 'amd64', os.version: '5.15.0-1035-azure', java.version: '11.0.19'\nDriver info: driver.version: ChromeDriver","time":{"start":1682324135710,"stop":1682324135939,"duration":229}}]},"tags":["Test1","Feature1"]},"source":"5cc2722da37f35c8.json","parameterValues":[]}