{"uid":"1cfd0305455916e0","name":"search \"CMC\" in google","fullName":"test google search outline: search \"CMC\" in google","historyId":"3171fcedb0097d271650722bf4345a02","time":{"start":1684163509890,"stop":1684163510158,"duration":268},"status":"broken","statusMessage":"Unable to establish websocket connection to http://localhost:33225/devtools/browser/a6639bf4-619c-4d74-8aa6-ec8874f0be04\nBuild info: version: '4.8.0', revision: '267030adea'\nSystem info: os.name: 'Linux', os.arch: 'amd64', os.version: '5.15.0-1037-azure', java.version: '11.0.19'\nDriver info: driver.version: ChromeDriver","statusTrace":"org.openqa.selenium.remote.http.ConnectionFailedException: Unable to establish websocket connection to http://localhost:33225/devtools/browser/a6639bf4-619c-4d74-8aa6-ec8874f0be04\nBuild info: version: '4.8.0', revision: '267030adea'\nSystem info: os.name: 'Linux', os.arch: 'amd64', os.version: '5.15.0-1037-azure', java.version: '11.0.19'\nDriver info: driver.version: ChromeDriver\n\tat org.openqa.selenium.remote.http.netty.NettyWebSocket.<init>(NettyWebSocket.java:102)\n\tat org.openqa.selenium.remote.http.netty.NettyWebSocket.lambda$create$3(NettyWebSocket.java:128)\n\tat org.openqa.selenium.remote.http.netty.NettyClient.openSocket(NettyClient.java:107)\n\tat org.openqa.selenium.devtools.Connection.<init>(Connection.java:78)\n\tat org.openqa.selenium.chromium.ChromiumDriver.lambda$new$2(ChromiumDriver.java:116)\n\tat java.base/java.util.Optional.map(Optional.java:265)\n\tat org.openqa.selenium.chromium.ChromiumDriver.<init>(ChromiumDriver.java:114)\n\tat org.openqa.selenium.chrome.ChromeDriver.<init>(ChromeDriver.java:82)\n\tat org.openqa.selenium.chrome.ChromeDriver.<init>(ChromeDriver.java:71)\n\tat cucumberHooks.Hooks.openAndQuitBrowser(Hooks.java:74)\n\tat Steps.MyStepdefs.<init>(MyStepdefs.java:28)\n\tat java.base/jdk.internal.reflect.NativeConstructorAccessorImpl.newInstance0(Native Method)\n\tat java.base/jdk.internal.reflect.NativeConstructorAccessorImpl.newInstance(NativeConstructorAccessorImpl.java:62)\n\tat java.base/jdk.internal.reflect.DelegatingConstructorAccessorImpl.newInstance(DelegatingConstructorAccessorImpl.java:45)\n\tat java.base/java.lang.reflect.Constructor.newInstance(Constructor.java:490)\n\tat org.picocontainer.injectors.AbstractInjector.newInstance(AbstractInjector.java:145)\n\tat org.picocontainer.injectors.ConstructorInjector$1.run(ConstructorInjector.java:342)\n\tat org.picocontainer.injectors.AbstractInjector$ThreadLocalCyclicDependencyGuard.observe(AbstractInjector.java:270)\n\tat org.picocontainer.injectors.ConstructorInjector.getComponentInstance(ConstructorInjector.java:364)\n\tat org.picocontainer.injectors.AbstractInjectionFactory$LifecycleAdapter.getComponentInstance(AbstractInjectionFactory.java:56)\n\tat org.picocontainer.behaviors.AbstractBehavior.getComponentInstance(AbstractBehavior.java:64)\n\tat org.picocontainer.behaviors.Stored.getComponentInstance(Stored.java:91)\n\tat org.picocontainer.DefaultPicoContainer.getInstance(DefaultPicoContainer.java:699)\n\tat org.picocontainer.DefaultPicoContainer.getComponent(DefaultPicoContainer.java:647)\n\tat org.picocontainer.DefaultPicoContainer.getComponent(DefaultPicoContainer.java:678)\n\tat io.cucumber.picocontainer.PicoFactory.getInstance(PicoFactory.java:49)\n\tat io.cucumber.java.AbstractGlueDefinition.invokeMethod(AbstractGlueDefinition.java:47)\n\tat io.cucumber.java.JavaStepDefinition.execute(JavaStepDefinition.java:29)\n\tat io.cucumber.core.runner.CoreStepDefinition.execute(CoreStepDefinition.java:66)\n\tat io.cucumber.core.runner.PickleStepDefinitionMatch.runStep(PickleStepDefinitionMatch.java:63)\n\tat io.cucumber.core.runner.ExecutionMode$1.execute(ExecutionMode.java:10)\n\tat io.cucumber.core.runner.TestStep.executeStep(TestStep.java:85)\n\tat io.cucumber.core.runner.TestStep.run(TestStep.java:57)\n\tat io.cucumber.core.runner.PickleStepTestStep.run(PickleStepTestStep.java:51)\n\tat io.cucumber.core.runner.TestCase.run(TestCase.java:84)\n\tat io.cucumber.core.runner.Runner.runPickle(Runner.java:75)\n\tat io.cucumber.testng.TestNGCucumberRunner.lambda$runScenario$1(TestNGCucumberRunner.java:132)\n\tat io.cucumber.core.runtime.CucumberExecutionContext.lambda$runTestCase$5(CucumberExecutionContext.java:129)\n\tat io.cucumber.core.runtime.RethrowingThrowableCollector.executeAndThrow(RethrowingThrowableCollector.java:23)\n\tat io.cucumber.core.runtime.CucumberExecutionContext.runTestCase(CucumberExecutionContext.java:129)\n\tat io.cucumber.testng.TestNGCucumberRunner.runScenario(TestNGCucumberRunner.java:129)\n\tat io.cucumber.testng.AbstractTestNGCucumberTests.runScenario(AbstractTestNGCucumberTests.java:35)\n\tat java.base/jdk.internal.reflect.NativeMethodAccessorImpl.invoke0(Native Method)\n\tat java.base/jdk.internal.reflect.NativeMethodAccessorImpl.invoke(NativeMethodAccessorImpl.java:62)\n\tat java.base/jdk.internal.reflect.DelegatingMethodAccessorImpl.invoke(DelegatingMethodAccessorImpl.java:43)\n\tat java.base/java.lang.reflect.Method.invoke(Method.java:566)\n\tat org.testng.internal.invokers.MethodInvocationHelper.invokeMethod(MethodInvocationHelper.java:139)\n\tat org.testng.internal.invokers.TestInvoker.invokeMethod(TestInvoker.java:677)\n\tat org.testng.internal.invokers.TestInvoker.invokeTestMethod(TestInvoker.java:221)\n\tat org.testng.internal.invokers.MethodRunner.runInSequence(MethodRunner.java:50)\n\tat org.testng.internal.invokers.TestInvoker$MethodInvocationAgent.invoke(TestInvoker.java:969)\n\tat org.testng.internal.invokers.TestInvoker.invokeTestMethods(TestInvoker.java:194)\n\tat org.testng.internal.invokers.TestMethodWorker.invokeTestMethods(TestMethodWorker.java:148)\n\tat org.testng.internal.invokers.TestMethodWorker.run(TestMethodWorker.java:128)\n\tat java.base/java.util.ArrayList.forEach(ArrayList.java:1541)\n\tat org.testng.TestRunner.privateRun(TestRunner.java:829)\n\tat org.testng.TestRunner.run(TestRunner.java:602)\n\tat org.testng.SuiteRunner.runTest(SuiteRunner.java:437)\n\tat org.testng.SuiteRunner.runSequentially(SuiteRunner.java:431)\n\tat org.testng.SuiteRunner.privateRun(SuiteRunner.java:391)\n\tat org.testng.SuiteRunner.run(SuiteRunner.java:330)\n\tat org.testng.SuiteRunnerWorker.runSuite(SuiteRunnerWorker.java:52)\n\tat org.testng.SuiteRunnerWorker.run(SuiteRunnerWorker.java:95)\n\tat org.testng.TestNG.runSuitesSequentially(TestNG.java:1256)\n\tat org.testng.TestNG.runSuitesLocally(TestNG.java:1176)\n\tat org.testng.TestNG.runSuites(TestNG.java:1099)\n\tat org.testng.TestNG.run(TestNG.java:1067)\n\tat org.apache.maven.surefire.testng.TestNGExecutor.run(TestNGExecutor.java:324)\n\tat org.apache.maven.surefire.testng.TestNGXmlTestSuite.execute(TestNGXmlTestSuite.java:74)\n\tat org.apache.maven.surefire.testng.TestNGProvider.invoke(TestNGProvider.java:123)\n\tat org.apache.maven.surefire.booter.ForkedBooter.runSuitesInProcess(ForkedBooter.java:456)\n\tat org.apache.maven.surefire.booter.ForkedBooter.execute(ForkedBooter.java:169)\n\tat org.apache.maven.surefire.booter.ForkedBooter.run(ForkedBooter.java:595)\n\tat org.apache.maven.surefire.booter.ForkedBooter.main(ForkedBooter.java:581)\n","flaky":false,"newFailed":false,"newBroken":false,"newPassed":false,"retriesCount":0,"retriesStatusChange":false,"beforeStages":[],"testStage":{"status":"broken","statusMessage":"Unable to establish websocket connection to http://localhost:33225/devtools/browser/a6639bf4-619c-4d74-8aa6-ec8874f0be04\nBuild info: version: '4.8.0', revision: '267030adea'\nSystem info: os.name: 'Linux', os.arch: 'amd64', os.version: '5.15.0-1037-azure', java.version: '11.0.19'\nDriver info: driver.version: ChromeDriver","statusTrace":"org.openqa.selenium.remote.http.ConnectionFailedException: Unable to establish websocket connection to http://localhost:33225/devtools/browser/a6639bf4-619c-4d74-8aa6-ec8874f0be04\nBuild info: version: '4.8.0', revision: '267030adea'\nSystem info: os.name: 'Linux', os.arch: 'amd64', os.version: '5.15.0-1037-azure', java.version: '11.0.19'\nDriver info: driver.version: ChromeDriver\n\tat org.openqa.selenium.remote.http.netty.NettyWebSocket.<init>(NettyWebSocket.java:102)\n\tat org.openqa.selenium.remote.http.netty.NettyWebSocket.lambda$create$3(NettyWebSocket.java:128)\n\tat org.openqa.selenium.remote.http.netty.NettyClient.openSocket(NettyClient.java:107)\n\tat org.openqa.selenium.devtools.Connection.<init>(Connection.java:78)\n\tat org.openqa.selenium.chromium.ChromiumDriver.lambda$new$2(ChromiumDriver.java:116)\n\tat java.base/java.util.Optional.map(Optional.java:265)\n\tat org.openqa.selenium.chromium.ChromiumDriver.<init>(ChromiumDriver.java:114)\n\tat org.openqa.selenium.chrome.ChromeDriver.<init>(ChromeDriver.java:82)\n\tat org.openqa.selenium.chrome.ChromeDriver.<init>(ChromeDriver.java:71)\n\tat cucumberHooks.Hooks.openAndQuitBrowser(Hooks.java:74)\n\tat Steps.MyStepdefs.<init>(MyStepdefs.java:28)\n\tat java.base/jdk.internal.reflect.NativeConstructorAccessorImpl.newInstance0(Native Method)\n\tat java.base/jdk.internal.reflect.NativeConstructorAccessorImpl.newInstance(NativeConstructorAccessorImpl.java:62)\n\tat java.base/jdk.internal.reflect.DelegatingConstructorAccessorImpl.newInstance(DelegatingConstructorAccessorImpl.java:45)\n\tat java.base/java.lang.reflect.Constructor.newInstance(Constructor.java:490)\n\tat org.picocontainer.injectors.AbstractInjector.newInstance(AbstractInjector.java:145)\n\tat org.picocontainer.injectors.ConstructorInjector$1.run(ConstructorInjector.java:342)\n\tat org.picocontainer.injectors.AbstractInjector$ThreadLocalCyclicDependencyGuard.observe(AbstractInjector.java:270)\n\tat org.picocontainer.injectors.ConstructorInjector.getComponentInstance(ConstructorInjector.java:364)\n\tat org.picocontainer.injectors.AbstractInjectionFactory$LifecycleAdapter.getComponentInstance(AbstractInjectionFactory.java:56)\n\tat org.picocontainer.behaviors.AbstractBehavior.getComponentInstance(AbstractBehavior.java:64)\n\tat org.picocontainer.behaviors.Stored.getComponentInstance(Stored.java:91)\n\tat org.picocontainer.DefaultPicoContainer.getInstance(DefaultPicoContainer.java:699)\n\tat org.picocontainer.DefaultPicoContainer.getComponent(DefaultPicoContainer.java:647)\n\tat org.picocontainer.DefaultPicoContainer.getComponent(DefaultPicoContainer.java:678)\n\tat io.cucumber.picocontainer.PicoFactory.getInstance(PicoFactory.java:49)\n\tat io.cucumber.java.AbstractGlueDefinition.invokeMethod(AbstractGlueDefinition.java:47)\n\tat io.cucumber.java.JavaStepDefinition.execute(JavaStepDefinition.java:29)\n\tat io.cucumber.core.runner.CoreStepDefinition.execute(CoreStepDefinition.java:66)\n\tat io.cucumber.core.runner.PickleStepDefinitionMatch.runStep(PickleStepDefinitionMatch.java:63)\n\tat io.cucumber.core.runner.ExecutionMode$1.execute(ExecutionMode.java:10)\n\tat io.cucumber.core.runner.TestStep.executeStep(TestStep.java:85)\n\tat io.cucumber.core.runner.TestStep.run(TestStep.java:57)\n\tat io.cucumber.core.runner.PickleStepTestStep.run(PickleStepTestStep.java:51)\n\tat io.cucumber.core.runner.TestCase.run(TestCase.java:84)\n\tat io.cucumber.core.runner.Runner.runPickle(Runner.java:75)\n\tat io.cucumber.testng.TestNGCucumberRunner.lambda$runScenario$1(TestNGCucumberRunner.java:132)\n\tat io.cucumber.core.runtime.CucumberExecutionContext.lambda$runTestCase$5(CucumberExecutionContext.java:129)\n\tat io.cucumber.core.runtime.RethrowingThrowableCollector.executeAndThrow(RethrowingThrowableCollector.java:23)\n\tat io.cucumber.core.runtime.CucumberExecutionContext.runTestCase(CucumberExecutionContext.java:129)\n\tat io.cucumber.testng.TestNGCucumberRunner.runScenario(TestNGCucumberRunner.java:129)\n\tat io.cucumber.testng.AbstractTestNGCucumberTests.runScenario(AbstractTestNGCucumberTests.java:35)\n\tat java.base/jdk.internal.reflect.NativeMethodAccessorImpl.invoke0(Native Method)\n\tat java.base/jdk.internal.reflect.NativeMethodAccessorImpl.invoke(NativeMethodAccessorImpl.java:62)\n\tat java.base/jdk.internal.reflect.DelegatingMethodAccessorImpl.invoke(DelegatingMethodAccessorImpl.java:43)\n\tat java.base/java.lang.reflect.Method.invoke(Method.java:566)\n\tat org.testng.internal.invokers.MethodInvocationHelper.invokeMethod(MethodInvocationHelper.java:139)\n\tat org.testng.internal.invokers.TestInvoker.invokeMethod(TestInvoker.java:677)\n\tat org.testng.internal.invokers.TestInvoker.invokeTestMethod(TestInvoker.java:221)\n\tat org.testng.internal.invokers.MethodRunner.runInSequence(MethodRunner.java:50)\n\tat org.testng.internal.invokers.TestInvoker$MethodInvocationAgent.invoke(TestInvoker.java:969)\n\tat org.testng.internal.invokers.TestInvoker.invokeTestMethods(TestInvoker.java:194)\n\tat org.testng.internal.invokers.TestMethodWorker.invokeTestMethods(TestMethodWorker.java:148)\n\tat org.testng.internal.invokers.TestMethodWorker.run(TestMethodWorker.java:128)\n\tat java.base/java.util.ArrayList.forEach(ArrayList.java:1541)\n\tat org.testng.TestRunner.privateRun(TestRunner.java:829)\n\tat org.testng.TestRunner.run(TestRunner.java:602)\n\tat org.testng.SuiteRunner.runTest(SuiteRunner.java:437)\n\tat org.testng.SuiteRunner.runSequentially(SuiteRunner.java:431)\n\tat org.testng.SuiteRunner.privateRun(SuiteRunner.java:391)\n\tat org.testng.SuiteRunner.run(SuiteRunner.java:330)\n\tat org.testng.SuiteRunnerWorker.runSuite(SuiteRunnerWorker.java:52)\n\tat org.testng.SuiteRunnerWorker.run(SuiteRunnerWorker.java:95)\n\tat org.testng.TestNG.runSuitesSequentially(TestNG.java:1256)\n\tat org.testng.TestNG.runSuitesLocally(TestNG.java:1176)\n\tat org.testng.TestNG.runSuites(TestNG.java:1099)\n\tat org.testng.TestNG.run(TestNG.java:1067)\n\tat org.apache.maven.surefire.testng.TestNGExecutor.run(TestNGExecutor.java:324)\n\tat org.apache.maven.surefire.testng.TestNGXmlTestSuite.execute(TestNGXmlTestSuite.java:74)\n\tat org.apache.maven.surefire.testng.TestNGProvider.invoke(TestNGProvider.java:123)\n\tat org.apache.maven.surefire.booter.ForkedBooter.runSuitesInProcess(ForkedBooter.java:456)\n\tat org.apache.maven.surefire.booter.ForkedBooter.execute(ForkedBooter.java:169)\n\tat org.apache.maven.surefire.booter.ForkedBooter.run(ForkedBooter.java:595)\n\tat org.apache.maven.surefire.booter.ForkedBooter.main(ForkedBooter.java:581)\n","steps":[{"name":"Given  open browser","time":{"start":1684163509892,"stop":1684163510147,"duration":255},"status":"broken","statusMessage":"Unable to establish websocket connection to http://localhost:33225/devtools/browser/a6639bf4-619c-4d74-8aa6-ec8874f0be04\nBuild info: version: '4.8.0', revision: '267030adea'\nSystem info: os.name: 'Linux', os.arch: 'amd64', os.version: '5.15.0-1037-azure', java.version: '11.0.19'\nDriver info: driver.version: ChromeDriver","statusTrace":"org.openqa.selenium.remote.http.ConnectionFailedException: Unable to establish websocket connection to http://localhost:33225/devtools/browser/a6639bf4-619c-4d74-8aa6-ec8874f0be04\nBuild info: version: '4.8.0', revision: '267030adea'\nSystem info: os.name: 'Linux', os.arch: 'amd64', os.version: '5.15.0-1037-azure', java.version: '11.0.19'\nDriver info: driver.version: ChromeDriver\n\tat org.openqa.selenium.remote.http.netty.NettyWebSocket.<init>(NettyWebSocket.java:102)\n\tat org.openqa.selenium.remote.http.netty.NettyWebSocket.lambda$create$3(NettyWebSocket.java:128)\n\tat org.openqa.selenium.remote.http.netty.NettyClient.openSocket(NettyClient.java:107)\n\tat org.openqa.selenium.devtools.Connection.<init>(Connection.java:78)\n\tat org.openqa.selenium.chromium.ChromiumDriver.lambda$new$2(ChromiumDriver.java:116)\n\tat java.base/java.util.Optional.map(Optional.java:265)\n\tat org.openqa.selenium.chromium.ChromiumDriver.<init>(ChromiumDriver.java:114)\n\tat org.openqa.selenium.chrome.ChromeDriver.<init>(ChromeDriver.java:82)\n\tat org.openqa.selenium.chrome.ChromeDriver.<init>(ChromeDriver.java:71)\n\tat cucumberHooks.Hooks.openAndQuitBrowser(Hooks.java:74)\n\tat Steps.MyStepdefs.<init>(MyStepdefs.java:28)\n\tat java.base/jdk.internal.reflect.NativeConstructorAccessorImpl.newInstance0(Native Method)\n\tat java.base/jdk.internal.reflect.NativeConstructorAccessorImpl.newInstance(NativeConstructorAccessorImpl.java:62)\n\tat java.base/jdk.internal.reflect.DelegatingConstructorAccessorImpl.newInstance(DelegatingConstructorAccessorImpl.java:45)\n\tat java.base/java.lang.reflect.Constructor.newInstance(Constructor.java:490)\n\tat org.picocontainer.injectors.AbstractInjector.newInstance(AbstractInjector.java:145)\n\tat org.picocontainer.injectors.ConstructorInjector$1.run(ConstructorInjector.java:342)\n\tat org.picocontainer.injectors.AbstractInjector$ThreadLocalCyclicDependencyGuard.observe(AbstractInjector.java:270)\n\tat org.picocontainer.injectors.ConstructorInjector.getComponentInstance(ConstructorInjector.java:364)\n\tat org.picocontainer.injectors.AbstractInjectionFactory$LifecycleAdapter.getComponentInstance(AbstractInjectionFactory.java:56)\n\tat org.picocontainer.behaviors.AbstractBehavior.getComponentInstance(AbstractBehavior.java:64)\n\tat org.picocontainer.behaviors.Stored.getComponentInstance(Stored.java:91)\n\tat org.picocontainer.DefaultPicoContainer.getInstance(DefaultPicoContainer.java:699)\n\tat org.picocontainer.DefaultPicoContainer.getComponent(DefaultPicoContainer.java:647)\n\tat org.picocontainer.DefaultPicoContainer.getComponent(DefaultPicoContainer.java:678)\n\tat io.cucumber.picocontainer.PicoFactory.getInstance(PicoFactory.java:49)\n\tat io.cucumber.java.AbstractGlueDefinition.invokeMethod(AbstractGlueDefinition.java:47)\n\tat io.cucumber.java.JavaStepDefinition.execute(JavaStepDefinition.java:29)\n\tat io.cucumber.core.runner.CoreStepDefinition.execute(CoreStepDefinition.java:66)\n\tat io.cucumber.core.runner.PickleStepDefinitionMatch.runStep(PickleStepDefinitionMatch.java:63)\n\tat io.cucumber.core.runner.ExecutionMode$1.execute(ExecutionMode.java:10)\n\tat io.cucumber.core.runner.TestStep.executeStep(TestStep.java:85)\n\tat io.cucumber.core.runner.TestStep.run(TestStep.java:57)\n\tat io.cucumber.core.runner.PickleStepTestStep.run(PickleStepTestStep.java:51)\n\tat io.cucumber.core.runner.TestCase.run(TestCase.java:84)\n\tat io.cucumber.core.runner.Runner.runPickle(Runner.java:75)\n\tat io.cucumber.testng.TestNGCucumberRunner.lambda$runScenario$1(TestNGCucumberRunner.java:132)\n\tat io.cucumber.core.runtime.CucumberExecutionContext.lambda$runTestCase$5(CucumberExecutionContext.java:129)\n\tat io.cucumber.core.runtime.RethrowingThrowableCollector.executeAndThrow(RethrowingThrowableCollector.java:23)\n\tat io.cucumber.core.runtime.CucumberExecutionContext.runTestCase(CucumberExecutionContext.java:129)\n\tat io.cucumber.testng.TestNGCucumberRunner.runScenario(TestNGCucumberRunner.java:129)\n\tat io.cucumber.testng.AbstractTestNGCucumberTests.runScenario(AbstractTestNGCucumberTests.java:35)\n\tat java.base/jdk.internal.reflect.NativeMethodAccessorImpl.invoke0(Native Method)\n\tat java.base/jdk.internal.reflect.NativeMethodAccessorImpl.invoke(NativeMethodAccessorImpl.java:62)\n\tat java.base/jdk.internal.reflect.DelegatingMethodAccessorImpl.invoke(DelegatingMethodAccessorImpl.java:43)\n\tat java.base/java.lang.reflect.Method.invoke(Method.java:566)\n\tat org.testng.internal.invokers.MethodInvocationHelper.invokeMethod(MethodInvocationHelper.java:139)\n\tat org.testng.internal.invokers.TestInvoker.invokeMethod(TestInvoker.java:677)\n\tat org.testng.internal.invokers.TestInvoker.invokeTestMethod(TestInvoker.java:221)\n\tat org.testng.internal.invokers.MethodRunner.runInSequence(MethodRunner.java:50)\n\tat org.testng.internal.invokers.TestInvoker$MethodInvocationAgent.invoke(TestInvoker.java:969)\n\tat org.testng.internal.invokers.TestInvoker.invokeTestMethods(TestInvoker.java:194)\n\tat org.testng.internal.invokers.TestMethodWorker.invokeTestMethods(TestMethodWorker.java:148)\n\tat org.testng.internal.invokers.TestMethodWorker.run(TestMethodWorker.java:128)\n\tat java.base/java.util.ArrayList.forEach(ArrayList.java:1541)\n\tat org.testng.TestRunner.privateRun(TestRunner.java:829)\n\tat org.testng.TestRunner.run(TestRunner.java:602)\n\tat org.testng.SuiteRunner.runTest(SuiteRunner.java:437)\n\tat org.testng.SuiteRunner.runSequentially(SuiteRunner.java:431)\n\tat org.testng.SuiteRunner.privateRun(SuiteRunner.java:391)\n\tat org.testng.SuiteRunner.run(SuiteRunner.java:330)\n\tat org.testng.SuiteRunnerWorker.runSuite(SuiteRunnerWorker.java:52)\n\tat org.testng.SuiteRunnerWorker.run(SuiteRunnerWorker.java:95)\n\tat org.testng.TestNG.runSuitesSequentially(TestNG.java:1256)\n\tat org.testng.TestNG.runSuitesLocally(TestNG.java:1176)\n\tat org.testng.TestNG.runSuites(TestNG.java:1099)\n\tat org.testng.TestNG.run(TestNG.java:1067)\n\tat org.apache.maven.surefire.testng.TestNGExecutor.run(TestNGExecutor.java:324)\n\tat org.apache.maven.surefire.testng.TestNGXmlTestSuite.execute(TestNGXmlTestSuite.java:74)\n\tat org.apache.maven.surefire.testng.TestNGProvider.invoke(TestNGProvider.java:123)\n\tat org.apache.maven.surefire.booter.ForkedBooter.runSuitesInProcess(ForkedBooter.java:456)\n\tat org.apache.maven.surefire.booter.ForkedBooter.execute(ForkedBooter.java:169)\n\tat org.apache.maven.surefire.booter.ForkedBooter.run(ForkedBooter.java:595)\n\tat org.apache.maven.surefire.booter.ForkedBooter.main(ForkedBooter.java:581)\n","steps":[],"attachments":[],"parameters":[],"stepsCount":0,"attachmentsCount":0,"shouldDisplayMessage":true,"hasContent":true},{"name":"When  Search \"CMC\"","time":{"start":1684163510148,"stop":1684163510149,"duration":1},"status":"skipped","steps":[],"attachments":[],"parameters":[],"stepsCount":0,"attachmentsCount":0,"shouldDisplayMessage":false,"hasContent":false},{"name":"And  Click search button","time":{"start":1684163510149,"stop":1684163510150,"duration":1},"status":"skipped","steps":[],"attachments":[],"parameters":[],"stepsCount":0,"attachmentsCount":0,"shouldDisplayMessage":false,"hasContent":false},{"name":"Then  See result page","time":{"start":1684163510150,"stop":1684163510150,"duration":0},"status":"skipped","steps":[],"attachments":[],"parameters":[],"stepsCount":0,"attachmentsCount":0,"shouldDisplayMessage":false,"hasContent":false}],"attachments":[],"parameters":[],"stepsCount":4,"attachmentsCount":0,"shouldDisplayMessage":false,"hasContent":true},"afterStages":[{"name":"cucumberHooks.Hooks.afterStep(io.cucumber.java.Scenario)","time":{"start":1684163510150,"stop":1684163510157,"duration":7},"status":"broken","statusMessage":"AFTER is failed: null","statusTrace":"java.lang.NullPointerException\n\tat cucumberHooks.Hooks.afterStep(Hooks.java:128)\n","steps":[],"attachments":[],"parameters":[],"stepsCount":0,"attachmentsCount":0,"shouldDisplayMessage":true,"hasContent":true}],"labels":[{"name":"tag","value":"Feature2"},{"name":"tag","value":"TestOuline"},{"name":"tag","value":"prod"},{"name":"host","value":"fv-az362-248"},{"name":"thread","value":"2340@fv-az362-248.main(1)"},{"name":"feature","value":"test google search outline"},{"name":"story","value":"search \"CMC\" in google"},{"name":"suite","value":"test google search outline"},{"name":"testClass","value":"search \"CMC\" in google"},{"name":"framework","value":"cucumber4jvm"},{"name":"language","value":"java"},{"name":"gherkin_uri","value":"file:///home/runner/work/cucumber-selenium-testNG/cucumber-selenium-testNG/src/test/resources/features/Google_outline.feature"},{"name":"package","value":"src.test.resources.features.Google_outline_feature.test google search outline"},{"name":"resultFormat","value":"allure2"}],"parameters":[{"name":"arg0","value":"\"CMC\""}],"links":[],"hidden":false,"retry":false,"extra":{"severity":"normal","retries":[],"categories":[{"name":"Test defects","matchedStatuses":[],"flaky":false}],"history":{"statistic":{"failed":0,"broken":93,"skipped":0,"passed":198,"unknown":0,"total":291},"items":[{"uid":"b2c15397378986df","reportUrl":"https://minhvl1.github.io/cucumber-selenium-testNG/319//#testresult/b2c15397378986df","status":"broken","statusDetails":"Unable to establish websocket connection to http://localhost:35903/devtools/browser/0e45658f-b427-4b25-a3fe-1de2be8e804c\nBuild info: version: '4.8.0', revision: '267030adea'\nSystem info: os.name: 'Linux', os.arch: 'amd64', os.version: '5.15.0-1037-azure', java.version: '11.0.19'\nDriver info: driver.version: ChromeDriver","time":{"start":1684138474176,"stop":1684138474474,"duration":298}},{"uid":"62fe258d2d158282","reportUrl":"https://minhvl1.github.io/cucumber-selenium-testNG/318//#testresult/62fe258d2d158282","status":"broken","statusDetails":"Unable to establish websocket connection to http://localhost:46249/devtools/browser/bc93a264-f1da-4824-acd2-2f9285b95188\nBuild info: version: '4.8.0', revision: '267030adea'\nSystem info: os.name: 'Linux', os.arch: 'amd64', os.version: '5.15.0-1037-azure', java.version: '11.0.19'\nDriver info: driver.version: ChromeDriver","time":{"start":1683904260348,"stop":1683904260645,"duration":297}},{"uid":"cfadfff982c4e0d","reportUrl":"https://minhvl1.github.io/cucumber-selenium-testNG/317//#testresult/cfadfff982c4e0d","status":"broken","statusDetails":"Unable to establish websocket connection to http://localhost:38455/devtools/browser/3352633e-5dc7-4ed5-bc2b-1ce1ef1edf98\nBuild info: version: '4.8.0', revision: '267030adea'\nSystem info: os.name: 'Linux', os.arch: 'amd64', os.version: '5.15.0-1037-azure', java.version: '11.0.19'\nDriver info: driver.version: ChromeDriver","time":{"start":1683879224454,"stop":1683879224682,"duration":228}},{"uid":"4a1878d782da9d42","reportUrl":"https://minhvl1.github.io/cucumber-selenium-testNG/316//#testresult/4a1878d782da9d42","status":"broken","statusDetails":"Unable to establish websocket connection to http://localhost:39763/devtools/browser/cf65a962-64a6-4009-a490-1b9029921742\nBuild info: version: '4.8.0', revision: '267030adea'\nSystem info: os.name: 'Linux', os.arch: 'amd64', os.version: '5.15.0-1037-azure', java.version: '11.0.19'\nDriver info: driver.version: ChromeDriver","time":{"start":1683817910805,"stop":1683817911102,"duration":297}},{"uid":"1d82aada1d9ec4c","reportUrl":"https://minhvl1.github.io/cucumber-selenium-testNG/315//#testresult/1d82aada1d9ec4c","status":"broken","statusDetails":"Unable to establish websocket connection to http://localhost:37985/devtools/browser/6391e538-efba-4f21-bd88-a691c41d4729\nBuild info: version: '4.8.0', revision: '267030adea'\nSystem info: os.name: 'Linux', os.arch: 'amd64', os.version: '5.15.0-1037-azure', java.version: '11.0.19'\nDriver info: driver.version: ChromeDriver","time":{"start":1683792855651,"stop":1683792855928,"duration":277}},{"uid":"54f9659d8703cf5c","reportUrl":"https://minhvl1.github.io/cucumber-selenium-testNG/314//#testresult/54f9659d8703cf5c","status":"broken","statusDetails":"Unable to establish websocket connection to http://localhost:45749/devtools/browser/16a6fc9a-30c9-463a-bfbd-5c2dcf490514\nBuild info: version: '4.8.0', revision: '267030adea'\nSystem info: os.name: 'Linux', os.arch: 'amd64', os.version: '5.15.0-1037-azure', java.version: '11.0.19'\nDriver info: driver.version: ChromeDriver","time":{"start":1683731473076,"stop":1683731473298,"duration":222}},{"uid":"4b435bcf9a559e88","reportUrl":"https://minhvl1.github.io/cucumber-selenium-testNG/313//#testresult/4b435bcf9a559e88","status":"broken","statusDetails":"Unable to establish websocket connection to http://localhost:41697/devtools/browser/3c6f6004-41bd-4940-aad5-17e3ee4826f4\nBuild info: version: '4.8.0', revision: '267030adea'\nSystem info: os.name: 'Linux', os.arch: 'amd64', os.version: '5.15.0-1036-azure', java.version: '11.0.19'\nDriver info: driver.version: ChromeDriver","time":{"start":1683706444216,"stop":1683706444454,"duration":238}},{"uid":"30847f08e12c8b4b","reportUrl":"https://minhvl1.github.io/cucumber-selenium-testNG/312//#testresult/30847f08e12c8b4b","status":"broken","statusDetails":"Unable to establish websocket connection to http://localhost:42985/devtools/browser/09ae0659-91bb-4abd-bdff-8daf3e83cfc5\nBuild info: version: '4.8.0', revision: '267030adea'\nSystem info: os.name: 'Linux', os.arch: 'amd64', os.version: '5.15.0-1036-azure', java.version: '11.0.19'\nDriver info: driver.version: ChromeDriver","time":{"start":1683645143078,"stop":1683645143351,"duration":273}},{"uid":"2e98e6abdc214007","reportUrl":"https://minhvl1.github.io/cucumber-selenium-testNG/311//#testresult/2e98e6abdc214007","status":"broken","statusDetails":"Unable to establish websocket connection to http://localhost:43973/devtools/browser/be9b7250-cb34-40e1-ab72-3e3882efa7b8\nBuild info: version: '4.8.0', revision: '267030adea'\nSystem info: os.name: 'Linux', os.arch: 'amd64', os.version: '5.15.0-1036-azure', java.version: '11.0.19'\nDriver info: driver.version: ChromeDriver","time":{"start":1683620063618,"stop":1683620063872,"duration":254}},{"uid":"39254c25f1aedd3f","reportUrl":"https://minhvl1.github.io/cucumber-selenium-testNG/310//#testresult/39254c25f1aedd3f","status":"broken","statusDetails":"Unable to establish websocket connection to http://localhost:43983/devtools/browser/afef3ed0-4862-46ee-9785-397d02239677\nBuild info: version: '4.8.0', revision: '267030adea'\nSystem info: os.name: 'Linux', os.arch: 'amd64', os.version: '5.15.0-1036-azure', java.version: '11.0.19'\nDriver info: driver.version: ChromeDriver","time":{"start":1683558714258,"stop":1683558714483,"duration":225}},{"uid":"9a128410d7916af","reportUrl":"https://minhvl1.github.io/cucumber-selenium-testNG/309//#testresult/9a128410d7916af","status":"broken","statusDetails":"Unable to establish websocket connection to http://localhost:45591/devtools/browser/96ab46f6-6752-4545-aca2-636ab106b5c8\nBuild info: version: '4.8.0', revision: '267030adea'\nSystem info: os.name: 'Linux', os.arch: 'amd64', os.version: '5.15.0-1036-azure', java.version: '11.0.19'\nDriver info: driver.version: ChromeDriver","time":{"start":1683533686473,"stop":1683533686736,"duration":263}},{"uid":"6f109fbd4354944c","reportUrl":"https://minhvl1.github.io/cucumber-selenium-testNG/308//#testresult/6f109fbd4354944c","status":"broken","statusDetails":"Unable to establish websocket connection to http://localhost:44957/devtools/browser/8018fcef-e061-40fb-ac03-8afd9d14c554\nBuild info: version: '4.8.0', revision: '267030adea'\nSystem info: os.name: 'Linux', os.arch: 'amd64', os.version: '5.15.0-1036-azure', java.version: '11.0.19'\nDriver info: driver.version: ChromeDriver","time":{"start":1683299488836,"stop":1683299489063,"duration":227}},{"uid":"23b1fba79ae43e99","reportUrl":"https://minhvl1.github.io/cucumber-selenium-testNG/307//#testresult/23b1fba79ae43e99","status":"broken","statusDetails":"Unable to establish websocket connection to http://localhost:41589/devtools/browser/1e5b377f-ecb5-4423-99ad-bb89bcfb5e29\nBuild info: version: '4.8.0', revision: '267030adea'\nSystem info: os.name: 'Linux', os.arch: 'amd64', os.version: '5.15.0-1036-azure', java.version: '11.0.19'\nDriver info: driver.version: ChromeDriver","time":{"start":1683274446592,"stop":1683274446860,"duration":268}},{"uid":"1bd202a19af5c4f3","reportUrl":"https://minhvl1.github.io/cucumber-selenium-testNG/306//#testresult/1bd202a19af5c4f3","status":"broken","statusDetails":"Unable to establish websocket connection to http://localhost:41289/devtools/browser/186bc2e0-875e-4474-92b0-76f360910f25\nBuild info: version: '4.8.0', revision: '267030adea'\nSystem info: os.name: 'Linux', os.arch: 'amd64', os.version: '5.15.0-1036-azure', java.version: '11.0.19'\nDriver info: driver.version: ChromeDriver","time":{"start":1683213129334,"stop":1683213129584,"duration":250}},{"uid":"4dc58462b596e4ec","reportUrl":"https://minhvl1.github.io/cucumber-selenium-testNG/305//#testresult/4dc58462b596e4ec","status":"broken","statusDetails":"Unable to establish websocket connection to http://localhost:43135/devtools/browser/7139d549-c7cf-4bad-8683-671d87526d93\nBuild info: version: '4.8.0', revision: '267030adea'\nSystem info: os.name: 'Linux', os.arch: 'amd64', os.version: '5.15.0-1036-azure', java.version: '11.0.19'\nDriver info: driver.version: ChromeDriver","time":{"start":1683188060222,"stop":1683188060493,"duration":271}},{"uid":"d0499717d00d1d8d","reportUrl":"https://minhvl1.github.io/cucumber-selenium-testNG/304//#testresult/d0499717d00d1d8d","status":"broken","statusDetails":"Unable to establish websocket connection to http://localhost:45903/devtools/browser/0499f643-a01f-44e8-b790-0dd7e0f8dfca\nBuild info: version: '4.8.0', revision: '267030adea'\nSystem info: os.name: 'Linux', os.arch: 'amd64', os.version: '5.15.0-1036-azure', java.version: '11.0.19'\nDriver info: driver.version: ChromeDriver","time":{"start":1683126720384,"stop":1683126720647,"duration":263}},{"uid":"802aafe6345cae71","reportUrl":"https://minhvl1.github.io/cucumber-selenium-testNG/303//#testresult/802aafe6345cae71","status":"broken","statusDetails":"Unable to establish websocket connection to http://localhost:33137/devtools/browser/a3120fc5-86f0-4573-8bff-814e6b2caf7f\nBuild info: version: '4.8.0', revision: '267030adea'\nSystem info: os.name: 'Linux', os.arch: 'amd64', os.version: '5.15.0-1036-azure', java.version: '11.0.19'\nDriver info: driver.version: ChromeDriver","time":{"start":1683101622096,"stop":1683101622319,"duration":223}},{"uid":"5c6eb601cc4cc6f","reportUrl":"https://minhvl1.github.io/cucumber-selenium-testNG/302//#testresult/5c6eb601cc4cc6f","status":"broken","statusDetails":"Unable to establish websocket connection to http://localhost:44325/devtools/browser/5b5b5e93-4871-44f6-a525-2c406e25c043\nBuild info: version: '4.8.0', revision: '267030adea'\nSystem info: os.name: 'Linux', os.arch: 'amd64', os.version: '5.15.0-1036-azure', java.version: '11.0.19'\nDriver info: driver.version: ChromeDriver","time":{"start":1683040386856,"stop":1683040387121,"duration":265}},{"uid":"81e8ecdef0bda0c0","reportUrl":"https://minhvl1.github.io/cucumber-selenium-testNG/301//#testresult/81e8ecdef0bda0c0","status":"broken","statusDetails":"Unable to establish websocket connection to http://localhost:40461/devtools/browser/42772c00-48a4-40da-8b45-7e0a9e796ab6\nBuild info: version: '4.8.0', revision: '267030adea'\nSystem info: os.name: 'Linux', os.arch: 'amd64', os.version: '5.15.0-1036-azure', java.version: '11.0.19'\nDriver info: driver.version: ChromeDriver","time":{"start":1683015254410,"stop":1683015254671,"duration":261}},{"uid":"afc3b5bbf519ce8b","reportUrl":"https://minhvl1.github.io/cucumber-selenium-testNG/300//#testresult/afc3b5bbf519ce8b","status":"broken","statusDetails":"Unable to establish websocket connection to http://localhost:39625/devtools/browser/7b34bf93-a295-49b6-aee4-e951f45a1da0\nBuild info: version: '4.8.0', revision: '267030adea'\nSystem info: os.name: 'Linux', os.arch: 'amd64', os.version: '5.15.0-1036-azure', java.version: '11.0.19'\nDriver info: driver.version: ChromeDriver","time":{"start":1682953913645,"stop":1682953913943,"duration":298}}]},"tags":["prod","TestOuline","Feature2"]},"source":"1cfd0305455916e0.json","parameterValues":["\"CMC\""]}