{"uid":"49fd8c0c98400a25","name":"search \"review cong ty\" in google","fullName":"test google search outline: search \"review cong ty\" in google","historyId":"6042b258c89f3611f7e0e7253f6aa66c","time":{"start":1718698597417,"stop":1718698597684,"duration":267},"status":"broken","statusMessage":"Could not start a new session. Response code 500. Message: session not created: This version of ChromeDriver only supports Chrome version 114\nCurrent browser version is 126.0.6478.61 with binary path /usr/bin/google-chrome \nHost info: host: 'fv-az840-222', ip: '10.1.1.167'\nBuild info: version: '4.8.0', revision: '267030adea'\nSystem info: os.name: 'Linux', os.arch: 'amd64', os.version: '6.5.0-1022-azure', java.version: '11.0.23'\nDriver info: org.openqa.selenium.chrome.ChromeDriver\nCommand: [null, newSession {capabilities=[Capabilities {browserName: chrome, goog:chromeOptions: {args: [--remote-allow-origins=*, --headless, --disable-dev-shm-usage, --no-sandbox], extensions: []}}], desiredCapabilities=Capabilities {browserName: chrome, goog:chromeOptions: {args: [--remote-allow-origins=*, --headless, --disable-dev-shm-usage, --no-sandbox], extensions: []}}}]","statusTrace":"org.openqa.selenium.SessionNotCreatedException: Could not start a new session. Response code 500. Message: session not created: This version of ChromeDriver only supports Chrome version 114\nCurrent browser version is 126.0.6478.61 with binary path /usr/bin/google-chrome \nHost info: host: 'fv-az840-222', ip: '10.1.1.167'\nBuild info: version: '4.8.0', revision: '267030adea'\nSystem info: os.name: 'Linux', os.arch: 'amd64', os.version: '6.5.0-1022-azure', java.version: '11.0.23'\nDriver info: org.openqa.selenium.chrome.ChromeDriver\nCommand: [null, newSession {capabilities=[Capabilities {browserName: chrome, goog:chromeOptions: {args: [--remote-allow-origins=*, --headless, --disable-dev-shm-usage, --no-sandbox], extensions: []}}], desiredCapabilities=Capabilities {browserName: chrome, goog:chromeOptions: {args: [--remote-allow-origins=*, --headless, --disable-dev-shm-usage, --no-sandbox], extensions: []}}}]\n\tat org.openqa.selenium.remote.ProtocolHandshake.createSession(ProtocolHandshake.java:148)\n\tat org.openqa.selenium.remote.ProtocolHandshake.createSession(ProtocolHandshake.java:106)\n\tat org.openqa.selenium.remote.ProtocolHandshake.createSession(ProtocolHandshake.java:67)\n\tat org.openqa.selenium.remote.HttpCommandExecutor.execute(HttpCommandExecutor.java:156)\n\tat org.openqa.selenium.remote.service.DriverCommandExecutor.invokeExecute(DriverCommandExecutor.java:167)\n\tat org.openqa.selenium.remote.service.DriverCommandExecutor.execute(DriverCommandExecutor.java:142)\n\tat org.openqa.selenium.remote.RemoteWebDriver.execute(RemoteWebDriver.java:543)\n\tat org.openqa.selenium.remote.RemoteWebDriver.startSession(RemoteWebDriver.java:229)\n\tat org.openqa.selenium.remote.RemoteWebDriver.<init>(RemoteWebDriver.java:157)\n\tat org.openqa.selenium.chromium.ChromiumDriver.<init>(ChromiumDriver.java:101)\n\tat org.openqa.selenium.chrome.ChromeDriver.<init>(ChromeDriver.java:82)\n\tat org.openqa.selenium.chrome.ChromeDriver.<init>(ChromeDriver.java:71)\n\tat cucumberHooks.Hooks.openAndQuitBrowser(Hooks.java:76)\n\tat Steps.MyStepdefs.<init>(MyStepdefs.java:28)\n\tat java.base/jdk.internal.reflect.NativeConstructorAccessorImpl.newInstance0(Native Method)\n\tat java.base/jdk.internal.reflect.NativeConstructorAccessorImpl.newInstance(NativeConstructorAccessorImpl.java:62)\n\tat java.base/jdk.internal.reflect.DelegatingConstructorAccessorImpl.newInstance(DelegatingConstructorAccessorImpl.java:45)\n\tat java.base/java.lang.reflect.Constructor.newInstance(Constructor.java:490)\n\tat org.picocontainer.injectors.AbstractInjector.newInstance(AbstractInjector.java:145)\n\tat org.picocontainer.injectors.ConstructorInjector$1.run(ConstructorInjector.java:342)\n\tat org.picocontainer.injectors.AbstractInjector$ThreadLocalCyclicDependencyGuard.observe(AbstractInjector.java:270)\n\tat org.picocontainer.injectors.ConstructorInjector.getComponentInstance(ConstructorInjector.java:364)\n\tat org.picocontainer.injectors.AbstractInjectionFactory$LifecycleAdapter.getComponentInstance(AbstractInjectionFactory.java:56)\n\tat org.picocontainer.behaviors.AbstractBehavior.getComponentInstance(AbstractBehavior.java:64)\n\tat org.picocontainer.behaviors.Stored.getComponentInstance(Stored.java:91)\n\tat org.picocontainer.DefaultPicoContainer.getInstance(DefaultPicoContainer.java:699)\n\tat org.picocontainer.DefaultPicoContainer.getComponent(DefaultPicoContainer.java:647)\n\tat org.picocontainer.DefaultPicoContainer.getComponent(DefaultPicoContainer.java:678)\n\tat io.cucumber.picocontainer.PicoFactory.getInstance(PicoFactory.java:49)\n\tat io.cucumber.java.AbstractGlueDefinition.invokeMethod(AbstractGlueDefinition.java:47)\n\tat io.cucumber.java.JavaStepDefinition.execute(JavaStepDefinition.java:29)\n\tat io.cucumber.core.runner.CoreStepDefinition.execute(CoreStepDefinition.java:66)\n\tat io.cucumber.core.runner.PickleStepDefinitionMatch.runStep(PickleStepDefinitionMatch.java:63)\n\tat io.cucumber.core.runner.ExecutionMode$1.execute(ExecutionMode.java:10)\n\tat io.cucumber.core.runner.TestStep.executeStep(TestStep.java:85)\n\tat io.cucumber.core.runner.TestStep.run(TestStep.java:57)\n\tat io.cucumber.core.runner.PickleStepTestStep.run(PickleStepTestStep.java:51)\n\tat io.cucumber.core.runner.TestCase.run(TestCase.java:84)\n\tat io.cucumber.core.runner.Runner.runPickle(Runner.java:75)\n\tat io.cucumber.testng.TestNGCucumberRunner.lambda$runScenario$1(TestNGCucumberRunner.java:132)\n\tat io.cucumber.core.runtime.CucumberExecutionContext.lambda$runTestCase$5(CucumberExecutionContext.java:129)\n\tat io.cucumber.core.runtime.RethrowingThrowableCollector.executeAndThrow(RethrowingThrowableCollector.java:23)\n\tat io.cucumber.core.runtime.CucumberExecutionContext.runTestCase(CucumberExecutionContext.java:129)\n\tat io.cucumber.testng.TestNGCucumberRunner.runScenario(TestNGCucumberRunner.java:129)\n\tat io.cucumber.testng.AbstractTestNGCucumberTests.runScenario(AbstractTestNGCucumberTests.java:35)\n\tat java.base/jdk.internal.reflect.NativeMethodAccessorImpl.invoke0(Native Method)\n\tat java.base/jdk.internal.reflect.NativeMethodAccessorImpl.invoke(NativeMethodAccessorImpl.java:62)\n\tat java.base/jdk.internal.reflect.DelegatingMethodAccessorImpl.invoke(DelegatingMethodAccessorImpl.java:43)\n\tat java.base/java.lang.reflect.Method.invoke(Method.java:566)\n\tat org.testng.internal.invokers.MethodInvocationHelper.invokeMethod(MethodInvocationHelper.java:139)\n\tat org.testng.internal.invokers.TestInvoker.invokeMethod(TestInvoker.java:677)\n\tat org.testng.internal.invokers.TestInvoker.invokeTestMethod(TestInvoker.java:221)\n\tat org.testng.internal.invokers.MethodRunner.runInSequence(MethodRunner.java:50)\n\tat org.testng.internal.invokers.TestInvoker$MethodInvocationAgent.invoke(TestInvoker.java:969)\n\tat org.testng.internal.invokers.TestInvoker.invokeTestMethods(TestInvoker.java:194)\n\tat org.testng.internal.invokers.TestMethodWorker.invokeTestMethods(TestMethodWorker.java:148)\n\tat org.testng.internal.invokers.TestMethodWorker.run(TestMethodWorker.java:128)\n\tat java.base/java.util.ArrayList.forEach(ArrayList.java:1541)\n\tat org.testng.TestRunner.privateRun(TestRunner.java:829)\n\tat org.testng.TestRunner.run(TestRunner.java:602)\n\tat org.testng.SuiteRunner.runTest(SuiteRunner.java:437)\n\tat org.testng.SuiteRunner.runSequentially(SuiteRunner.java:431)\n\tat org.testng.SuiteRunner.privateRun(SuiteRunner.java:391)\n\tat org.testng.SuiteRunner.run(SuiteRunner.java:330)\n\tat org.testng.SuiteRunnerWorker.runSuite(SuiteRunnerWorker.java:52)\n\tat org.testng.SuiteRunnerWorker.run(SuiteRunnerWorker.java:95)\n\tat org.testng.TestNG.runSuitesSequentially(TestNG.java:1256)\n\tat org.testng.TestNG.runSuitesLocally(TestNG.java:1176)\n\tat org.testng.TestNG.runSuites(TestNG.java:1099)\n\tat org.testng.TestNG.run(TestNG.java:1067)\n\tat org.apache.maven.surefire.testng.TestNGExecutor.run(TestNGExecutor.java:324)\n\tat org.apache.maven.surefire.testng.TestNGXmlTestSuite.execute(TestNGXmlTestSuite.java:74)\n\tat org.apache.maven.surefire.testng.TestNGProvider.invoke(TestNGProvider.java:123)\n\tat org.apache.maven.surefire.booter.ForkedBooter.runSuitesInProcess(ForkedBooter.java:456)\n\tat org.apache.maven.surefire.booter.ForkedBooter.execute(ForkedBooter.java:169)\n\tat org.apache.maven.surefire.booter.ForkedBooter.run(ForkedBooter.java:595)\n\tat org.apache.maven.surefire.booter.ForkedBooter.main(ForkedBooter.java:581)\n","flaky":false,"newFailed":false,"newBroken":false,"newPassed":false,"retriesCount":0,"retriesStatusChange":false,"beforeStages":[],"testStage":{"status":"broken","statusMessage":"Could not start a new session. Response code 500. Message: session not created: This version of ChromeDriver only supports Chrome version 114\nCurrent browser version is 126.0.6478.61 with binary path /usr/bin/google-chrome \nHost info: host: 'fv-az840-222', ip: '10.1.1.167'\nBuild info: version: '4.8.0', revision: '267030adea'\nSystem info: os.name: 'Linux', os.arch: 'amd64', os.version: '6.5.0-1022-azure', java.version: '11.0.23'\nDriver info: org.openqa.selenium.chrome.ChromeDriver\nCommand: [null, newSession {capabilities=[Capabilities {browserName: chrome, goog:chromeOptions: {args: [--remote-allow-origins=*, --headless, --disable-dev-shm-usage, --no-sandbox], extensions: []}}], desiredCapabilities=Capabilities {browserName: chrome, goog:chromeOptions: {args: [--remote-allow-origins=*, --headless, --disable-dev-shm-usage, --no-sandbox], extensions: []}}}]","statusTrace":"org.openqa.selenium.SessionNotCreatedException: Could not start a new session. Response code 500. Message: session not created: This version of ChromeDriver only supports Chrome version 114\nCurrent browser version is 126.0.6478.61 with binary path /usr/bin/google-chrome \nHost info: host: 'fv-az840-222', ip: '10.1.1.167'\nBuild info: version: '4.8.0', revision: '267030adea'\nSystem info: os.name: 'Linux', os.arch: 'amd64', os.version: '6.5.0-1022-azure', java.version: '11.0.23'\nDriver info: org.openqa.selenium.chrome.ChromeDriver\nCommand: [null, newSession {capabilities=[Capabilities {browserName: chrome, goog:chromeOptions: {args: [--remote-allow-origins=*, --headless, --disable-dev-shm-usage, --no-sandbox], extensions: []}}], desiredCapabilities=Capabilities {browserName: chrome, goog:chromeOptions: {args: [--remote-allow-origins=*, --headless, --disable-dev-shm-usage, --no-sandbox], extensions: []}}}]\n\tat org.openqa.selenium.remote.ProtocolHandshake.createSession(ProtocolHandshake.java:148)\n\tat org.openqa.selenium.remote.ProtocolHandshake.createSession(ProtocolHandshake.java:106)\n\tat org.openqa.selenium.remote.ProtocolHandshake.createSession(ProtocolHandshake.java:67)\n\tat org.openqa.selenium.remote.HttpCommandExecutor.execute(HttpCommandExecutor.java:156)\n\tat org.openqa.selenium.remote.service.DriverCommandExecutor.invokeExecute(DriverCommandExecutor.java:167)\n\tat org.openqa.selenium.remote.service.DriverCommandExecutor.execute(DriverCommandExecutor.java:142)\n\tat org.openqa.selenium.remote.RemoteWebDriver.execute(RemoteWebDriver.java:543)\n\tat org.openqa.selenium.remote.RemoteWebDriver.startSession(RemoteWebDriver.java:229)\n\tat org.openqa.selenium.remote.RemoteWebDriver.<init>(RemoteWebDriver.java:157)\n\tat org.openqa.selenium.chromium.ChromiumDriver.<init>(ChromiumDriver.java:101)\n\tat org.openqa.selenium.chrome.ChromeDriver.<init>(ChromeDriver.java:82)\n\tat org.openqa.selenium.chrome.ChromeDriver.<init>(ChromeDriver.java:71)\n\tat cucumberHooks.Hooks.openAndQuitBrowser(Hooks.java:76)\n\tat Steps.MyStepdefs.<init>(MyStepdefs.java:28)\n\tat java.base/jdk.internal.reflect.NativeConstructorAccessorImpl.newInstance0(Native Method)\n\tat java.base/jdk.internal.reflect.NativeConstructorAccessorImpl.newInstance(NativeConstructorAccessorImpl.java:62)\n\tat java.base/jdk.internal.reflect.DelegatingConstructorAccessorImpl.newInstance(DelegatingConstructorAccessorImpl.java:45)\n\tat java.base/java.lang.reflect.Constructor.newInstance(Constructor.java:490)\n\tat org.picocontainer.injectors.AbstractInjector.newInstance(AbstractInjector.java:145)\n\tat org.picocontainer.injectors.ConstructorInjector$1.run(ConstructorInjector.java:342)\n\tat org.picocontainer.injectors.AbstractInjector$ThreadLocalCyclicDependencyGuard.observe(AbstractInjector.java:270)\n\tat org.picocontainer.injectors.ConstructorInjector.getComponentInstance(ConstructorInjector.java:364)\n\tat org.picocontainer.injectors.AbstractInjectionFactory$LifecycleAdapter.getComponentInstance(AbstractInjectionFactory.java:56)\n\tat org.picocontainer.behaviors.AbstractBehavior.getComponentInstance(AbstractBehavior.java:64)\n\tat org.picocontainer.behaviors.Stored.getComponentInstance(Stored.java:91)\n\tat org.picocontainer.DefaultPicoContainer.getInstance(DefaultPicoContainer.java:699)\n\tat org.picocontainer.DefaultPicoContainer.getComponent(DefaultPicoContainer.java:647)\n\tat org.picocontainer.DefaultPicoContainer.getComponent(DefaultPicoContainer.java:678)\n\tat io.cucumber.picocontainer.PicoFactory.getInstance(PicoFactory.java:49)\n\tat io.cucumber.java.AbstractGlueDefinition.invokeMethod(AbstractGlueDefinition.java:47)\n\tat io.cucumber.java.JavaStepDefinition.execute(JavaStepDefinition.java:29)\n\tat io.cucumber.core.runner.CoreStepDefinition.execute(CoreStepDefinition.java:66)\n\tat io.cucumber.core.runner.PickleStepDefinitionMatch.runStep(PickleStepDefinitionMatch.java:63)\n\tat io.cucumber.core.runner.ExecutionMode$1.execute(ExecutionMode.java:10)\n\tat io.cucumber.core.runner.TestStep.executeStep(TestStep.java:85)\n\tat io.cucumber.core.runner.TestStep.run(TestStep.java:57)\n\tat io.cucumber.core.runner.PickleStepTestStep.run(PickleStepTestStep.java:51)\n\tat io.cucumber.core.runner.TestCase.run(TestCase.java:84)\n\tat io.cucumber.core.runner.Runner.runPickle(Runner.java:75)\n\tat io.cucumber.testng.TestNGCucumberRunner.lambda$runScenario$1(TestNGCucumberRunner.java:132)\n\tat io.cucumber.core.runtime.CucumberExecutionContext.lambda$runTestCase$5(CucumberExecutionContext.java:129)\n\tat io.cucumber.core.runtime.RethrowingThrowableCollector.executeAndThrow(RethrowingThrowableCollector.java:23)\n\tat io.cucumber.core.runtime.CucumberExecutionContext.runTestCase(CucumberExecutionContext.java:129)\n\tat io.cucumber.testng.TestNGCucumberRunner.runScenario(TestNGCucumberRunner.java:129)\n\tat io.cucumber.testng.AbstractTestNGCucumberTests.runScenario(AbstractTestNGCucumberTests.java:35)\n\tat java.base/jdk.internal.reflect.NativeMethodAccessorImpl.invoke0(Native Method)\n\tat java.base/jdk.internal.reflect.NativeMethodAccessorImpl.invoke(NativeMethodAccessorImpl.java:62)\n\tat java.base/jdk.internal.reflect.DelegatingMethodAccessorImpl.invoke(DelegatingMethodAccessorImpl.java:43)\n\tat java.base/java.lang.reflect.Method.invoke(Method.java:566)\n\tat org.testng.internal.invokers.MethodInvocationHelper.invokeMethod(MethodInvocationHelper.java:139)\n\tat org.testng.internal.invokers.TestInvoker.invokeMethod(TestInvoker.java:677)\n\tat org.testng.internal.invokers.TestInvoker.invokeTestMethod(TestInvoker.java:221)\n\tat org.testng.internal.invokers.MethodRunner.runInSequence(MethodRunner.java:50)\n\tat org.testng.internal.invokers.TestInvoker$MethodInvocationAgent.invoke(TestInvoker.java:969)\n\tat org.testng.internal.invokers.TestInvoker.invokeTestMethods(TestInvoker.java:194)\n\tat org.testng.internal.invokers.TestMethodWorker.invokeTestMethods(TestMethodWorker.java:148)\n\tat org.testng.internal.invokers.TestMethodWorker.run(TestMethodWorker.java:128)\n\tat java.base/java.util.ArrayList.forEach(ArrayList.java:1541)\n\tat org.testng.TestRunner.privateRun(TestRunner.java:829)\n\tat org.testng.TestRunner.run(TestRunner.java:602)\n\tat org.testng.SuiteRunner.runTest(SuiteRunner.java:437)\n\tat org.testng.SuiteRunner.runSequentially(SuiteRunner.java:431)\n\tat org.testng.SuiteRunner.privateRun(SuiteRunner.java:391)\n\tat org.testng.SuiteRunner.run(SuiteRunner.java:330)\n\tat org.testng.SuiteRunnerWorker.runSuite(SuiteRunnerWorker.java:52)\n\tat org.testng.SuiteRunnerWorker.run(SuiteRunnerWorker.java:95)\n\tat org.testng.TestNG.runSuitesSequentially(TestNG.java:1256)\n\tat org.testng.TestNG.runSuitesLocally(TestNG.java:1176)\n\tat org.testng.TestNG.runSuites(TestNG.java:1099)\n\tat org.testng.TestNG.run(TestNG.java:1067)\n\tat org.apache.maven.surefire.testng.TestNGExecutor.run(TestNGExecutor.java:324)\n\tat org.apache.maven.surefire.testng.TestNGXmlTestSuite.execute(TestNGXmlTestSuite.java:74)\n\tat org.apache.maven.surefire.testng.TestNGProvider.invoke(TestNGProvider.java:123)\n\tat org.apache.maven.surefire.booter.ForkedBooter.runSuitesInProcess(ForkedBooter.java:456)\n\tat org.apache.maven.surefire.booter.ForkedBooter.execute(ForkedBooter.java:169)\n\tat org.apache.maven.surefire.booter.ForkedBooter.run(ForkedBooter.java:595)\n\tat org.apache.maven.surefire.booter.ForkedBooter.main(ForkedBooter.java:581)\n","steps":[{"name":"Given  open browser","time":{"start":1718698597417,"stop":1718698597680,"duration":263},"status":"broken","statusMessage":"Could not start a new session. Response code 500. Message: session not created: This version of ChromeDriver only supports Chrome version 114\nCurrent browser version is 126.0.6478.61 with binary path /usr/bin/google-chrome \nHost info: host: 'fv-az840-222', ip: '10.1.1.167'\nBuild info: version: '4.8.0', revision: '267030adea'\nSystem info: os.name: 'Linux', os.arch: 'amd64', os.version: '6.5.0-1022-azure', java.version: '11.0.23'\nDriver info: org.openqa.selenium.chrome.ChromeDriver\nCommand: [null, newSession {capabilities=[Capabilities {browserName: chrome, goog:chromeOptions: {args: [--remote-allow-origins=*, --headless, --disable-dev-shm-usage, --no-sandbox], extensions: []}}], desiredCapabilities=Capabilities {browserName: chrome, goog:chromeOptions: {args: [--remote-allow-origins=*, --headless, --disable-dev-shm-usage, --no-sandbox], extensions: []}}}]","statusTrace":"org.openqa.selenium.SessionNotCreatedException: Could not start a new session. Response code 500. Message: session not created: This version of ChromeDriver only supports Chrome version 114\nCurrent browser version is 126.0.6478.61 with binary path /usr/bin/google-chrome \nHost info: host: 'fv-az840-222', ip: '10.1.1.167'\nBuild info: version: '4.8.0', revision: '267030adea'\nSystem info: os.name: 'Linux', os.arch: 'amd64', os.version: '6.5.0-1022-azure', java.version: '11.0.23'\nDriver info: org.openqa.selenium.chrome.ChromeDriver\nCommand: [null, newSession {capabilities=[Capabilities {browserName: chrome, goog:chromeOptions: {args: [--remote-allow-origins=*, --headless, --disable-dev-shm-usage, --no-sandbox], extensions: []}}], desiredCapabilities=Capabilities {browserName: chrome, goog:chromeOptions: {args: [--remote-allow-origins=*, --headless, --disable-dev-shm-usage, --no-sandbox], extensions: []}}}]\n\tat org.openqa.selenium.remote.ProtocolHandshake.createSession(ProtocolHandshake.java:148)\n\tat org.openqa.selenium.remote.ProtocolHandshake.createSession(ProtocolHandshake.java:106)\n\tat org.openqa.selenium.remote.ProtocolHandshake.createSession(ProtocolHandshake.java:67)\n\tat org.openqa.selenium.remote.HttpCommandExecutor.execute(HttpCommandExecutor.java:156)\n\tat org.openqa.selenium.remote.service.DriverCommandExecutor.invokeExecute(DriverCommandExecutor.java:167)\n\tat org.openqa.selenium.remote.service.DriverCommandExecutor.execute(DriverCommandExecutor.java:142)\n\tat org.openqa.selenium.remote.RemoteWebDriver.execute(RemoteWebDriver.java:543)\n\tat org.openqa.selenium.remote.RemoteWebDriver.startSession(RemoteWebDriver.java:229)\n\tat org.openqa.selenium.remote.RemoteWebDriver.<init>(RemoteWebDriver.java:157)\n\tat org.openqa.selenium.chromium.ChromiumDriver.<init>(ChromiumDriver.java:101)\n\tat org.openqa.selenium.chrome.ChromeDriver.<init>(ChromeDriver.java:82)\n\tat org.openqa.selenium.chrome.ChromeDriver.<init>(ChromeDriver.java:71)\n\tat cucumberHooks.Hooks.openAndQuitBrowser(Hooks.java:76)\n\tat Steps.MyStepdefs.<init>(MyStepdefs.java:28)\n\tat java.base/jdk.internal.reflect.NativeConstructorAccessorImpl.newInstance0(Native Method)\n\tat java.base/jdk.internal.reflect.NativeConstructorAccessorImpl.newInstance(NativeConstructorAccessorImpl.java:62)\n\tat java.base/jdk.internal.reflect.DelegatingConstructorAccessorImpl.newInstance(DelegatingConstructorAccessorImpl.java:45)\n\tat java.base/java.lang.reflect.Constructor.newInstance(Constructor.java:490)\n\tat org.picocontainer.injectors.AbstractInjector.newInstance(AbstractInjector.java:145)\n\tat org.picocontainer.injectors.ConstructorInjector$1.run(ConstructorInjector.java:342)\n\tat org.picocontainer.injectors.AbstractInjector$ThreadLocalCyclicDependencyGuard.observe(AbstractInjector.java:270)\n\tat org.picocontainer.injectors.ConstructorInjector.getComponentInstance(ConstructorInjector.java:364)\n\tat org.picocontainer.injectors.AbstractInjectionFactory$LifecycleAdapter.getComponentInstance(AbstractInjectionFactory.java:56)\n\tat org.picocontainer.behaviors.AbstractBehavior.getComponentInstance(AbstractBehavior.java:64)\n\tat org.picocontainer.behaviors.Stored.getComponentInstance(Stored.java:91)\n\tat org.picocontainer.DefaultPicoContainer.getInstance(DefaultPicoContainer.java:699)\n\tat org.picocontainer.DefaultPicoContainer.getComponent(DefaultPicoContainer.java:647)\n\tat org.picocontainer.DefaultPicoContainer.getComponent(DefaultPicoContainer.java:678)\n\tat io.cucumber.picocontainer.PicoFactory.getInstance(PicoFactory.java:49)\n\tat io.cucumber.java.AbstractGlueDefinition.invokeMethod(AbstractGlueDefinition.java:47)\n\tat io.cucumber.java.JavaStepDefinition.execute(JavaStepDefinition.java:29)\n\tat io.cucumber.core.runner.CoreStepDefinition.execute(CoreStepDefinition.java:66)\n\tat io.cucumber.core.runner.PickleStepDefinitionMatch.runStep(PickleStepDefinitionMatch.java:63)\n\tat io.cucumber.core.runner.ExecutionMode$1.execute(ExecutionMode.java:10)\n\tat io.cucumber.core.runner.TestStep.executeStep(TestStep.java:85)\n\tat io.cucumber.core.runner.TestStep.run(TestStep.java:57)\n\tat io.cucumber.core.runner.PickleStepTestStep.run(PickleStepTestStep.java:51)\n\tat io.cucumber.core.runner.TestCase.run(TestCase.java:84)\n\tat io.cucumber.core.runner.Runner.runPickle(Runner.java:75)\n\tat io.cucumber.testng.TestNGCucumberRunner.lambda$runScenario$1(TestNGCucumberRunner.java:132)\n\tat io.cucumber.core.runtime.CucumberExecutionContext.lambda$runTestCase$5(CucumberExecutionContext.java:129)\n\tat io.cucumber.core.runtime.RethrowingThrowableCollector.executeAndThrow(RethrowingThrowableCollector.java:23)\n\tat io.cucumber.core.runtime.CucumberExecutionContext.runTestCase(CucumberExecutionContext.java:129)\n\tat io.cucumber.testng.TestNGCucumberRunner.runScenario(TestNGCucumberRunner.java:129)\n\tat io.cucumber.testng.AbstractTestNGCucumberTests.runScenario(AbstractTestNGCucumberTests.java:35)\n\tat java.base/jdk.internal.reflect.NativeMethodAccessorImpl.invoke0(Native Method)\n\tat java.base/jdk.internal.reflect.NativeMethodAccessorImpl.invoke(NativeMethodAccessorImpl.java:62)\n\tat java.base/jdk.internal.reflect.DelegatingMethodAccessorImpl.invoke(DelegatingMethodAccessorImpl.java:43)\n\tat java.base/java.lang.reflect.Method.invoke(Method.java:566)\n\tat org.testng.internal.invokers.MethodInvocationHelper.invokeMethod(MethodInvocationHelper.java:139)\n\tat org.testng.internal.invokers.TestInvoker.invokeMethod(TestInvoker.java:677)\n\tat org.testng.internal.invokers.TestInvoker.invokeTestMethod(TestInvoker.java:221)\n\tat org.testng.internal.invokers.MethodRunner.runInSequence(MethodRunner.java:50)\n\tat org.testng.internal.invokers.TestInvoker$MethodInvocationAgent.invoke(TestInvoker.java:969)\n\tat org.testng.internal.invokers.TestInvoker.invokeTestMethods(TestInvoker.java:194)\n\tat org.testng.internal.invokers.TestMethodWorker.invokeTestMethods(TestMethodWorker.java:148)\n\tat org.testng.internal.invokers.TestMethodWorker.run(TestMethodWorker.java:128)\n\tat java.base/java.util.ArrayList.forEach(ArrayList.java:1541)\n\tat org.testng.TestRunner.privateRun(TestRunner.java:829)\n\tat org.testng.TestRunner.run(TestRunner.java:602)\n\tat org.testng.SuiteRunner.runTest(SuiteRunner.java:437)\n\tat org.testng.SuiteRunner.runSequentially(SuiteRunner.java:431)\n\tat org.testng.SuiteRunner.privateRun(SuiteRunner.java:391)\n\tat org.testng.SuiteRunner.run(SuiteRunner.java:330)\n\tat org.testng.SuiteRunnerWorker.runSuite(SuiteRunnerWorker.java:52)\n\tat org.testng.SuiteRunnerWorker.run(SuiteRunnerWorker.java:95)\n\tat org.testng.TestNG.runSuitesSequentially(TestNG.java:1256)\n\tat org.testng.TestNG.runSuitesLocally(TestNG.java:1176)\n\tat org.testng.TestNG.runSuites(TestNG.java:1099)\n\tat org.testng.TestNG.run(TestNG.java:1067)\n\tat org.apache.maven.surefire.testng.TestNGExecutor.run(TestNGExecutor.java:324)\n\tat org.apache.maven.surefire.testng.TestNGXmlTestSuite.execute(TestNGXmlTestSuite.java:74)\n\tat org.apache.maven.surefire.testng.TestNGProvider.invoke(TestNGProvider.java:123)\n\tat org.apache.maven.surefire.booter.ForkedBooter.runSuitesInProcess(ForkedBooter.java:456)\n\tat org.apache.maven.surefire.booter.ForkedBooter.execute(ForkedBooter.java:169)\n\tat org.apache.maven.surefire.booter.ForkedBooter.run(ForkedBooter.java:595)\n\tat org.apache.maven.surefire.booter.ForkedBooter.main(ForkedBooter.java:581)\n","steps":[],"attachments":[],"parameters":[],"shouldDisplayMessage":true,"stepsCount":0,"attachmentsCount":0,"hasContent":true,"attachmentStep":false},{"name":"When  Search \"review cong ty\"","time":{"start":1718698597681,"stop":1718698597681,"duration":0},"status":"skipped","steps":[],"attachments":[],"parameters":[],"shouldDisplayMessage":false,"stepsCount":0,"attachmentsCount":0,"hasContent":false,"attachmentStep":false},{"name":"And  Click search button","time":{"start":1718698597682,"stop":1718698597682,"duration":0},"status":"skipped","steps":[],"attachments":[],"parameters":[],"shouldDisplayMessage":false,"stepsCount":0,"attachmentsCount":0,"hasContent":false,"attachmentStep":false},{"name":"Then  See result page","time":{"start":1718698597682,"stop":1718698597682,"duration":0},"status":"skipped","steps":[],"attachments":[],"parameters":[],"shouldDisplayMessage":false,"stepsCount":0,"attachmentsCount":0,"hasContent":false,"attachmentStep":false}],"attachments":[],"parameters":[],"shouldDisplayMessage":false,"stepsCount":4,"attachmentsCount":0,"hasContent":true,"attachmentStep":false},"afterStages":[{"name":"cucumberHooks.Hooks.afterStep(io.cucumber.java.Scenario)","time":{"start":1718698597683,"stop":1718698597683,"duration":0},"status":"broken","statusMessage":"AFTER is failed: null","statusTrace":"java.lang.NullPointerException\n\tat cucumberHooks.Hooks.afterStep(Hooks.java:132)\n","steps":[],"attachments":[],"parameters":[],"shouldDisplayMessage":true,"stepsCount":0,"attachmentsCount":0,"hasContent":true,"attachmentStep":false}],"labels":[{"name":"tag","value":"Feature2"},{"name":"tag","value":"TestOuline"},{"name":"tag","value":"prod"},{"name":"host","value":"fv-az840-222"},{"name":"thread","value":"2360@fv-az840-222.main(1)"},{"name":"feature","value":"test google search outline"},{"name":"story","value":"search \"review cong ty\" in google"},{"name":"suite","value":"test google search outline"},{"name":"testClass","value":"search \"review cong ty\" in google"},{"name":"framework","value":"cucumber4jvm"},{"name":"language","value":"java"},{"name":"gherkin_uri","value":"file:///home/runner/work/cucumber-selenium-testNG/cucumber-selenium-testNG/src/test/resources/features/Google_outline.feature"},{"name":"package","value":"src.test.resources.features.Google_outline_feature.test google search outline"},{"name":"resultFormat","value":"allure2"}],"parameters":[{"name":"arg0","value":"\"review cong ty\""}],"links":[],"hidden":false,"retry":false,"extra":{"severity":"normal","retries":[],"categories":[{"name":"Test defects","matchedStatuses":[],"flaky":false}],"history":{"statistic":{"failed":0,"broken":607,"skipped":0,"passed":256,"unknown":0,"total":863},"items":[{"uid":"dc7ba73848b624e2","reportUrl":"https://minhvl1.github.io/cucumber-selenium-testNG/895//#testresult/dc7ba73848b624e2","status":"broken","statusDetails":"Could not start a new session. Response code 500. Message: session not created: This version of ChromeDriver only supports Chrome version 114\nCurrent browser version is 125.0.6422.141 with binary path /usr/bin/google-chrome \nHost info: host: 'fv-az973-370', ip: '10.1.0.245'\nBuild info: version: '4.8.0', revision: '267030adea'\nSystem info: os.name: 'Linux', os.arch: 'amd64', os.version: '6.5.0-1021-azure', java.version: '11.0.23'\nDriver info: org.openqa.selenium.chrome.ChromeDriver\nCommand: [null, newSession {capabilities=[Capabilities {browserName: chrome, goog:chromeOptions: {args: [--remote-allow-origins=*, --headless, --disable-dev-shm-usage, --no-sandbox], extensions: []}}], desiredCapabilities=Capabilities {browserName: chrome, goog:chromeOptions: {args: [--remote-allow-origins=*, --headless, --disable-dev-shm-usage, --no-sandbox], extensions: []}}}]","time":{"start":1718637240984,"stop":1718637241252,"duration":268}},{"uid":"b9b63796cef85ff6","reportUrl":"https://minhvl1.github.io/cucumber-selenium-testNG/894//#testresult/b9b63796cef85ff6","status":"broken","statusDetails":"Could not start a new session. Response code 500. Message: session not created: This version of ChromeDriver only supports Chrome version 114\nCurrent browser version is 125.0.6422.141 with binary path /usr/bin/google-chrome \nHost info: host: 'fv-az566-350', ip: '10.1.1.39'\nBuild info: version: '4.8.0', revision: '267030adea'\nSystem info: os.name: 'Linux', os.arch: 'amd64', os.version: '6.5.0-1021-azure', java.version: '11.0.23'\nDriver info: org.openqa.selenium.chrome.ChromeDriver\nCommand: [null, newSession {capabilities=[Capabilities {browserName: chrome, goog:chromeOptions: {args: [--remote-allow-origins=*, --headless, --disable-dev-shm-usage, --no-sandbox], extensions: []}}], desiredCapabilities=Capabilities {browserName: chrome, goog:chromeOptions: {args: [--remote-allow-origins=*, --headless, --disable-dev-shm-usage, --no-sandbox], extensions: []}}}]","time":{"start":1718612171084,"stop":1718612171349,"duration":265}},{"uid":"721d0af5e76c6d57","reportUrl":"https://minhvl1.github.io/cucumber-selenium-testNG/893//#testresult/721d0af5e76c6d57","status":"broken","statusDetails":"Could not start a new session. Response code 500. Message: session not created: This version of ChromeDriver only supports Chrome version 114\nCurrent browser version is 125.0.6422.141 with binary path /usr/bin/google-chrome \nHost info: host: 'fv-az984-30', ip: '10.1.0.104'\nBuild info: version: '4.8.0', revision: '267030adea'\nSystem info: os.name: 'Linux', os.arch: 'amd64', os.version: '6.5.0-1021-azure', java.version: '11.0.23'\nDriver info: org.openqa.selenium.chrome.ChromeDriver\nCommand: [null, newSession {capabilities=[Capabilities {browserName: chrome, goog:chromeOptions: {args: [--remote-allow-origins=*, --headless, --disable-dev-shm-usage, --no-sandbox], extensions: []}}], desiredCapabilities=Capabilities {browserName: chrome, goog:chromeOptions: {args: [--remote-allow-origins=*, --headless, --disable-dev-shm-usage, --no-sandbox], extensions: []}}}]","time":{"start":1718378062378,"stop":1718378062644,"duration":266}},{"uid":"b9dd6f43fd16a11e","reportUrl":"https://minhvl1.github.io/cucumber-selenium-testNG/892//#testresult/b9dd6f43fd16a11e","status":"broken","statusDetails":"Could not start a new session. Response code 500. Message: session not created: This version of ChromeDriver only supports Chrome version 114\nCurrent browser version is 125.0.6422.141 with binary path /usr/bin/google-chrome \nHost info: host: 'fv-az1424-456', ip: '10.1.0.235'\nBuild info: version: '4.8.0', revision: '267030adea'\nSystem info: os.name: 'Linux', os.arch: 'amd64', os.version: '6.5.0-1021-azure', java.version: '11.0.23'\nDriver info: org.openqa.selenium.chrome.ChromeDriver\nCommand: [null, newSession {capabilities=[Capabilities {browserName: chrome, goog:chromeOptions: {args: [--remote-allow-origins=*, --headless, --disable-dev-shm-usage, --no-sandbox], extensions: []}}], desiredCapabilities=Capabilities {browserName: chrome, goog:chromeOptions: {args: [--remote-allow-origins=*, --headless, --disable-dev-shm-usage, --no-sandbox], extensions: []}}}]","time":{"start":1718352908694,"stop":1718352908918,"duration":224}},{"uid":"86cbcd67a6d8b5ac","reportUrl":"https://minhvl1.github.io/cucumber-selenium-testNG/891//#testresult/86cbcd67a6d8b5ac","status":"broken","statusDetails":"Could not start a new session. Response code 500. Message: session not created: This version of ChromeDriver only supports Chrome version 114\nCurrent browser version is 125.0.6422.141 with binary path /usr/bin/google-chrome \nHost info: host: 'fv-az573-100', ip: '10.1.0.25'\nBuild info: version: '4.8.0', revision: '267030adea'\nSystem info: os.name: 'Linux', os.arch: 'amd64', os.version: '6.5.0-1021-azure', java.version: '11.0.23'\nDriver info: org.openqa.selenium.chrome.ChromeDriver\nCommand: [null, newSession {capabilities=[Capabilities {browserName: chrome, goog:chromeOptions: {args: [--remote-allow-origins=*, --headless, --disable-dev-shm-usage, --no-sandbox], extensions: []}}], desiredCapabilities=Capabilities {browserName: chrome, goog:chromeOptions: {args: [--remote-allow-origins=*, --headless, --disable-dev-shm-usage, --no-sandbox], extensions: []}}}]","time":{"start":1718291680832,"stop":1718291681053,"duration":221}},{"uid":"56d8592c3cff04a5","reportUrl":"https://minhvl1.github.io/cucumber-selenium-testNG/890//#testresult/56d8592c3cff04a5","status":"broken","statusDetails":"Could not start a new session. Response code 500. Message: session not created: This version of ChromeDriver only supports Chrome version 114\nCurrent browser version is 125.0.6422.141 with binary path /usr/bin/google-chrome \nHost info: host: 'fv-az692-439', ip: '10.1.0.11'\nBuild info: version: '4.8.0', revision: '267030adea'\nSystem info: os.name: 'Linux', os.arch: 'amd64', os.version: '6.5.0-1021-azure', java.version: '11.0.23'\nDriver info: org.openqa.selenium.chrome.ChromeDriver\nCommand: [null, newSession {capabilities=[Capabilities {browserName: chrome, goog:chromeOptions: {args: [--remote-allow-origins=*, --headless, --disable-dev-shm-usage, --no-sandbox], extensions: []}}], desiredCapabilities=Capabilities {browserName: chrome, goog:chromeOptions: {args: [--remote-allow-origins=*, --headless, --disable-dev-shm-usage, --no-sandbox], extensions: []}}}]","time":{"start":1718266543926,"stop":1718266544193,"duration":267}},{"uid":"e0bd73115cbf33ce","reportUrl":"https://minhvl1.github.io/cucumber-selenium-testNG/889//#testresult/e0bd73115cbf33ce","status":"broken","statusDetails":"Could not start a new session. Response code 500. Message: session not created: This version of ChromeDriver only supports Chrome version 114\nCurrent browser version is 125.0.6422.141 with binary path /usr/bin/google-chrome \nHost info: host: 'fv-az1487-855', ip: '10.1.0.105'\nBuild info: version: '4.8.0', revision: '267030adea'\nSystem info: os.name: 'Linux', os.arch: 'amd64', os.version: '6.5.0-1021-azure', java.version: '11.0.23'\nDriver info: org.openqa.selenium.chrome.ChromeDriver\nCommand: [null, newSession {capabilities=[Capabilities {browserName: chrome, goog:chromeOptions: {args: [--remote-allow-origins=*, --headless, --disable-dev-shm-usage, --no-sandbox], extensions: []}}], desiredCapabilities=Capabilities {browserName: chrome, goog:chromeOptions: {args: [--remote-allow-origins=*, --headless, --disable-dev-shm-usage, --no-sandbox], extensions: []}}}]","time":{"start":1718205112563,"stop":1718205112830,"duration":267}},{"uid":"28f075066a787d6a","reportUrl":"https://minhvl1.github.io/cucumber-selenium-testNG/888//#testresult/28f075066a787d6a","status":"broken","statusDetails":"Could not start a new session. Response code 500. Message: session not created: This version of ChromeDriver only supports Chrome version 114\nCurrent browser version is 125.0.6422.141 with binary path /usr/bin/google-chrome \nHost info: host: 'fv-az847-226', ip: '10.1.0.182'\nBuild info: version: '4.8.0', revision: '267030adea'\nSystem info: os.name: 'Linux', os.arch: 'amd64', os.version: '6.5.0-1021-azure', java.version: '11.0.23'\nDriver info: org.openqa.selenium.chrome.ChromeDriver\nCommand: [null, newSession {capabilities=[Capabilities {browserName: chrome, goog:chromeOptions: {args: [--remote-allow-origins=*, --headless, --disable-dev-shm-usage, --no-sandbox], extensions: []}}], desiredCapabilities=Capabilities {browserName: chrome, goog:chromeOptions: {args: [--remote-allow-origins=*, --headless, --disable-dev-shm-usage, --no-sandbox], extensions: []}}}]","time":{"start":1718180158221,"stop":1718180158486,"duration":265}},{"uid":"c54d6246ffa688ed","reportUrl":"https://minhvl1.github.io/cucumber-selenium-testNG/887//#testresult/c54d6246ffa688ed","status":"broken","statusDetails":"Could not start a new session. Response code 500. Message: session not created: This version of ChromeDriver only supports Chrome version 114\nCurrent browser version is 125.0.6422.141 with binary path /usr/bin/google-chrome \nHost info: host: 'fv-az887-455', ip: '10.1.0.37'\nBuild info: version: '4.8.0', revision: '267030adea'\nSystem info: os.name: 'Linux', os.arch: 'amd64', os.version: '6.5.0-1021-azure', java.version: '11.0.23'\nDriver info: org.openqa.selenium.chrome.ChromeDriver\nCommand: [null, newSession {capabilities=[Capabilities {browserName: chrome, goog:chromeOptions: {args: [--remote-allow-origins=*, --headless, --disable-dev-shm-usage, --no-sandbox], extensions: []}}], desiredCapabilities=Capabilities {browserName: chrome, goog:chromeOptions: {args: [--remote-allow-origins=*, --headless, --disable-dev-shm-usage, --no-sandbox], extensions: []}}}]","time":{"start":1718118759575,"stop":1718118759843,"duration":268}},{"uid":"b1b803155b3b1424","reportUrl":"https://minhvl1.github.io/cucumber-selenium-testNG/886//#testresult/b1b803155b3b1424","status":"broken","statusDetails":"Could not start a new session. Response code 500. Message: session not created: This version of ChromeDriver only supports Chrome version 114\nCurrent browser version is 125.0.6422.141 with binary path /usr/bin/google-chrome \nHost info: host: 'fv-az1055-767', ip: '10.1.0.113'\nBuild info: version: '4.8.0', revision: '267030adea'\nSystem info: os.name: 'Linux', os.arch: 'amd64', os.version: '6.5.0-1021-azure', java.version: '11.0.23'\nDriver info: org.openqa.selenium.chrome.ChromeDriver\nCommand: [null, newSession {capabilities=[Capabilities {browserName: chrome, goog:chromeOptions: {args: [--remote-allow-origins=*, --headless, --disable-dev-shm-usage, --no-sandbox], extensions: []}}], desiredCapabilities=Capabilities {browserName: chrome, goog:chromeOptions: {args: [--remote-allow-origins=*, --headless, --disable-dev-shm-usage, --no-sandbox], extensions: []}}}]","time":{"start":1718093784894,"stop":1718093785161,"duration":267}},{"uid":"b24f0b5e91e5ab8e","reportUrl":"https://minhvl1.github.io/cucumber-selenium-testNG/885//#testresult/b24f0b5e91e5ab8e","status":"broken","statusDetails":"Could not start a new session. Response code 500. Message: session not created: This version of ChromeDriver only supports Chrome version 114\nCurrent browser version is 125.0.6422.141 with binary path /usr/bin/google-chrome \nHost info: host: 'fv-az1205-875', ip: '10.1.0.31'\nBuild info: version: '4.8.0', revision: '267030adea'\nSystem info: os.name: 'Linux', os.arch: 'amd64', os.version: '6.5.0-1021-azure', java.version: '11.0.23'\nDriver info: org.openqa.selenium.chrome.ChromeDriver\nCommand: [null, newSession {capabilities=[Capabilities {browserName: chrome, goog:chromeOptions: {args: [--remote-allow-origins=*, --headless, --disable-dev-shm-usage, --no-sandbox], extensions: []}}], desiredCapabilities=Capabilities {browserName: chrome, goog:chromeOptions: {args: [--remote-allow-origins=*, --headless, --disable-dev-shm-usage, --no-sandbox], extensions: []}}}]","time":{"start":1718032436102,"stop":1718032436368,"duration":266}},{"uid":"c6fae1f739f43cf8","reportUrl":"https://minhvl1.github.io/cucumber-selenium-testNG/884//#testresult/c6fae1f739f43cf8","status":"broken","statusDetails":"Could not start a new session. Response code 500. Message: session not created: This version of ChromeDriver only supports Chrome version 114\nCurrent browser version is 125.0.6422.141 with binary path /usr/bin/google-chrome \nHost info: host: 'fv-az840-252', ip: '10.1.0.97'\nBuild info: version: '4.8.0', revision: '267030adea'\nSystem info: os.name: 'Linux', os.arch: 'amd64', os.version: '6.5.0-1021-azure', java.version: '11.0.23'\nDriver info: org.openqa.selenium.chrome.ChromeDriver\nCommand: [null, newSession {capabilities=[Capabilities {browserName: chrome, goog:chromeOptions: {args: [--remote-allow-origins=*, --headless, --disable-dev-shm-usage, --no-sandbox], extensions: []}}], desiredCapabilities=Capabilities {browserName: chrome, goog:chromeOptions: {args: [--remote-allow-origins=*, --headless, --disable-dev-shm-usage, --no-sandbox], extensions: []}}}]","time":{"start":1718007395901,"stop":1718007396120,"duration":219}},{"uid":"221264a4ef8134ab","reportUrl":"https://minhvl1.github.io/cucumber-selenium-testNG/883//#testresult/221264a4ef8134ab","status":"broken","statusDetails":"Could not start a new session. Response code 500. Message: session not created: This version of ChromeDriver only supports Chrome version 114\nCurrent browser version is 125.0.6422.141 with binary path /usr/bin/google-chrome \nHost info: host: 'fv-az1144-84', ip: '10.1.0.63'\nBuild info: version: '4.8.0', revision: '267030adea'\nSystem info: os.name: 'Linux', os.arch: 'amd64', os.version: '6.5.0-1021-azure', java.version: '11.0.23'\nDriver info: org.openqa.selenium.chrome.ChromeDriver\nCommand: [null, newSession {capabilities=[Capabilities {browserName: chrome, goog:chromeOptions: {args: [--remote-allow-origins=*, --headless, --disable-dev-shm-usage, --no-sandbox], extensions: []}}], desiredCapabilities=Capabilities {browserName: chrome, goog:chromeOptions: {args: [--remote-allow-origins=*, --headless, --disable-dev-shm-usage, --no-sandbox], extensions: []}}}]","time":{"start":1717773184519,"stop":1717773184833,"duration":314}},{"uid":"d762e8c9691b9e1c","reportUrl":"https://minhvl1.github.io/cucumber-selenium-testNG/882//#testresult/d762e8c9691b9e1c","status":"broken","statusDetails":"Could not start a new session. Response code 500. Message: session not created: This version of ChromeDriver only supports Chrome version 114\nCurrent browser version is 125.0.6422.141 with binary path /usr/bin/google-chrome \nHost info: host: 'fv-az1490-828', ip: '10.1.1.77'\nBuild info: version: '4.8.0', revision: '267030adea'\nSystem info: os.name: 'Linux', os.arch: 'amd64', os.version: '6.5.0-1021-azure', java.version: '11.0.23'\nDriver info: org.openqa.selenium.chrome.ChromeDriver\nCommand: [null, newSession {capabilities=[Capabilities {browserName: chrome, goog:chromeOptions: {args: [--remote-allow-origins=*, --headless, --disable-dev-shm-usage, --no-sandbox], extensions: []}}], desiredCapabilities=Capabilities {browserName: chrome, goog:chromeOptions: {args: [--remote-allow-origins=*, --headless, --disable-dev-shm-usage, --no-sandbox], extensions: []}}}]","time":{"start":1717748149846,"stop":1717748150113,"duration":267}},{"uid":"d6a24def5027e44","reportUrl":"https://minhvl1.github.io/cucumber-selenium-testNG/881//#testresult/d6a24def5027e44","status":"broken","statusDetails":"Could not start a new session. Response code 500. Message: session not created: This version of ChromeDriver only supports Chrome version 114\nCurrent browser version is 125.0.6422.141 with binary path /usr/bin/google-chrome \nHost info: host: 'fv-az1117-424', ip: '10.1.0.79'\nBuild info: version: '4.8.0', revision: '267030adea'\nSystem info: os.name: 'Linux', os.arch: 'amd64', os.version: '6.5.0-1021-azure', java.version: '11.0.23'\nDriver info: org.openqa.selenium.chrome.ChromeDriver\nCommand: [null, newSession {capabilities=[Capabilities {browserName: chrome, goog:chromeOptions: {args: [--remote-allow-origins=*, --headless, --disable-dev-shm-usage, --no-sandbox], extensions: []}}], desiredCapabilities=Capabilities {browserName: chrome, goog:chromeOptions: {args: [--remote-allow-origins=*, --headless, --disable-dev-shm-usage, --no-sandbox], extensions: []}}}]","time":{"start":1717686824817,"stop":1717686825235,"duration":418}},{"uid":"9e4c9451890da876","reportUrl":"https://minhvl1.github.io/cucumber-selenium-testNG/880//#testresult/9e4c9451890da876","status":"broken","statusDetails":"Could not start a new session. Response code 500. Message: session not created: This version of ChromeDriver only supports Chrome version 114\nCurrent browser version is 125.0.6422.112 with binary path /usr/bin/google-chrome \nHost info: host: 'fv-az1429-214', ip: '10.1.0.193'\nBuild info: version: '4.8.0', revision: '267030adea'\nSystem info: os.name: 'Linux', os.arch: 'amd64', os.version: '6.5.0-1021-azure', java.version: '11.0.23'\nDriver info: org.openqa.selenium.chrome.ChromeDriver\nCommand: [null, newSession {capabilities=[Capabilities {browserName: chrome, goog:chromeOptions: {args: [--remote-allow-origins=*, --headless, --disable-dev-shm-usage, --no-sandbox], extensions: []}}], desiredCapabilities=Capabilities {browserName: chrome, goog:chromeOptions: {args: [--remote-allow-origins=*, --headless, --disable-dev-shm-usage, --no-sandbox], extensions: []}}}]","time":{"start":1717661771512,"stop":1717661771729,"duration":217}},{"uid":"625300f806cad104","reportUrl":"https://minhvl1.github.io/cucumber-selenium-testNG/879//#testresult/625300f806cad104","status":"broken","statusDetails":"Could not start a new session. Response code 500. Message: session not created: This version of ChromeDriver only supports Chrome version 114\nCurrent browser version is 125.0.6422.112 with binary path /usr/bin/google-chrome \nHost info: host: 'fv-az1208-317', ip: '10.1.1.193'\nBuild info: version: '4.8.0', revision: '267030adea'\nSystem info: os.name: 'Linux', os.arch: 'amd64', os.version: '6.5.0-1021-azure', java.version: '11.0.23'\nDriver info: org.openqa.selenium.chrome.ChromeDriver\nCommand: [null, newSession {capabilities=[Capabilities {browserName: chrome, goog:chromeOptions: {args: [--remote-allow-origins=*, --headless, --disable-dev-shm-usage, --no-sandbox], extensions: []}}], desiredCapabilities=Capabilities {browserName: chrome, goog:chromeOptions: {args: [--remote-allow-origins=*, --headless, --disable-dev-shm-usage, --no-sandbox], extensions: []}}}]","time":{"start":1717600368701,"stop":1717600368967,"duration":266}},{"uid":"5212b38922a82ee3","reportUrl":"https://minhvl1.github.io/cucumber-selenium-testNG/878//#testresult/5212b38922a82ee3","status":"broken","statusDetails":"Could not start a new session. Response code 500. Message: session not created: This version of ChromeDriver only supports Chrome version 114\nCurrent browser version is 125.0.6422.112 with binary path /usr/bin/google-chrome \nHost info: host: 'fv-az1206-16', ip: '10.1.0.169'\nBuild info: version: '4.8.0', revision: '267030adea'\nSystem info: os.name: 'Linux', os.arch: 'amd64', os.version: '6.5.0-1021-azure', java.version: '11.0.23'\nDriver info: org.openqa.selenium.chrome.ChromeDriver\nCommand: [null, newSession {capabilities=[Capabilities {browserName: chrome, goog:chromeOptions: {args: [--remote-allow-origins=*, --headless, --disable-dev-shm-usage, --no-sandbox], extensions: []}}], desiredCapabilities=Capabilities {browserName: chrome, goog:chromeOptions: {args: [--remote-allow-origins=*, --headless, --disable-dev-shm-usage, --no-sandbox], extensions: []}}}]","time":{"start":1717575328680,"stop":1717575328946,"duration":266}},{"uid":"b512fee0350d3484","reportUrl":"https://minhvl1.github.io/cucumber-selenium-testNG/877//#testresult/b512fee0350d3484","status":"broken","statusDetails":"Could not start a new session. Response code 500. Message: session not created: This version of ChromeDriver only supports Chrome version 114\nCurrent browser version is 125.0.6422.112 with binary path /usr/bin/google-chrome \nHost info: host: 'fv-az732-617', ip: '10.1.1.125'\nBuild info: version: '4.8.0', revision: '267030adea'\nSystem info: os.name: 'Linux', os.arch: 'amd64', os.version: '6.5.0-1021-azure', java.version: '11.0.23'\nDriver info: org.openqa.selenium.chrome.ChromeDriver\nCommand: [null, newSession {capabilities=[Capabilities {browserName: chrome, goog:chromeOptions: {args: [--remote-allow-origins=*, --headless, --disable-dev-shm-usage, --no-sandbox], extensions: []}}], desiredCapabilities=Capabilities {browserName: chrome, goog:chromeOptions: {args: [--remote-allow-origins=*, --headless, --disable-dev-shm-usage, --no-sandbox], extensions: []}}}]","time":{"start":1717513977394,"stop":1717513977616,"duration":222}},{"uid":"972c5d8e02f51cfa","reportUrl":"https://minhvl1.github.io/cucumber-selenium-testNG/876//#testresult/972c5d8e02f51cfa","status":"broken","statusDetails":"Could not start a new session. Response code 500. Message: session not created: This version of ChromeDriver only supports Chrome version 114\nCurrent browser version is 125.0.6422.112 with binary path /usr/bin/google-chrome \nHost info: host: 'fv-az1986-279', ip: '10.1.0.124'\nBuild info: version: '4.8.0', revision: '267030adea'\nSystem info: os.name: 'Linux', os.arch: 'amd64', os.version: '6.5.0-1021-azure', java.version: '11.0.23'\nDriver info: org.openqa.selenium.chrome.ChromeDriver\nCommand: [null, newSession {capabilities=[Capabilities {browserName: chrome, goog:chromeOptions: {args: [--remote-allow-origins=*, --headless, --disable-dev-shm-usage, --no-sandbox], extensions: []}}], desiredCapabilities=Capabilities {browserName: chrome, goog:chromeOptions: {args: [--remote-allow-origins=*, --headless, --disable-dev-shm-usage, --no-sandbox], extensions: []}}}]","time":{"start":1717488928122,"stop":1717488928388,"duration":266}}]},"tags":["prod","TestOuline","Feature2"]},"source":"49fd8c0c98400a25.json","parameterValues":["\"review cong ty\""]}