{"uid":"13fa80c72312b155","name":"search \"review cong ty\" in google","fullName":"test google search outline: search \"review cong ty\" in google","historyId":"72ba611c3438e3aa53b1eedc3876742","time":{"start":1678695420399,"stop":1678695420773,"duration":374},"status":"broken","statusMessage":"no such element: Unable to locate element: {\"method\":\"xpath\",\"selector\":\"//input[@name='q']\"}\n  (Session info: headless chrome=110.0.5481.177)\nFor documentation on this error, please visit: https://selenium.dev/exceptions/#no_such_element\nBuild info: version: '4.8.0', revision: '267030adea'\nSystem info: os.name: 'Linux', os.arch: 'amd64', os.version: '5.15.0-1034-azure', java.version: '11.0.18'\nDriver info: org.openqa.selenium.chrome.ChromeDriver\nCommand: [bd4062abaf09380de9ab7033a340c960, findElement {using=xpath, value=//input[@name='q']}]\nCapabilities {acceptInsecureCerts: false, browserName: chrome, browserVersion: 110.0.5481.177, chrome: {chromedriverVersion: 110.0.5481.77 (65ed616c6e8e..., userDataDir: /tmp/.com.google.Chrome.ESHPZj}, goog:chromeOptions: {debuggerAddress: localhost:42813}, networkConnectionEnabled: false, pageLoadStrategy: normal, platformName: LINUX, proxy: Proxy(), se:cdp: ws://localhost:42813/devtoo..., se:cdpVersion: 110.0.5481.177, setWindowRect: true, strictFileInteractability: false, timeouts: {implicit: 0, pageLoad: 300000, script: 30000}, unhandledPromptBehavior: dismiss and notify, webauthn:extension:credBlob: true, webauthn:extension:largeBlob: true, webauthn:virtualAuthenticators: true}\nSession ID: bd4062abaf09380de9ab7033a340c960","statusTrace":"org.openqa.selenium.NoSuchElementException: no such element: Unable to locate element: {\"method\":\"xpath\",\"selector\":\"//input[@name='q']\"}\n  (Session info: headless chrome=110.0.5481.177)\nFor documentation on this error, please visit: https://selenium.dev/exceptions/#no_such_element\nBuild info: version: '4.8.0', revision: '267030adea'\nSystem info: os.name: 'Linux', os.arch: 'amd64', os.version: '5.15.0-1034-azure', java.version: '11.0.18'\nDriver info: org.openqa.selenium.chrome.ChromeDriver\nCommand: [bd4062abaf09380de9ab7033a340c960, findElement {using=xpath, value=//input[@name='q']}]\nCapabilities {acceptInsecureCerts: false, browserName: chrome, browserVersion: 110.0.5481.177, chrome: {chromedriverVersion: 110.0.5481.77 (65ed616c6e8e..., userDataDir: /tmp/.com.google.Chrome.ESHPZj}, goog:chromeOptions: {debuggerAddress: localhost:42813}, networkConnectionEnabled: false, pageLoadStrategy: normal, platformName: LINUX, proxy: Proxy(), se:cdp: ws://localhost:42813/devtoo..., se:cdpVersion: 110.0.5481.177, setWindowRect: true, strictFileInteractability: false, timeouts: {implicit: 0, pageLoad: 300000, script: 30000}, unhandledPromptBehavior: dismiss and notify, webauthn:extension:credBlob: true, webauthn:extension:largeBlob: true, webauthn:virtualAuthenticators: true}\nSession ID: bd4062abaf09380de9ab7033a340c960\n\tat java.base/jdk.internal.reflect.NativeConstructorAccessorImpl.newInstance0(Native Method)\n\tat java.base/jdk.internal.reflect.NativeConstructorAccessorImpl.newInstance(NativeConstructorAccessorImpl.java:62)\n\tat java.base/jdk.internal.reflect.DelegatingConstructorAccessorImpl.newInstance(DelegatingConstructorAccessorImpl.java:45)\n\tat java.base/java.lang.reflect.Constructor.newInstance(Constructor.java:490)\n\tat org.openqa.selenium.remote.codec.w3c.W3CHttpResponseCodec.createException(W3CHttpResponseCodec.java:200)\n\tat org.openqa.selenium.remote.codec.w3c.W3CHttpResponseCodec.decode(W3CHttpResponseCodec.java:133)\n\tat org.openqa.selenium.remote.codec.w3c.W3CHttpResponseCodec.decode(W3CHttpResponseCodec.java:53)\n\tat org.openqa.selenium.remote.HttpCommandExecutor.execute(HttpCommandExecutor.java:184)\n\tat org.openqa.selenium.remote.service.DriverCommandExecutor.invokeExecute(DriverCommandExecutor.java:167)\n\tat org.openqa.selenium.remote.service.DriverCommandExecutor.execute(DriverCommandExecutor.java:142)\n\tat org.openqa.selenium.remote.RemoteWebDriver.execute(RemoteWebDriver.java:543)\n\tat org.openqa.selenium.remote.ElementLocation$ElementFinder$2.findElement(ElementLocation.java:162)\n\tat org.openqa.selenium.remote.ElementLocation.findElement(ElementLocation.java:60)\n\tat org.openqa.selenium.remote.RemoteWebDriver.findElement(RemoteWebDriver.java:352)\n\tat org.openqa.selenium.remote.RemoteWebDriver.findElement(RemoteWebDriver.java:344)\n\tat pageObject.GooglePageObject.sendKeySearchTextbox(GooglePageObject.java:21)\n\tat Steps.MyStepdefs.search(MyStepdefs.java:41)\n\tat ✽.Search \"review cong ty\"(file:///home/runner/work/cucumber-selenium-testNG/cucumber-selenium-testNG/src/test/resources/features/Google_outline.feature:7)\n","flaky":false,"newFailed":false,"newBroken":true,"newPassed":false,"retriesCount":0,"retriesStatusChange":false,"beforeStages":[],"testStage":{"status":"broken","statusMessage":"no such element: Unable to locate element: {\"method\":\"xpath\",\"selector\":\"//input[@name='q']\"}\n  (Session info: headless chrome=110.0.5481.177)\nFor documentation on this error, please visit: https://selenium.dev/exceptions/#no_such_element\nBuild info: version: '4.8.0', revision: '267030adea'\nSystem info: os.name: 'Linux', os.arch: 'amd64', os.version: '5.15.0-1034-azure', java.version: '11.0.18'\nDriver info: org.openqa.selenium.chrome.ChromeDriver\nCommand: [bd4062abaf09380de9ab7033a340c960, findElement {using=xpath, value=//input[@name='q']}]\nCapabilities {acceptInsecureCerts: false, browserName: chrome, browserVersion: 110.0.5481.177, chrome: {chromedriverVersion: 110.0.5481.77 (65ed616c6e8e..., userDataDir: /tmp/.com.google.Chrome.ESHPZj}, goog:chromeOptions: {debuggerAddress: localhost:42813}, networkConnectionEnabled: false, pageLoadStrategy: normal, platformName: LINUX, proxy: Proxy(), se:cdp: ws://localhost:42813/devtoo..., se:cdpVersion: 110.0.5481.177, setWindowRect: true, strictFileInteractability: false, timeouts: {implicit: 0, pageLoad: 300000, script: 30000}, unhandledPromptBehavior: dismiss and notify, webauthn:extension:credBlob: true, webauthn:extension:largeBlob: true, webauthn:virtualAuthenticators: true}\nSession ID: bd4062abaf09380de9ab7033a340c960","statusTrace":"org.openqa.selenium.NoSuchElementException: no such element: Unable to locate element: {\"method\":\"xpath\",\"selector\":\"//input[@name='q']\"}\n  (Session info: headless chrome=110.0.5481.177)\nFor documentation on this error, please visit: https://selenium.dev/exceptions/#no_such_element\nBuild info: version: '4.8.0', revision: '267030adea'\nSystem info: os.name: 'Linux', os.arch: 'amd64', os.version: '5.15.0-1034-azure', java.version: '11.0.18'\nDriver info: org.openqa.selenium.chrome.ChromeDriver\nCommand: [bd4062abaf09380de9ab7033a340c960, findElement {using=xpath, value=//input[@name='q']}]\nCapabilities {acceptInsecureCerts: false, browserName: chrome, browserVersion: 110.0.5481.177, chrome: {chromedriverVersion: 110.0.5481.77 (65ed616c6e8e..., userDataDir: /tmp/.com.google.Chrome.ESHPZj}, goog:chromeOptions: {debuggerAddress: localhost:42813}, networkConnectionEnabled: false, pageLoadStrategy: normal, platformName: LINUX, proxy: Proxy(), se:cdp: ws://localhost:42813/devtoo..., se:cdpVersion: 110.0.5481.177, setWindowRect: true, strictFileInteractability: false, timeouts: {implicit: 0, pageLoad: 300000, script: 30000}, unhandledPromptBehavior: dismiss and notify, webauthn:extension:credBlob: true, webauthn:extension:largeBlob: true, webauthn:virtualAuthenticators: true}\nSession ID: bd4062abaf09380de9ab7033a340c960\n\tat java.base/jdk.internal.reflect.NativeConstructorAccessorImpl.newInstance0(Native Method)\n\tat java.base/jdk.internal.reflect.NativeConstructorAccessorImpl.newInstance(NativeConstructorAccessorImpl.java:62)\n\tat java.base/jdk.internal.reflect.DelegatingConstructorAccessorImpl.newInstance(DelegatingConstructorAccessorImpl.java:45)\n\tat java.base/java.lang.reflect.Constructor.newInstance(Constructor.java:490)\n\tat org.openqa.selenium.remote.codec.w3c.W3CHttpResponseCodec.createException(W3CHttpResponseCodec.java:200)\n\tat org.openqa.selenium.remote.codec.w3c.W3CHttpResponseCodec.decode(W3CHttpResponseCodec.java:133)\n\tat org.openqa.selenium.remote.codec.w3c.W3CHttpResponseCodec.decode(W3CHttpResponseCodec.java:53)\n\tat org.openqa.selenium.remote.HttpCommandExecutor.execute(HttpCommandExecutor.java:184)\n\tat org.openqa.selenium.remote.service.DriverCommandExecutor.invokeExecute(DriverCommandExecutor.java:167)\n\tat org.openqa.selenium.remote.service.DriverCommandExecutor.execute(DriverCommandExecutor.java:142)\n\tat org.openqa.selenium.remote.RemoteWebDriver.execute(RemoteWebDriver.java:543)\n\tat org.openqa.selenium.remote.ElementLocation$ElementFinder$2.findElement(ElementLocation.java:162)\n\tat org.openqa.selenium.remote.ElementLocation.findElement(ElementLocation.java:60)\n\tat org.openqa.selenium.remote.RemoteWebDriver.findElement(RemoteWebDriver.java:352)\n\tat org.openqa.selenium.remote.RemoteWebDriver.findElement(RemoteWebDriver.java:344)\n\tat pageObject.GooglePageObject.sendKeySearchTextbox(GooglePageObject.java:21)\n\tat Steps.MyStepdefs.search(MyStepdefs.java:41)\n\tat ✽.Search \"review cong ty\"(file:///home/runner/work/cucumber-selenium-testNG/cucumber-selenium-testNG/src/test/resources/features/Google_outline.feature:7)\n","steps":[{"name":"Given  open browser","time":{"start":1678695420400,"stop":1678695420699,"duration":299},"status":"passed","steps":[],"attachments":[],"parameters":[],"stepsCount":0,"attachmentsCount":0,"shouldDisplayMessage":false,"hasContent":false},{"name":"When  Search \"review cong ty\"","time":{"start":1678695420699,"stop":1678695420712,"duration":13},"status":"broken","statusMessage":"no such element: Unable to locate element: {\"method\":\"xpath\",\"selector\":\"//input[@name='q']\"}\n  (Session info: headless chrome=110.0.5481.177)\nFor documentation on this error, please visit: https://selenium.dev/exceptions/#no_such_element\nBuild info: version: '4.8.0', revision: '267030adea'\nSystem info: os.name: 'Linux', os.arch: 'amd64', os.version: '5.15.0-1034-azure', java.version: '11.0.18'\nDriver info: org.openqa.selenium.chrome.ChromeDriver\nCommand: [bd4062abaf09380de9ab7033a340c960, findElement {using=xpath, value=//input[@name='q']}]\nCapabilities {acceptInsecureCerts: false, browserName: chrome, browserVersion: 110.0.5481.177, chrome: {chromedriverVersion: 110.0.5481.77 (65ed616c6e8e..., userDataDir: /tmp/.com.google.Chrome.ESHPZj}, goog:chromeOptions: {debuggerAddress: localhost:42813}, networkConnectionEnabled: false, pageLoadStrategy: normal, platformName: LINUX, proxy: Proxy(), se:cdp: ws://localhost:42813/devtoo..., se:cdpVersion: 110.0.5481.177, setWindowRect: true, strictFileInteractability: false, timeouts: {implicit: 0, pageLoad: 300000, script: 30000}, unhandledPromptBehavior: dismiss and notify, webauthn:extension:credBlob: true, webauthn:extension:largeBlob: true, webauthn:virtualAuthenticators: true}\nSession ID: bd4062abaf09380de9ab7033a340c960","statusTrace":"org.openqa.selenium.NoSuchElementException: no such element: Unable to locate element: {\"method\":\"xpath\",\"selector\":\"//input[@name='q']\"}\n  (Session info: headless chrome=110.0.5481.177)\nFor documentation on this error, please visit: https://selenium.dev/exceptions/#no_such_element\nBuild info: version: '4.8.0', revision: '267030adea'\nSystem info: os.name: 'Linux', os.arch: 'amd64', os.version: '5.15.0-1034-azure', java.version: '11.0.18'\nDriver info: org.openqa.selenium.chrome.ChromeDriver\nCommand: [bd4062abaf09380de9ab7033a340c960, findElement {using=xpath, value=//input[@name='q']}]\nCapabilities {acceptInsecureCerts: false, browserName: chrome, browserVersion: 110.0.5481.177, chrome: {chromedriverVersion: 110.0.5481.77 (65ed616c6e8e..., userDataDir: /tmp/.com.google.Chrome.ESHPZj}, goog:chromeOptions: {debuggerAddress: localhost:42813}, networkConnectionEnabled: false, pageLoadStrategy: normal, platformName: LINUX, proxy: Proxy(), se:cdp: ws://localhost:42813/devtoo..., se:cdpVersion: 110.0.5481.177, setWindowRect: true, strictFileInteractability: false, timeouts: {implicit: 0, pageLoad: 300000, script: 30000}, unhandledPromptBehavior: dismiss and notify, webauthn:extension:credBlob: true, webauthn:extension:largeBlob: true, webauthn:virtualAuthenticators: true}\nSession ID: bd4062abaf09380de9ab7033a340c960\n\tat java.base/jdk.internal.reflect.NativeConstructorAccessorImpl.newInstance0(Native Method)\n\tat java.base/jdk.internal.reflect.NativeConstructorAccessorImpl.newInstance(NativeConstructorAccessorImpl.java:62)\n\tat java.base/jdk.internal.reflect.DelegatingConstructorAccessorImpl.newInstance(DelegatingConstructorAccessorImpl.java:45)\n\tat java.base/java.lang.reflect.Constructor.newInstance(Constructor.java:490)\n\tat org.openqa.selenium.remote.codec.w3c.W3CHttpResponseCodec.createException(W3CHttpResponseCodec.java:200)\n\tat org.openqa.selenium.remote.codec.w3c.W3CHttpResponseCodec.decode(W3CHttpResponseCodec.java:133)\n\tat org.openqa.selenium.remote.codec.w3c.W3CHttpResponseCodec.decode(W3CHttpResponseCodec.java:53)\n\tat org.openqa.selenium.remote.HttpCommandExecutor.execute(HttpCommandExecutor.java:184)\n\tat org.openqa.selenium.remote.service.DriverCommandExecutor.invokeExecute(DriverCommandExecutor.java:167)\n\tat org.openqa.selenium.remote.service.DriverCommandExecutor.execute(DriverCommandExecutor.java:142)\n\tat org.openqa.selenium.remote.RemoteWebDriver.execute(RemoteWebDriver.java:543)\n\tat org.openqa.selenium.remote.ElementLocation$ElementFinder$2.findElement(ElementLocation.java:162)\n\tat org.openqa.selenium.remote.ElementLocation.findElement(ElementLocation.java:60)\n\tat org.openqa.selenium.remote.RemoteWebDriver.findElement(RemoteWebDriver.java:352)\n\tat org.openqa.selenium.remote.RemoteWebDriver.findElement(RemoteWebDriver.java:344)\n\tat pageObject.GooglePageObject.sendKeySearchTextbox(GooglePageObject.java:21)\n\tat Steps.MyStepdefs.search(MyStepdefs.java:41)\n\tat ✽.Search \"review cong ty\"(file:///home/runner/work/cucumber-selenium-testNG/cucumber-selenium-testNG/src/test/resources/features/Google_outline.feature:7)\n","steps":[],"attachments":[],"parameters":[],"stepsCount":0,"attachmentsCount":0,"shouldDisplayMessage":true,"hasContent":true},{"name":"And  Click search button","time":{"start":1678695420713,"stop":1678695420713,"duration":0},"status":"skipped","steps":[],"attachments":[],"parameters":[],"stepsCount":0,"attachmentsCount":0,"shouldDisplayMessage":false,"hasContent":false},{"name":"Then  See result page","time":{"start":1678695420713,"stop":1678695420714,"duration":1},"status":"skipped","steps":[],"attachments":[],"parameters":[],"stepsCount":0,"attachmentsCount":0,"shouldDisplayMessage":false,"hasContent":false}],"attachments":[],"parameters":[],"stepsCount":4,"attachmentsCount":0,"shouldDisplayMessage":false,"hasContent":true},"afterStages":[{"name":"cucumberHooks.Hooks.afterStep(io.cucumber.java.Scenario)","time":{"start":1678695420714,"stop":1678695420773,"duration":59},"status":"passed","steps":[],"attachments":[{"uid":"d4503e017e14587c","name":"search \"review cong ty\" in google","source":"d4503e017e14587c.png","type":"image/png","size":37926}],"parameters":[],"stepsCount":0,"attachmentsCount":1,"shouldDisplayMessage":false,"hasContent":true}],"labels":[{"name":"tag","value":"Feature2"},{"name":"tag","value":"TestOuline"},{"name":"tag","value":"staging"},{"name":"host","value":"fv-az587-21"},{"name":"thread","value":"2431@fv-az587-21.main(1)"},{"name":"feature","value":"test google search outline"},{"name":"story","value":"search \"review cong ty\" in google"},{"name":"suite","value":"test google search outline"},{"name":"testClass","value":"search \"review cong ty\" in google"},{"name":"framework","value":"cucumber4jvm"},{"name":"language","value":"java"},{"name":"gherkin_uri","value":"file:///home/runner/work/cucumber-selenium-testNG/cucumber-selenium-testNG/src/test/resources/features/Google_outline.feature"},{"name":"package","value":"src.test.resources.features.Google_outline_feature.test google search outline"},{"name":"resultFormat","value":"allure2"}],"parameters":[{"name":"arg0","value":"\"review cong ty\""}],"links":[],"hidden":false,"retry":false,"extra":{"severity":"normal","retries":[],"categories":[{"name":"Test defects","matchedStatuses":[],"flaky":false}],"history":{"statistic":{"failed":0,"broken":7,"skipped":0,"passed":193,"unknown":0,"total":200},"items":[{"uid":"55f0ad2f58785b4","reportUrl":"https://minhvl1.github.io/cucumber-selenium-testNG/228//#testresult/55f0ad2f58785b4","status":"passed","time":{"start":1678461162797,"stop":1678461167395,"duration":4598}},{"uid":"e6000ddad9c57080","reportUrl":"https://minhvl1.github.io/cucumber-selenium-testNG/227//#testresult/e6000ddad9c57080","status":"passed","time":{"start":1678436265659,"stop":1678436270050,"duration":4391}},{"uid":"db72f317bdadf7c5","reportUrl":"https://minhvl1.github.io/cucumber-selenium-testNG/226//#testresult/db72f317bdadf7c5","status":"broken","statusDetails":"no such element: Unable to locate element: {\"method\":\"xpath\",\"selector\":\"//input[@name='q']\"}\n  (Session info: headless chrome=110.0.5481.177)\nFor documentation on this error, please visit: https://selenium.dev/exceptions/#no_such_element\nBuild info: version: '4.8.0', revision: '267030adea'\nSystem info: os.name: 'Linux', os.arch: 'amd64', os.version: '5.15.0-1034-azure', java.version: '11.0.18'\nDriver info: org.openqa.selenium.chrome.ChromeDriver\nCommand: [e37b80b137ca0cbede611755b87a0c52, findElement {using=xpath, value=//input[@name='q']}]\nCapabilities {acceptInsecureCerts: false, browserName: chrome, browserVersion: 110.0.5481.177, chrome: {chromedriverVersion: 110.0.5481.77 (65ed616c6e8e..., userDataDir: /tmp/.com.google.Chrome.txj2GB}, goog:chromeOptions: {debuggerAddress: localhost:34181}, networkConnectionEnabled: false, pageLoadStrategy: normal, platformName: LINUX, proxy: Proxy(), se:cdp: ws://localhost:34181/devtoo..., se:cdpVersion: 110.0.5481.177, setWindowRect: true, strictFileInteractability: false, timeouts: {implicit: 0, pageLoad: 300000, script: 30000}, unhandledPromptBehavior: dismiss and notify, webauthn:extension:credBlob: true, webauthn:extension:largeBlob: true, webauthn:virtualAuthenticators: true}\nSession ID: e37b80b137ca0cbede611755b87a0c52","time":{"start":1678374838613,"stop":1678374839034,"duration":421}},{"uid":"887cfc617f47ec45","reportUrl":"https://minhvl1.github.io/cucumber-selenium-testNG/225//#testresult/887cfc617f47ec45","status":"broken","statusDetails":"no such element: Unable to locate element: {\"method\":\"xpath\",\"selector\":\"//input[@name='q']\"}\n  (Session info: headless chrome=110.0.5481.177)\nFor documentation on this error, please visit: https://selenium.dev/exceptions/#no_such_element\nBuild info: version: '4.8.0', revision: '267030adea'\nSystem info: os.name: 'Linux', os.arch: 'amd64', os.version: '5.15.0-1033-azure', java.version: '11.0.18'\nDriver info: org.openqa.selenium.chrome.ChromeDriver\nCommand: [365bac59416ff13c1a342e8eb0c7a937, findElement {using=xpath, value=//input[@name='q']}]\nCapabilities {acceptInsecureCerts: false, browserName: chrome, browserVersion: 110.0.5481.177, chrome: {chromedriverVersion: 110.0.5481.77 (65ed616c6e8e..., userDataDir: /tmp/.com.google.Chrome.3YjDd9}, goog:chromeOptions: {debuggerAddress: localhost:45869}, networkConnectionEnabled: false, pageLoadStrategy: normal, platformName: LINUX, proxy: Proxy(), se:cdp: ws://localhost:45869/devtoo..., se:cdpVersion: 110.0.5481.177, setWindowRect: true, strictFileInteractability: false, timeouts: {implicit: 0, pageLoad: 300000, script: 30000}, unhandledPromptBehavior: dismiss and notify, webauthn:extension:credBlob: true, webauthn:extension:largeBlob: true, webauthn:virtualAuthenticators: true}\nSession ID: 365bac59416ff13c1a342e8eb0c7a937","time":{"start":1678349813310,"stop":1678349813623,"duration":313}},{"uid":"1a52fe86de9e938f","reportUrl":"https://minhvl1.github.io/cucumber-selenium-testNG/224//#testresult/1a52fe86de9e938f","status":"passed","time":{"start":1678288472142,"stop":1678288476281,"duration":4139}},{"uid":"2be1b69ba1fd44d9","reportUrl":"https://minhvl1.github.io/cucumber-selenium-testNG/223//#testresult/2be1b69ba1fd44d9","status":"passed","time":{"start":1678263433851,"stop":1678263438113,"duration":4262}},{"uid":"35b6511b49598321","reportUrl":"https://minhvl1.github.io/cucumber-selenium-testNG/222//#testresult/35b6511b49598321","status":"passed","time":{"start":1678202018793,"stop":1678202023033,"duration":4240}},{"uid":"c6f58bd56dac82db","reportUrl":"https://minhvl1.github.io/cucumber-selenium-testNG/221//#testresult/c6f58bd56dac82db","status":"passed","time":{"start":1678177087038,"stop":1678177091343,"duration":4305}},{"uid":"b0895c5163a5db0e","reportUrl":"https://minhvl1.github.io/cucumber-selenium-testNG/220//#testresult/b0895c5163a5db0e","status":"passed","time":{"start":1678115646724,"stop":1678115650967,"duration":4243}},{"uid":"5e8487b23c00fb56","reportUrl":"https://minhvl1.github.io/cucumber-selenium-testNG/219//#testresult/5e8487b23c00fb56","status":"passed","time":{"start":1678090698957,"stop":1678090703277,"duration":4320}},{"uid":"2ac1a7ca86494f94","reportUrl":"https://minhvl1.github.io/cucumber-selenium-testNG/218//#testresult/2ac1a7ca86494f94","status":"passed","time":{"start":1677856422788,"stop":1677856427178,"duration":4390}},{"uid":"982a654879fd00e3","reportUrl":"https://minhvl1.github.io/cucumber-selenium-testNG/217//#testresult/982a654879fd00e3","status":"passed","time":{"start":1677831422746,"stop":1677831427190,"duration":4444}},{"uid":"e7cfc78e0f2b8b50","reportUrl":"https://minhvl1.github.io/cucumber-selenium-testNG/216//#testresult/e7cfc78e0f2b8b50","status":"passed","time":{"start":1677770051116,"stop":1677770055569,"duration":4453}},{"uid":"8ab8caac8247cdd5","reportUrl":"https://minhvl1.github.io/cucumber-selenium-testNG/215//#testresult/8ab8caac8247cdd5","status":"passed","time":{"start":1677745045380,"stop":1677745049678,"duration":4298}},{"uid":"cde085cba30f2bbc","reportUrl":"https://minhvl1.github.io/cucumber-selenium-testNG/214//#testresult/cde085cba30f2bbc","status":"passed","time":{"start":1677683698451,"stop":1677683703273,"duration":4822}},{"uid":"437cd66c0de53777","reportUrl":"https://minhvl1.github.io/cucumber-selenium-testNG/213//#testresult/437cd66c0de53777","status":"passed","time":{"start":1677658672388,"stop":1677658676645,"duration":4257}},{"uid":"302cf8c35d551ae","reportUrl":"https://minhvl1.github.io/cucumber-selenium-testNG/212//#testresult/302cf8c35d551ae","status":"passed","time":{"start":1677597239603,"stop":1677597244581,"duration":4978}},{"uid":"667d3f550c7934fd","reportUrl":"https://minhvl1.github.io/cucumber-selenium-testNG/211//#testresult/667d3f550c7934fd","status":"passed","time":{"start":1677572261592,"stop":1677572265727,"duration":4135}},{"uid":"96ef1a43f3fb7362","reportUrl":"https://minhvl1.github.io/cucumber-selenium-testNG/210//#testresult/96ef1a43f3fb7362","status":"passed","time":{"start":1677510835347,"stop":1677510839527,"duration":4180}},{"uid":"f4e41b8447e0afd9","reportUrl":"https://minhvl1.github.io/cucumber-selenium-testNG/209//#testresult/f4e41b8447e0afd9","status":"passed","time":{"start":1677485867229,"stop":1677485871359,"duration":4130}}]},"tags":["TestOuline","Feature2","staging"]},"source":"13fa80c72312b155.json","parameterValues":["\"review cong ty\""]}