{"uid":"c8269cfa271e3765","name":"Radio \"Yes\" Button","fullName":"Demo QA site: Radio \"Yes\" Button","historyId":"7d86e45dc172687b2f659ce60af31466","time":{"start":1669190198768,"stop":1669190235884,"duration":37116},"status":"broken","statusMessage":"Expected condition failed: waiting for visibility of element located by By.xpath: //p[@class='mt-3'] (tried for 30 second(s) with 500 milliseconds interval)\nBuild info: version: '4.4.0', revision: 'e5c75ed026a'\nSystem info: host: 'fv-az471-532', ip: '10.1.0.26', os.name: 'Linux', os.arch: 'amd64', os.version: '5.15.0-1023-azure', java.version: '11.0.16.1'\nDriver info: org.openqa.selenium.chrome.ChromeDriver\nCapabilities {acceptInsecureCerts: false, browserName: chrome, browserVersion: 107.0.5304.110, chrome: {chromedriverVersion: 107.0.5304.62 (1eec40d3a576..., userDataDir: /tmp/.com.google.Chrome.ij4CiE}, goog:chromeOptions: {debuggerAddress: localhost:32789}, networkConnectionEnabled: false, pageLoadStrategy: normal, platformName: LINUX, proxy: Proxy(), se:cdp: ws://localhost:32789/devtoo..., se:cdpVersion: 107.0.5304.110, setWindowRect: true, strictFileInteractability: false, timeouts: {implicit: 0, pageLoad: 300000, script: 30000}, unhandledPromptBehavior: dismiss and notify, webauthn:extension:credBlob: true, webauthn:extension:largeBlob: true, webauthn:virtualAuthenticators: true}\nSession ID: a5a40957eb633b9697a630a2b148ede2","statusTrace":"org.openqa.selenium.TimeoutException: Expected condition failed: waiting for visibility of element located by By.xpath: //p[@class='mt-3'] (tried for 30 second(s) with 500 milliseconds interval)\nBuild info: version: '4.4.0', revision: 'e5c75ed026a'\nSystem info: host: 'fv-az471-532', ip: '10.1.0.26', os.name: 'Linux', os.arch: 'amd64', os.version: '5.15.0-1023-azure', java.version: '11.0.16.1'\nDriver info: org.openqa.selenium.chrome.ChromeDriver\nCapabilities {acceptInsecureCerts: false, browserName: chrome, browserVersion: 107.0.5304.110, chrome: {chromedriverVersion: 107.0.5304.62 (1eec40d3a576..., userDataDir: /tmp/.com.google.Chrome.ij4CiE}, goog:chromeOptions: {debuggerAddress: localhost:32789}, networkConnectionEnabled: false, pageLoadStrategy: normal, platformName: LINUX, proxy: Proxy(), se:cdp: ws://localhost:32789/devtoo..., se:cdpVersion: 107.0.5304.110, setWindowRect: true, strictFileInteractability: false, timeouts: {implicit: 0, pageLoad: 300000, script: 30000}, unhandledPromptBehavior: dismiss and notify, webauthn:extension:credBlob: true, webauthn:extension:largeBlob: true, webauthn:virtualAuthenticators: true}\nSession ID: a5a40957eb633b9697a630a2b148ede2\n\tat org.openqa.selenium.support.ui.WebDriverWait.timeoutException(WebDriverWait.java:87)\n\tat org.openqa.selenium.support.ui.FluentWait.until(FluentWait.java:231)\n\tat common.BaseTest.waitForElementVisible(BaseTest.java:25)\n\tat common.BaseTest.getTextElement(BaseTest.java:37)\n\tat pageObject.DemoQaObject.resultMessageContainText(DemoQaObject.java:19)\n\tat Steps.DemoQa.seeResultContainArg(DemoQa.java:35)\n\tat ✽.See result contain \"Yes\"(file:///home/runner/work/cucumber-selenium-testNG/cucumber-selenium-testNG/src/test/resources/features/DemoQa.feature:8)\n","flaky":false,"newFailed":false,"newBroken":true,"newPassed":false,"retriesCount":0,"retriesStatusChange":false,"beforeStages":[],"testStage":{"status":"broken","statusMessage":"Expected condition failed: waiting for visibility of element located by By.xpath: //p[@class='mt-3'] (tried for 30 second(s) with 500 milliseconds interval)\nBuild info: version: '4.4.0', revision: 'e5c75ed026a'\nSystem info: host: 'fv-az471-532', ip: '10.1.0.26', os.name: 'Linux', os.arch: 'amd64', os.version: '5.15.0-1023-azure', java.version: '11.0.16.1'\nDriver info: org.openqa.selenium.chrome.ChromeDriver\nCapabilities {acceptInsecureCerts: false, browserName: chrome, browserVersion: 107.0.5304.110, chrome: {chromedriverVersion: 107.0.5304.62 (1eec40d3a576..., userDataDir: /tmp/.com.google.Chrome.ij4CiE}, goog:chromeOptions: {debuggerAddress: localhost:32789}, networkConnectionEnabled: false, pageLoadStrategy: normal, platformName: LINUX, proxy: Proxy(), se:cdp: ws://localhost:32789/devtoo..., se:cdpVersion: 107.0.5304.110, setWindowRect: true, strictFileInteractability: false, timeouts: {implicit: 0, pageLoad: 300000, script: 30000}, unhandledPromptBehavior: dismiss and notify, webauthn:extension:credBlob: true, webauthn:extension:largeBlob: true, webauthn:virtualAuthenticators: true}\nSession ID: a5a40957eb633b9697a630a2b148ede2","statusTrace":"org.openqa.selenium.TimeoutException: Expected condition failed: waiting for visibility of element located by By.xpath: //p[@class='mt-3'] (tried for 30 second(s) with 500 milliseconds interval)\nBuild info: version: '4.4.0', revision: 'e5c75ed026a'\nSystem info: host: 'fv-az471-532', ip: '10.1.0.26', os.name: 'Linux', os.arch: 'amd64', os.version: '5.15.0-1023-azure', java.version: '11.0.16.1'\nDriver info: org.openqa.selenium.chrome.ChromeDriver\nCapabilities {acceptInsecureCerts: false, browserName: chrome, browserVersion: 107.0.5304.110, chrome: {chromedriverVersion: 107.0.5304.62 (1eec40d3a576..., userDataDir: /tmp/.com.google.Chrome.ij4CiE}, goog:chromeOptions: {debuggerAddress: localhost:32789}, networkConnectionEnabled: false, pageLoadStrategy: normal, platformName: LINUX, proxy: Proxy(), se:cdp: ws://localhost:32789/devtoo..., se:cdpVersion: 107.0.5304.110, setWindowRect: true, strictFileInteractability: false, timeouts: {implicit: 0, pageLoad: 300000, script: 30000}, unhandledPromptBehavior: dismiss and notify, webauthn:extension:credBlob: true, webauthn:extension:largeBlob: true, webauthn:virtualAuthenticators: true}\nSession ID: a5a40957eb633b9697a630a2b148ede2\n\tat org.openqa.selenium.support.ui.WebDriverWait.timeoutException(WebDriverWait.java:87)\n\tat org.openqa.selenium.support.ui.FluentWait.until(FluentWait.java:231)\n\tat common.BaseTest.waitForElementVisible(BaseTest.java:25)\n\tat common.BaseTest.getTextElement(BaseTest.java:37)\n\tat pageObject.DemoQaObject.resultMessageContainText(DemoQaObject.java:19)\n\tat Steps.DemoQa.seeResultContainArg(DemoQa.java:35)\n\tat ✽.See result contain \"Yes\"(file:///home/runner/work/cucumber-selenium-testNG/cucumber-selenium-testNG/src/test/resources/features/DemoQa.feature:8)\n","steps":[{"name":"Given  Go to demoqa url","time":{"start":1669190198840,"stop":1669190205014,"duration":6174},"status":"passed","steps":[],"attachments":[],"parameters":[],"stepsCount":0,"attachmentsCount":0,"shouldDisplayMessage":false,"hasContent":false},{"name":"When  check \"Yes\" radio button","time":{"start":1669190205018,"stop":1669190205254,"duration":236},"status":"passed","steps":[],"attachments":[],"parameters":[],"stepsCount":0,"attachmentsCount":0,"shouldDisplayMessage":false,"hasContent":false},{"name":"Then  See result contain \"Yes\"","time":{"start":1669190205255,"stop":1669190235728,"duration":30473},"status":"broken","statusMessage":"Expected condition failed: waiting for visibility of element located by By.xpath: //p[@class='mt-3'] (tried for 30 second(s) with 500 milliseconds interval)\nBuild info: version: '4.4.0', revision: 'e5c75ed026a'\nSystem info: host: 'fv-az471-532', ip: '10.1.0.26', os.name: 'Linux', os.arch: 'amd64', os.version: '5.15.0-1023-azure', java.version: '11.0.16.1'\nDriver info: org.openqa.selenium.chrome.ChromeDriver\nCapabilities {acceptInsecureCerts: false, browserName: chrome, browserVersion: 107.0.5304.110, chrome: {chromedriverVersion: 107.0.5304.62 (1eec40d3a576..., userDataDir: /tmp/.com.google.Chrome.ij4CiE}, goog:chromeOptions: {debuggerAddress: localhost:32789}, networkConnectionEnabled: false, pageLoadStrategy: normal, platformName: LINUX, proxy: Proxy(), se:cdp: ws://localhost:32789/devtoo..., se:cdpVersion: 107.0.5304.110, setWindowRect: true, strictFileInteractability: false, timeouts: {implicit: 0, pageLoad: 300000, script: 30000}, unhandledPromptBehavior: dismiss and notify, webauthn:extension:credBlob: true, webauthn:extension:largeBlob: true, webauthn:virtualAuthenticators: true}\nSession ID: a5a40957eb633b9697a630a2b148ede2","statusTrace":"org.openqa.selenium.TimeoutException: Expected condition failed: waiting for visibility of element located by By.xpath: //p[@class='mt-3'] (tried for 30 second(s) with 500 milliseconds interval)\nBuild info: version: '4.4.0', revision: 'e5c75ed026a'\nSystem info: host: 'fv-az471-532', ip: '10.1.0.26', os.name: 'Linux', os.arch: 'amd64', os.version: '5.15.0-1023-azure', java.version: '11.0.16.1'\nDriver info: org.openqa.selenium.chrome.ChromeDriver\nCapabilities {acceptInsecureCerts: false, browserName: chrome, browserVersion: 107.0.5304.110, chrome: {chromedriverVersion: 107.0.5304.62 (1eec40d3a576..., userDataDir: /tmp/.com.google.Chrome.ij4CiE}, goog:chromeOptions: {debuggerAddress: localhost:32789}, networkConnectionEnabled: false, pageLoadStrategy: normal, platformName: LINUX, proxy: Proxy(), se:cdp: ws://localhost:32789/devtoo..., se:cdpVersion: 107.0.5304.110, setWindowRect: true, strictFileInteractability: false, timeouts: {implicit: 0, pageLoad: 300000, script: 30000}, unhandledPromptBehavior: dismiss and notify, webauthn:extension:credBlob: true, webauthn:extension:largeBlob: true, webauthn:virtualAuthenticators: true}\nSession ID: a5a40957eb633b9697a630a2b148ede2\n\tat org.openqa.selenium.support.ui.WebDriverWait.timeoutException(WebDriverWait.java:87)\n\tat org.openqa.selenium.support.ui.FluentWait.until(FluentWait.java:231)\n\tat common.BaseTest.waitForElementVisible(BaseTest.java:25)\n\tat common.BaseTest.getTextElement(BaseTest.java:37)\n\tat pageObject.DemoQaObject.resultMessageContainText(DemoQaObject.java:19)\n\tat Steps.DemoQa.seeResultContainArg(DemoQa.java:35)\n\tat ✽.See result contain \"Yes\"(file:///home/runner/work/cucumber-selenium-testNG/cucumber-selenium-testNG/src/test/resources/features/DemoQa.feature:8)\n","steps":[],"attachments":[],"parameters":[],"stepsCount":0,"attachmentsCount":0,"shouldDisplayMessage":true,"hasContent":true}],"attachments":[],"parameters":[],"stepsCount":3,"attachmentsCount":0,"shouldDisplayMessage":false,"hasContent":true},"afterStages":[{"name":"cucumberHooks.Hooks.afterStep(io.cucumber.java.Scenario)","time":{"start":1669190235732,"stop":1669190235882,"duration":150},"status":"passed","steps":[],"attachments":[{"uid":"a00bca35d7b352fb","name":"Radio \"Yes\" Button","source":"a00bca35d7b352fb.png","type":"image/png","size":166363}],"parameters":[],"stepsCount":0,"attachmentsCount":1,"shouldDisplayMessage":false,"hasContent":true}],"labels":[{"name":"tag","value":"Feature3"},{"name":"tag","value":"RadioButton"},{"name":"host","value":"fv-az471-532"},{"name":"thread","value":"2319@fv-az471-532.main(1)"},{"name":"feature","value":"Demo QA site"},{"name":"story","value":"Radio \"Yes\" Button"},{"name":"suite","value":"Demo QA site"},{"name":"testClass","value":"Radio \"Yes\" Button"},{"name":"framework","value":"cucumber4jvm"},{"name":"language","value":"java"},{"name":"gherkin_uri","value":"file:///home/runner/work/cucumber-selenium-testNG/cucumber-selenium-testNG/src/test/resources/features/DemoQa.feature"},{"name":"package","value":"src.test.resources.features.DemoQa_feature.Demo QA site"},{"name":"resultFormat","value":"allure2"}],"parameters":[{"name":"arg0","value":"\"Yes\""}],"links":[],"hidden":false,"retry":false,"extra":{"severity":"normal","retries":[],"categories":[{"name":"Test defects","matchedStatuses":[],"flaky":false}],"history":{"statistic":{"failed":1,"broken":2,"skipped":0,"passed":6,"unknown":0,"total":9},"items":[{"uid":"e8489b5c32615060","reportUrl":"https://minhvl1.github.io/cucumber-selenium-testNG/36//#testresult/e8489b5c32615060","status":"failed","statusDetails":"The following asserts failed:\n\texpected [true] but found [false]","time":{"start":1669189876322,"stop":1669189882668,"duration":6346}},{"uid":"9ac0aac4ddd23d7c","reportUrl":"https://minhvl1.github.io/cucumber-selenium-testNG/35//#testresult/9ac0aac4ddd23d7c","status":"passed","time":{"start":1669189473731,"stop":1669189479901,"duration":6170}},{"uid":"5f708d70ed5c28ed","reportUrl":"https://minhvl1.github.io/cucumber-selenium-testNG/34//#testresult/5f708d70ed5c28ed","status":"broken","statusDetails":"Could not start a new session. Response code 500. Message: Expected browser binary location, but unable to find binary in default location, no 'moz:firefoxOptions.binary' capability provided, and no binary flag set on the command line\nBuild info: version: '4.4.0', revision: 'e5c75ed026a'\nSystem info: host: 'fv-az573-294', ip: '10.1.0.42', os.name: 'Linux', os.arch: 'amd64', os.version: '5.15.0-1022-azure', java.version: '11.0.16.1'\nDriver info: org.openqa.selenium.firefox.FirefoxDriver\nCommand: [null, newSession {capabilities=[Capabilities {acceptInsecureCerts: true, browserName: firefox, moz:debuggerAddress: true, moz:firefoxOptions: {args: [--headless]}}], desiredCapabilities=Capabilities {acceptInsecureCerts: true, browserName: firefox, moz:debuggerAddress: true, moz:firefoxOptions: {args: [--headless]}}}]","time":{"start":1669186352216,"stop":1669186353868,"duration":1652}},{"uid":"e33d28d8d65eda28","reportUrl":"https://minhvl1.github.io/cucumber-selenium-testNG/33//#testresult/e33d28d8d65eda28","status":"passed","time":{"start":1669171896335,"stop":1669171901382,"duration":5047}},{"uid":"8558b83e8d4e2847","reportUrl":"https://minhvl1.github.io/cucumber-selenium-testNG/32//#testresult/8558b83e8d4e2847","status":"passed","time":{"start":1669171765715,"stop":1669171782034,"duration":16319}},{"uid":"8933f440db160715","reportUrl":"https://minhvl1.github.io/cucumber-selenium-testNG/31//#testresult/8933f440db160715","status":"passed","time":{"start":1669130086739,"stop":1669130099103,"duration":12364}},{"uid":"56e10283b77e6b01","reportUrl":"https://minhvl1.github.io/cucumber-selenium-testNG/30//#testresult/56e10283b77e6b01","status":"passed","time":{"start":1669128927333,"stop":1669128932312,"duration":4979}},{"uid":"441917d9d789273","reportUrl":"https://minhvl1.github.io/cucumber-selenium-testNG/29//#testresult/441917d9d789273","status":"passed","time":{"start":1669108471033,"stop":1669108476810,"duration":5777}}]},"tags":["Feature3","RadioButton"]},"source":"c8269cfa271e3765.json","parameterValues":["\"Yes\""]}