{"uid":"ae1a049a18808e95","name":"search \"CMC\" in google","fullName":"test google search outline: search \"CMC\" in google","historyId":"2f59c6d75e1aa637ba1ffd6a021b55af","time":{"start":1689261189717,"stop":1689261189966,"duration":249},"status":"broken","statusMessage":"Unable to establish websocket connection to http://localhost:39017/devtools/browser/1ff421bf-c8dd-4a9e-9468-889ff331638c\nBuild info: version: '4.8.0', revision: '267030adea'\nSystem info: os.name: 'Linux', os.arch: 'amd64', os.version: '5.15.0-1041-azure', java.version: '11.0.19'\nDriver info: driver.version: ChromeDriver","statusTrace":"org.openqa.selenium.remote.http.ConnectionFailedException: Unable to establish websocket connection to http://localhost:39017/devtools/browser/1ff421bf-c8dd-4a9e-9468-889ff331638c\nBuild info: version: '4.8.0', revision: '267030adea'\nSystem info: os.name: 'Linux', os.arch: 'amd64', os.version: '5.15.0-1041-azure', java.version: '11.0.19'\nDriver info: driver.version: ChromeDriver\n\tat org.openqa.selenium.remote.http.netty.NettyWebSocket.<init>(NettyWebSocket.java:102)\n\tat org.openqa.selenium.remote.http.netty.NettyWebSocket.lambda$create$3(NettyWebSocket.java:128)\n\tat org.openqa.selenium.remote.http.netty.NettyClient.openSocket(NettyClient.java:107)\n\tat org.openqa.selenium.devtools.Connection.<init>(Connection.java:78)\n\tat org.openqa.selenium.chromium.ChromiumDriver.lambda$new$2(ChromiumDriver.java:116)\n\tat java.base/java.util.Optional.map(Optional.java:265)\n\tat org.openqa.selenium.chromium.ChromiumDriver.<init>(ChromiumDriver.java:114)\n\tat org.openqa.selenium.chrome.ChromeDriver.<init>(ChromeDriver.java:82)\n\tat org.openqa.selenium.chrome.ChromeDriver.<init>(ChromeDriver.java:71)\n\tat cucumberHooks.Hooks.openAndQuitBrowser(Hooks.java:74)\n\tat Steps.MyStepdefs.<init>(MyStepdefs.java:28)\n\tat java.base/jdk.internal.reflect.NativeConstructorAccessorImpl.newInstance0(Native Method)\n\tat java.base/jdk.internal.reflect.NativeConstructorAccessorImpl.newInstance(NativeConstructorAccessorImpl.java:62)\n\tat java.base/jdk.internal.reflect.DelegatingConstructorAccessorImpl.newInstance(DelegatingConstructorAccessorImpl.java:45)\n\tat java.base/java.lang.reflect.Constructor.newInstance(Constructor.java:490)\n\tat org.picocontainer.injectors.AbstractInjector.newInstance(AbstractInjector.java:145)\n\tat org.picocontainer.injectors.ConstructorInjector$1.run(ConstructorInjector.java:342)\n\tat org.picocontainer.injectors.AbstractInjector$ThreadLocalCyclicDependencyGuard.observe(AbstractInjector.java:270)\n\tat org.picocontainer.injectors.ConstructorInjector.getComponentInstance(ConstructorInjector.java:364)\n\tat org.picocontainer.injectors.AbstractInjectionFactory$LifecycleAdapter.getComponentInstance(AbstractInjectionFactory.java:56)\n\tat org.picocontainer.behaviors.AbstractBehavior.getComponentInstance(AbstractBehavior.java:64)\n\tat org.picocontainer.behaviors.Stored.getComponentInstance(Stored.java:91)\n\tat org.picocontainer.DefaultPicoContainer.getInstance(DefaultPicoContainer.java:699)\n\tat org.picocontainer.DefaultPicoContainer.getComponent(DefaultPicoContainer.java:647)\n\tat org.picocontainer.DefaultPicoContainer.getComponent(DefaultPicoContainer.java:678)\n\tat io.cucumber.picocontainer.PicoFactory.getInstance(PicoFactory.java:49)\n\tat io.cucumber.java.AbstractGlueDefinition.invokeMethod(AbstractGlueDefinition.java:47)\n\tat io.cucumber.java.JavaStepDefinition.execute(JavaStepDefinition.java:29)\n\tat io.cucumber.core.runner.CoreStepDefinition.execute(CoreStepDefinition.java:66)\n\tat io.cucumber.core.runner.PickleStepDefinitionMatch.runStep(PickleStepDefinitionMatch.java:63)\n\tat io.cucumber.core.runner.ExecutionMode$1.execute(ExecutionMode.java:10)\n\tat io.cucumber.core.runner.TestStep.executeStep(TestStep.java:85)\n\tat io.cucumber.core.runner.TestStep.run(TestStep.java:57)\n\tat io.cucumber.core.runner.PickleStepTestStep.run(PickleStepTestStep.java:51)\n\tat io.cucumber.core.runner.TestCase.run(TestCase.java:84)\n\tat io.cucumber.core.runner.Runner.runPickle(Runner.java:75)\n\tat io.cucumber.testng.TestNGCucumberRunner.lambda$runScenario$1(TestNGCucumberRunner.java:132)\n\tat io.cucumber.core.runtime.CucumberExecutionContext.lambda$runTestCase$5(CucumberExecutionContext.java:129)\n\tat io.cucumber.core.runtime.RethrowingThrowableCollector.executeAndThrow(RethrowingThrowableCollector.java:23)\n\tat io.cucumber.core.runtime.CucumberExecutionContext.runTestCase(CucumberExecutionContext.java:129)\n\tat io.cucumber.testng.TestNGCucumberRunner.runScenario(TestNGCucumberRunner.java:129)\n\tat io.cucumber.testng.AbstractTestNGCucumberTests.runScenario(AbstractTestNGCucumberTests.java:35)\n\tat java.base/jdk.internal.reflect.NativeMethodAccessorImpl.invoke0(Native Method)\n\tat java.base/jdk.internal.reflect.NativeMethodAccessorImpl.invoke(NativeMethodAccessorImpl.java:62)\n\tat java.base/jdk.internal.reflect.DelegatingMethodAccessorImpl.invoke(DelegatingMethodAccessorImpl.java:43)\n\tat java.base/java.lang.reflect.Method.invoke(Method.java:566)\n\tat org.testng.internal.invokers.MethodInvocationHelper.invokeMethod(MethodInvocationHelper.java:139)\n\tat org.testng.internal.invokers.TestInvoker.invokeMethod(TestInvoker.java:677)\n\tat org.testng.internal.invokers.TestInvoker.invokeTestMethod(TestInvoker.java:221)\n\tat org.testng.internal.invokers.MethodRunner.runInSequence(MethodRunner.java:50)\n\tat org.testng.internal.invokers.TestInvoker$MethodInvocationAgent.invoke(TestInvoker.java:969)\n\tat org.testng.internal.invokers.TestInvoker.invokeTestMethods(TestInvoker.java:194)\n\tat org.testng.internal.invokers.TestMethodWorker.invokeTestMethods(TestMethodWorker.java:148)\n\tat org.testng.internal.invokers.TestMethodWorker.run(TestMethodWorker.java:128)\n\tat java.base/java.util.ArrayList.forEach(ArrayList.java:1541)\n\tat org.testng.TestRunner.privateRun(TestRunner.java:829)\n\tat org.testng.TestRunner.run(TestRunner.java:602)\n\tat org.testng.SuiteRunner.runTest(SuiteRunner.java:437)\n\tat org.testng.SuiteRunner.runSequentially(SuiteRunner.java:431)\n\tat org.testng.SuiteRunner.privateRun(SuiteRunner.java:391)\n\tat org.testng.SuiteRunner.run(SuiteRunner.java:330)\n\tat org.testng.SuiteRunnerWorker.runSuite(SuiteRunnerWorker.java:52)\n\tat org.testng.SuiteRunnerWorker.run(SuiteRunnerWorker.java:95)\n\tat org.testng.TestNG.runSuitesSequentially(TestNG.java:1256)\n\tat org.testng.TestNG.runSuitesLocally(TestNG.java:1176)\n\tat org.testng.TestNG.runSuites(TestNG.java:1099)\n\tat org.testng.TestNG.run(TestNG.java:1067)\n\tat org.apache.maven.surefire.testng.TestNGExecutor.run(TestNGExecutor.java:324)\n\tat org.apache.maven.surefire.testng.TestNGXmlTestSuite.execute(TestNGXmlTestSuite.java:74)\n\tat org.apache.maven.surefire.testng.TestNGProvider.invoke(TestNGProvider.java:123)\n\tat org.apache.maven.surefire.booter.ForkedBooter.runSuitesInProcess(ForkedBooter.java:456)\n\tat org.apache.maven.surefire.booter.ForkedBooter.execute(ForkedBooter.java:169)\n\tat org.apache.maven.surefire.booter.ForkedBooter.run(ForkedBooter.java:595)\n\tat org.apache.maven.surefire.booter.ForkedBooter.main(ForkedBooter.java:581)\n","flaky":false,"newFailed":false,"newBroken":false,"newPassed":false,"retriesCount":0,"retriesStatusChange":false,"beforeStages":[],"testStage":{"status":"broken","statusMessage":"Unable to establish websocket connection to http://localhost:39017/devtools/browser/1ff421bf-c8dd-4a9e-9468-889ff331638c\nBuild info: version: '4.8.0', revision: '267030adea'\nSystem info: os.name: 'Linux', os.arch: 'amd64', os.version: '5.15.0-1041-azure', java.version: '11.0.19'\nDriver info: driver.version: ChromeDriver","statusTrace":"org.openqa.selenium.remote.http.ConnectionFailedException: Unable to establish websocket connection to http://localhost:39017/devtools/browser/1ff421bf-c8dd-4a9e-9468-889ff331638c\nBuild info: version: '4.8.0', revision: '267030adea'\nSystem info: os.name: 'Linux', os.arch: 'amd64', os.version: '5.15.0-1041-azure', java.version: '11.0.19'\nDriver info: driver.version: ChromeDriver\n\tat org.openqa.selenium.remote.http.netty.NettyWebSocket.<init>(NettyWebSocket.java:102)\n\tat org.openqa.selenium.remote.http.netty.NettyWebSocket.lambda$create$3(NettyWebSocket.java:128)\n\tat org.openqa.selenium.remote.http.netty.NettyClient.openSocket(NettyClient.java:107)\n\tat org.openqa.selenium.devtools.Connection.<init>(Connection.java:78)\n\tat org.openqa.selenium.chromium.ChromiumDriver.lambda$new$2(ChromiumDriver.java:116)\n\tat java.base/java.util.Optional.map(Optional.java:265)\n\tat org.openqa.selenium.chromium.ChromiumDriver.<init>(ChromiumDriver.java:114)\n\tat org.openqa.selenium.chrome.ChromeDriver.<init>(ChromeDriver.java:82)\n\tat org.openqa.selenium.chrome.ChromeDriver.<init>(ChromeDriver.java:71)\n\tat cucumberHooks.Hooks.openAndQuitBrowser(Hooks.java:74)\n\tat Steps.MyStepdefs.<init>(MyStepdefs.java:28)\n\tat java.base/jdk.internal.reflect.NativeConstructorAccessorImpl.newInstance0(Native Method)\n\tat java.base/jdk.internal.reflect.NativeConstructorAccessorImpl.newInstance(NativeConstructorAccessorImpl.java:62)\n\tat java.base/jdk.internal.reflect.DelegatingConstructorAccessorImpl.newInstance(DelegatingConstructorAccessorImpl.java:45)\n\tat java.base/java.lang.reflect.Constructor.newInstance(Constructor.java:490)\n\tat org.picocontainer.injectors.AbstractInjector.newInstance(AbstractInjector.java:145)\n\tat org.picocontainer.injectors.ConstructorInjector$1.run(ConstructorInjector.java:342)\n\tat org.picocontainer.injectors.AbstractInjector$ThreadLocalCyclicDependencyGuard.observe(AbstractInjector.java:270)\n\tat org.picocontainer.injectors.ConstructorInjector.getComponentInstance(ConstructorInjector.java:364)\n\tat org.picocontainer.injectors.AbstractInjectionFactory$LifecycleAdapter.getComponentInstance(AbstractInjectionFactory.java:56)\n\tat org.picocontainer.behaviors.AbstractBehavior.getComponentInstance(AbstractBehavior.java:64)\n\tat org.picocontainer.behaviors.Stored.getComponentInstance(Stored.java:91)\n\tat org.picocontainer.DefaultPicoContainer.getInstance(DefaultPicoContainer.java:699)\n\tat org.picocontainer.DefaultPicoContainer.getComponent(DefaultPicoContainer.java:647)\n\tat org.picocontainer.DefaultPicoContainer.getComponent(DefaultPicoContainer.java:678)\n\tat io.cucumber.picocontainer.PicoFactory.getInstance(PicoFactory.java:49)\n\tat io.cucumber.java.AbstractGlueDefinition.invokeMethod(AbstractGlueDefinition.java:47)\n\tat io.cucumber.java.JavaStepDefinition.execute(JavaStepDefinition.java:29)\n\tat io.cucumber.core.runner.CoreStepDefinition.execute(CoreStepDefinition.java:66)\n\tat io.cucumber.core.runner.PickleStepDefinitionMatch.runStep(PickleStepDefinitionMatch.java:63)\n\tat io.cucumber.core.runner.ExecutionMode$1.execute(ExecutionMode.java:10)\n\tat io.cucumber.core.runner.TestStep.executeStep(TestStep.java:85)\n\tat io.cucumber.core.runner.TestStep.run(TestStep.java:57)\n\tat io.cucumber.core.runner.PickleStepTestStep.run(PickleStepTestStep.java:51)\n\tat io.cucumber.core.runner.TestCase.run(TestCase.java:84)\n\tat io.cucumber.core.runner.Runner.runPickle(Runner.java:75)\n\tat io.cucumber.testng.TestNGCucumberRunner.lambda$runScenario$1(TestNGCucumberRunner.java:132)\n\tat io.cucumber.core.runtime.CucumberExecutionContext.lambda$runTestCase$5(CucumberExecutionContext.java:129)\n\tat io.cucumber.core.runtime.RethrowingThrowableCollector.executeAndThrow(RethrowingThrowableCollector.java:23)\n\tat io.cucumber.core.runtime.CucumberExecutionContext.runTestCase(CucumberExecutionContext.java:129)\n\tat io.cucumber.testng.TestNGCucumberRunner.runScenario(TestNGCucumberRunner.java:129)\n\tat io.cucumber.testng.AbstractTestNGCucumberTests.runScenario(AbstractTestNGCucumberTests.java:35)\n\tat java.base/jdk.internal.reflect.NativeMethodAccessorImpl.invoke0(Native Method)\n\tat java.base/jdk.internal.reflect.NativeMethodAccessorImpl.invoke(NativeMethodAccessorImpl.java:62)\n\tat java.base/jdk.internal.reflect.DelegatingMethodAccessorImpl.invoke(DelegatingMethodAccessorImpl.java:43)\n\tat java.base/java.lang.reflect.Method.invoke(Method.java:566)\n\tat org.testng.internal.invokers.MethodInvocationHelper.invokeMethod(MethodInvocationHelper.java:139)\n\tat org.testng.internal.invokers.TestInvoker.invokeMethod(TestInvoker.java:677)\n\tat org.testng.internal.invokers.TestInvoker.invokeTestMethod(TestInvoker.java:221)\n\tat org.testng.internal.invokers.MethodRunner.runInSequence(MethodRunner.java:50)\n\tat org.testng.internal.invokers.TestInvoker$MethodInvocationAgent.invoke(TestInvoker.java:969)\n\tat org.testng.internal.invokers.TestInvoker.invokeTestMethods(TestInvoker.java:194)\n\tat org.testng.internal.invokers.TestMethodWorker.invokeTestMethods(TestMethodWorker.java:148)\n\tat org.testng.internal.invokers.TestMethodWorker.run(TestMethodWorker.java:128)\n\tat java.base/java.util.ArrayList.forEach(ArrayList.java:1541)\n\tat org.testng.TestRunner.privateRun(TestRunner.java:829)\n\tat org.testng.TestRunner.run(TestRunner.java:602)\n\tat org.testng.SuiteRunner.runTest(SuiteRunner.java:437)\n\tat org.testng.SuiteRunner.runSequentially(SuiteRunner.java:431)\n\tat org.testng.SuiteRunner.privateRun(SuiteRunner.java:391)\n\tat org.testng.SuiteRunner.run(SuiteRunner.java:330)\n\tat org.testng.SuiteRunnerWorker.runSuite(SuiteRunnerWorker.java:52)\n\tat org.testng.SuiteRunnerWorker.run(SuiteRunnerWorker.java:95)\n\tat org.testng.TestNG.runSuitesSequentially(TestNG.java:1256)\n\tat org.testng.TestNG.runSuitesLocally(TestNG.java:1176)\n\tat org.testng.TestNG.runSuites(TestNG.java:1099)\n\tat org.testng.TestNG.run(TestNG.java:1067)\n\tat org.apache.maven.surefire.testng.TestNGExecutor.run(TestNGExecutor.java:324)\n\tat org.apache.maven.surefire.testng.TestNGXmlTestSuite.execute(TestNGXmlTestSuite.java:74)\n\tat org.apache.maven.surefire.testng.TestNGProvider.invoke(TestNGProvider.java:123)\n\tat org.apache.maven.surefire.booter.ForkedBooter.runSuitesInProcess(ForkedBooter.java:456)\n\tat org.apache.maven.surefire.booter.ForkedBooter.execute(ForkedBooter.java:169)\n\tat org.apache.maven.surefire.booter.ForkedBooter.run(ForkedBooter.java:595)\n\tat org.apache.maven.surefire.booter.ForkedBooter.main(ForkedBooter.java:581)\n","steps":[{"name":"Given  open browser","time":{"start":1689261189718,"stop":1689261189959,"duration":241},"status":"broken","statusMessage":"Unable to establish websocket connection to http://localhost:39017/devtools/browser/1ff421bf-c8dd-4a9e-9468-889ff331638c\nBuild info: version: '4.8.0', revision: '267030adea'\nSystem info: os.name: 'Linux', os.arch: 'amd64', os.version: '5.15.0-1041-azure', java.version: '11.0.19'\nDriver info: driver.version: ChromeDriver","statusTrace":"org.openqa.selenium.remote.http.ConnectionFailedException: Unable to establish websocket connection to http://localhost:39017/devtools/browser/1ff421bf-c8dd-4a9e-9468-889ff331638c\nBuild info: version: '4.8.0', revision: '267030adea'\nSystem info: os.name: 'Linux', os.arch: 'amd64', os.version: '5.15.0-1041-azure', java.version: '11.0.19'\nDriver info: driver.version: ChromeDriver\n\tat org.openqa.selenium.remote.http.netty.NettyWebSocket.<init>(NettyWebSocket.java:102)\n\tat org.openqa.selenium.remote.http.netty.NettyWebSocket.lambda$create$3(NettyWebSocket.java:128)\n\tat org.openqa.selenium.remote.http.netty.NettyClient.openSocket(NettyClient.java:107)\n\tat org.openqa.selenium.devtools.Connection.<init>(Connection.java:78)\n\tat org.openqa.selenium.chromium.ChromiumDriver.lambda$new$2(ChromiumDriver.java:116)\n\tat java.base/java.util.Optional.map(Optional.java:265)\n\tat org.openqa.selenium.chromium.ChromiumDriver.<init>(ChromiumDriver.java:114)\n\tat org.openqa.selenium.chrome.ChromeDriver.<init>(ChromeDriver.java:82)\n\tat org.openqa.selenium.chrome.ChromeDriver.<init>(ChromeDriver.java:71)\n\tat cucumberHooks.Hooks.openAndQuitBrowser(Hooks.java:74)\n\tat Steps.MyStepdefs.<init>(MyStepdefs.java:28)\n\tat java.base/jdk.internal.reflect.NativeConstructorAccessorImpl.newInstance0(Native Method)\n\tat java.base/jdk.internal.reflect.NativeConstructorAccessorImpl.newInstance(NativeConstructorAccessorImpl.java:62)\n\tat java.base/jdk.internal.reflect.DelegatingConstructorAccessorImpl.newInstance(DelegatingConstructorAccessorImpl.java:45)\n\tat java.base/java.lang.reflect.Constructor.newInstance(Constructor.java:490)\n\tat org.picocontainer.injectors.AbstractInjector.newInstance(AbstractInjector.java:145)\n\tat org.picocontainer.injectors.ConstructorInjector$1.run(ConstructorInjector.java:342)\n\tat org.picocontainer.injectors.AbstractInjector$ThreadLocalCyclicDependencyGuard.observe(AbstractInjector.java:270)\n\tat org.picocontainer.injectors.ConstructorInjector.getComponentInstance(ConstructorInjector.java:364)\n\tat org.picocontainer.injectors.AbstractInjectionFactory$LifecycleAdapter.getComponentInstance(AbstractInjectionFactory.java:56)\n\tat org.picocontainer.behaviors.AbstractBehavior.getComponentInstance(AbstractBehavior.java:64)\n\tat org.picocontainer.behaviors.Stored.getComponentInstance(Stored.java:91)\n\tat org.picocontainer.DefaultPicoContainer.getInstance(DefaultPicoContainer.java:699)\n\tat org.picocontainer.DefaultPicoContainer.getComponent(DefaultPicoContainer.java:647)\n\tat org.picocontainer.DefaultPicoContainer.getComponent(DefaultPicoContainer.java:678)\n\tat io.cucumber.picocontainer.PicoFactory.getInstance(PicoFactory.java:49)\n\tat io.cucumber.java.AbstractGlueDefinition.invokeMethod(AbstractGlueDefinition.java:47)\n\tat io.cucumber.java.JavaStepDefinition.execute(JavaStepDefinition.java:29)\n\tat io.cucumber.core.runner.CoreStepDefinition.execute(CoreStepDefinition.java:66)\n\tat io.cucumber.core.runner.PickleStepDefinitionMatch.runStep(PickleStepDefinitionMatch.java:63)\n\tat io.cucumber.core.runner.ExecutionMode$1.execute(ExecutionMode.java:10)\n\tat io.cucumber.core.runner.TestStep.executeStep(TestStep.java:85)\n\tat io.cucumber.core.runner.TestStep.run(TestStep.java:57)\n\tat io.cucumber.core.runner.PickleStepTestStep.run(PickleStepTestStep.java:51)\n\tat io.cucumber.core.runner.TestCase.run(TestCase.java:84)\n\tat io.cucumber.core.runner.Runner.runPickle(Runner.java:75)\n\tat io.cucumber.testng.TestNGCucumberRunner.lambda$runScenario$1(TestNGCucumberRunner.java:132)\n\tat io.cucumber.core.runtime.CucumberExecutionContext.lambda$runTestCase$5(CucumberExecutionContext.java:129)\n\tat io.cucumber.core.runtime.RethrowingThrowableCollector.executeAndThrow(RethrowingThrowableCollector.java:23)\n\tat io.cucumber.core.runtime.CucumberExecutionContext.runTestCase(CucumberExecutionContext.java:129)\n\tat io.cucumber.testng.TestNGCucumberRunner.runScenario(TestNGCucumberRunner.java:129)\n\tat io.cucumber.testng.AbstractTestNGCucumberTests.runScenario(AbstractTestNGCucumberTests.java:35)\n\tat java.base/jdk.internal.reflect.NativeMethodAccessorImpl.invoke0(Native Method)\n\tat java.base/jdk.internal.reflect.NativeMethodAccessorImpl.invoke(NativeMethodAccessorImpl.java:62)\n\tat java.base/jdk.internal.reflect.DelegatingMethodAccessorImpl.invoke(DelegatingMethodAccessorImpl.java:43)\n\tat java.base/java.lang.reflect.Method.invoke(Method.java:566)\n\tat org.testng.internal.invokers.MethodInvocationHelper.invokeMethod(MethodInvocationHelper.java:139)\n\tat org.testng.internal.invokers.TestInvoker.invokeMethod(TestInvoker.java:677)\n\tat org.testng.internal.invokers.TestInvoker.invokeTestMethod(TestInvoker.java:221)\n\tat org.testng.internal.invokers.MethodRunner.runInSequence(MethodRunner.java:50)\n\tat org.testng.internal.invokers.TestInvoker$MethodInvocationAgent.invoke(TestInvoker.java:969)\n\tat org.testng.internal.invokers.TestInvoker.invokeTestMethods(TestInvoker.java:194)\n\tat org.testng.internal.invokers.TestMethodWorker.invokeTestMethods(TestMethodWorker.java:148)\n\tat org.testng.internal.invokers.TestMethodWorker.run(TestMethodWorker.java:128)\n\tat java.base/java.util.ArrayList.forEach(ArrayList.java:1541)\n\tat org.testng.TestRunner.privateRun(TestRunner.java:829)\n\tat org.testng.TestRunner.run(TestRunner.java:602)\n\tat org.testng.SuiteRunner.runTest(SuiteRunner.java:437)\n\tat org.testng.SuiteRunner.runSequentially(SuiteRunner.java:431)\n\tat org.testng.SuiteRunner.privateRun(SuiteRunner.java:391)\n\tat org.testng.SuiteRunner.run(SuiteRunner.java:330)\n\tat org.testng.SuiteRunnerWorker.runSuite(SuiteRunnerWorker.java:52)\n\tat org.testng.SuiteRunnerWorker.run(SuiteRunnerWorker.java:95)\n\tat org.testng.TestNG.runSuitesSequentially(TestNG.java:1256)\n\tat org.testng.TestNG.runSuitesLocally(TestNG.java:1176)\n\tat org.testng.TestNG.runSuites(TestNG.java:1099)\n\tat org.testng.TestNG.run(TestNG.java:1067)\n\tat org.apache.maven.surefire.testng.TestNGExecutor.run(TestNGExecutor.java:324)\n\tat org.apache.maven.surefire.testng.TestNGXmlTestSuite.execute(TestNGXmlTestSuite.java:74)\n\tat org.apache.maven.surefire.testng.TestNGProvider.invoke(TestNGProvider.java:123)\n\tat org.apache.maven.surefire.booter.ForkedBooter.runSuitesInProcess(ForkedBooter.java:456)\n\tat org.apache.maven.surefire.booter.ForkedBooter.execute(ForkedBooter.java:169)\n\tat org.apache.maven.surefire.booter.ForkedBooter.run(ForkedBooter.java:595)\n\tat org.apache.maven.surefire.booter.ForkedBooter.main(ForkedBooter.java:581)\n","steps":[],"attachments":[],"parameters":[],"stepsCount":0,"attachmentsCount":0,"shouldDisplayMessage":true,"hasContent":true},{"name":"When  Search \"CMC\"","time":{"start":1689261189961,"stop":1689261189962,"duration":1},"status":"skipped","steps":[],"attachments":[],"parameters":[],"stepsCount":0,"attachmentsCount":0,"shouldDisplayMessage":false,"hasContent":false},{"name":"And  Click search button","time":{"start":1689261189962,"stop":1689261189962,"duration":0},"status":"skipped","steps":[],"attachments":[],"parameters":[],"stepsCount":0,"attachmentsCount":0,"shouldDisplayMessage":false,"hasContent":false},{"name":"Then  See result page","time":{"start":1689261189963,"stop":1689261189963,"duration":0},"status":"skipped","steps":[],"attachments":[],"parameters":[],"stepsCount":0,"attachmentsCount":0,"shouldDisplayMessage":false,"hasContent":false}],"attachments":[],"parameters":[],"stepsCount":4,"attachmentsCount":0,"shouldDisplayMessage":false,"hasContent":true},"afterStages":[{"name":"cucumberHooks.Hooks.afterStep(io.cucumber.java.Scenario)","time":{"start":1689261189964,"stop":1689261189964,"duration":0},"status":"broken","statusMessage":"AFTER is failed: null","statusTrace":"java.lang.NullPointerException\n\tat cucumberHooks.Hooks.afterStep(Hooks.java:128)\n","steps":[],"attachments":[],"parameters":[],"stepsCount":0,"attachmentsCount":0,"shouldDisplayMessage":true,"hasContent":true}],"labels":[{"name":"tag","value":"Feature2"},{"name":"tag","value":"TestOuline"},{"name":"tag","value":"staging"},{"name":"host","value":"fv-az1025-416"},{"name":"thread","value":"2354@fv-az1025-416.main(1)"},{"name":"feature","value":"test google search outline"},{"name":"story","value":"search \"CMC\" in google"},{"name":"suite","value":"test google search outline"},{"name":"testClass","value":"search \"CMC\" in google"},{"name":"framework","value":"cucumber4jvm"},{"name":"language","value":"java"},{"name":"gherkin_uri","value":"file:///home/runner/work/cucumber-selenium-testNG/cucumber-selenium-testNG/src/test/resources/features/Google_outline.feature"},{"name":"package","value":"src.test.resources.features.Google_outline_feature.test google search outline"},{"name":"resultFormat","value":"allure2"}],"parameters":[{"name":"arg0","value":"\"CMC\""}],"links":[],"hidden":false,"retry":false,"extra":{"severity":"normal","retries":[],"categories":[{"name":"Test defects","matchedStatuses":[],"flaky":false}],"history":{"statistic":{"failed":0,"broken":179,"skipped":0,"passed":198,"unknown":0,"total":377},"items":[{"uid":"b648e44ec7274e1f","reportUrl":"https://minhvl1.github.io/cucumber-selenium-testNG/409//#testresult/b648e44ec7274e1f","status":"broken","statusDetails":"Unable to establish websocket connection to http://localhost:44037/devtools/browser/7d49474c-6c44-47e4-97c1-b712e235ac7a\nBuild info: version: '4.8.0', revision: '267030adea'\nSystem info: os.name: 'Linux', os.arch: 'amd64', os.version: '5.15.0-1038-azure', java.version: '11.0.19'\nDriver info: driver.version: ChromeDriver","time":{"start":1689236140103,"stop":1689236140312,"duration":209}},{"uid":"78dd2c5671b234bb","reportUrl":"https://minhvl1.github.io/cucumber-selenium-testNG/408//#testresult/78dd2c5671b234bb","status":"broken","statusDetails":"Unable to establish websocket connection to http://localhost:46795/devtools/browser/570b9559-e9a1-469a-904d-70c5d1de8a9f\nBuild info: version: '4.8.0', revision: '267030adea'\nSystem info: os.name: 'Linux', os.arch: 'amd64', os.version: '5.15.0-1041-azure', java.version: '11.0.19'\nDriver info: driver.version: ChromeDriver","time":{"start":1689174799516,"stop":1689174799764,"duration":248}},{"uid":"13bdc774108cbaa5","reportUrl":"https://minhvl1.github.io/cucumber-selenium-testNG/407//#testresult/13bdc774108cbaa5","status":"broken","statusDetails":"Unable to establish websocket connection to http://localhost:43129/devtools/browser/17d60a2d-adbe-4366-abea-d2ba4dbb724f\nBuild info: version: '4.8.0', revision: '267030adea'\nSystem info: os.name: 'Linux', os.arch: 'amd64', os.version: '5.15.0-1041-azure', java.version: '11.0.19'\nDriver info: driver.version: ChromeDriver","time":{"start":1689149793156,"stop":1689149793457,"duration":301}},{"uid":"eb85f5361d74dfb9","reportUrl":"https://minhvl1.github.io/cucumber-selenium-testNG/406//#testresult/eb85f5361d74dfb9","status":"broken","statusDetails":"Unable to establish websocket connection to http://localhost:42257/devtools/browser/d12ad07e-c1f4-4183-a1b0-c891e83135ee\nBuild info: version: '4.8.0', revision: '267030adea'\nSystem info: os.name: 'Linux', os.arch: 'amd64', os.version: '5.15.0-1041-azure', java.version: '11.0.19'\nDriver info: driver.version: ChromeDriver","time":{"start":1689088384775,"stop":1689088384994,"duration":219}},{"uid":"434770a3ea3e565","reportUrl":"https://minhvl1.github.io/cucumber-selenium-testNG/405//#testresult/434770a3ea3e565","status":"broken","statusDetails":"Unable to establish websocket connection to http://localhost:46541/devtools/browser/fd788edb-234e-4496-965b-348c678f6201\nBuild info: version: '4.8.0', revision: '267030adea'\nSystem info: os.name: 'Linux', os.arch: 'amd64', os.version: '5.15.0-1041-azure', java.version: '11.0.19'\nDriver info: driver.version: ChromeDriver","time":{"start":1689063379481,"stop":1689063379698,"duration":217}},{"uid":"29b5a7f493fbf22","reportUrl":"https://minhvl1.github.io/cucumber-selenium-testNG/404//#testresult/29b5a7f493fbf22","status":"broken","statusDetails":"Unable to establish websocket connection to http://localhost:36651/devtools/browser/d8414208-fda8-4ea7-b497-128fca6f20ca\nBuild info: version: '4.8.0', revision: '267030adea'\nSystem info: os.name: 'Linux', os.arch: 'amd64', os.version: '5.15.0-1041-azure', java.version: '11.0.19'\nDriver info: driver.version: ChromeDriver","time":{"start":1689001983749,"stop":1689001983987,"duration":238}},{"uid":"385b25c802ea7f3","reportUrl":"https://minhvl1.github.io/cucumber-selenium-testNG/403//#testresult/385b25c802ea7f3","status":"broken","statusDetails":"Unable to establish websocket connection to http://localhost:43273/devtools/browser/1934d911-22e7-4c4f-8039-ed6c71693701\nBuild info: version: '4.8.0', revision: '267030adea'\nSystem info: os.name: 'Linux', os.arch: 'amd64', os.version: '5.15.0-1041-azure', java.version: '11.0.19'\nDriver info: driver.version: ChromeDriver","time":{"start":1688977021746,"stop":1688977021995,"duration":249}},{"uid":"5b4835df41973403","reportUrl":"https://minhvl1.github.io/cucumber-selenium-testNG/402//#testresult/5b4835df41973403","status":"broken","statusDetails":"Unable to establish websocket connection to http://localhost:38295/devtools/browser/863ca4d3-ef44-41fc-b07d-2d6c1ac582d9\nBuild info: version: '4.8.0', revision: '267030adea'\nSystem info: os.name: 'Linux', os.arch: 'amd64', os.version: '5.15.0-1041-azure', java.version: '11.0.19'\nDriver info: driver.version: ChromeDriver","time":{"start":1688742788948,"stop":1688742789198,"duration":250}},{"uid":"dbc18d2ffdf6ceb4","reportUrl":"https://minhvl1.github.io/cucumber-selenium-testNG/401//#testresult/dbc18d2ffdf6ceb4","status":"broken","statusDetails":"Unable to establish websocket connection to http://localhost:39751/devtools/browser/2f2faf6d-2202-4c13-8c4e-8adb15dfe861\nBuild info: version: '4.8.0', revision: '267030adea'\nSystem info: os.name: 'Linux', os.arch: 'amd64', os.version: '5.15.0-1041-azure', java.version: '11.0.19'\nDriver info: driver.version: ChromeDriver","time":{"start":1688717760921,"stop":1688717761186,"duration":265}},{"uid":"8e732db362e773b0","reportUrl":"https://minhvl1.github.io/cucumber-selenium-testNG/400//#testresult/8e732db362e773b0","status":"broken","statusDetails":"Unable to establish websocket connection to http://localhost:38691/devtools/browser/1639bc3e-8d20-4252-beea-c05919349126\nBuild info: version: '4.8.0', revision: '267030adea'\nSystem info: os.name: 'Linux', os.arch: 'amd64', os.version: '5.15.0-1041-azure', java.version: '11.0.19'\nDriver info: driver.version: ChromeDriver","time":{"start":1688656427303,"stop":1688656427564,"duration":261}},{"uid":"ba10f1e6222970a4","reportUrl":"https://minhvl1.github.io/cucumber-selenium-testNG/399//#testresult/ba10f1e6222970a4","status":"broken","statusDetails":"Unable to establish websocket connection to http://localhost:33159/devtools/browser/aa7930b6-89af-4ef0-95e4-a65c43a461f2\nBuild info: version: '4.8.0', revision: '267030adea'\nSystem info: os.name: 'Linux', os.arch: 'amd64', os.version: '5.15.0-1040-azure', java.version: '11.0.19'\nDriver info: driver.version: ChromeDriver","time":{"start":1688631405327,"stop":1688631405583,"duration":256}},{"uid":"48a19ad29e7669ee","reportUrl":"https://minhvl1.github.io/cucumber-selenium-testNG/398//#testresult/48a19ad29e7669ee","status":"broken","statusDetails":"Unable to establish websocket connection to http://localhost:34345/devtools/browser/80c999f6-206e-41ce-8e6c-f59f9ef02a9e\nBuild info: version: '4.8.0', revision: '267030adea'\nSystem info: os.name: 'Linux', os.arch: 'amd64', os.version: '5.15.0-1041-azure', java.version: '11.0.19'\nDriver info: driver.version: ChromeDriver","time":{"start":1688570026840,"stop":1688570027071,"duration":231}},{"uid":"bc696e5233282bcf","reportUrl":"https://minhvl1.github.io/cucumber-selenium-testNG/397//#testresult/bc696e5233282bcf","status":"broken","statusDetails":"Unable to establish websocket connection to http://localhost:36855/devtools/browser/1c8a073e-a0eb-41fe-92fe-252ccc7e0a51\nBuild info: version: '4.8.0', revision: '267030adea'\nSystem info: os.name: 'Linux', os.arch: 'amd64', os.version: '5.15.0-1040-azure', java.version: '11.0.19'\nDriver info: driver.version: ChromeDriver","time":{"start":1688545035998,"stop":1688545036199,"duration":201}},{"uid":"fa24eb0056bcd6e9","reportUrl":"https://minhvl1.github.io/cucumber-selenium-testNG/396//#testresult/fa24eb0056bcd6e9","status":"broken","statusDetails":"Unable to establish websocket connection to http://localhost:42011/devtools/browser/37072f1e-285a-433e-9a98-a3278fdcae47\nBuild info: version: '4.8.0', revision: '267030adea'\nSystem info: os.name: 'Linux', os.arch: 'amd64', os.version: '5.15.0-1040-azure', java.version: '11.0.19'\nDriver info: driver.version: ChromeDriver","time":{"start":1688483595594,"stop":1688483595816,"duration":222}},{"uid":"ecf0219773da89b6","reportUrl":"https://minhvl1.github.io/cucumber-selenium-testNG/395//#testresult/ecf0219773da89b6","status":"broken","statusDetails":"Unable to establish websocket connection to http://localhost:40789/devtools/browser/04354aae-ef0b-4dd8-a3d4-2387b799ed6d\nBuild info: version: '4.8.0', revision: '267030adea'\nSystem info: os.name: 'Linux', os.arch: 'amd64', os.version: '5.15.0-1040-azure', java.version: '11.0.19'\nDriver info: driver.version: ChromeDriver","time":{"start":1688458641253,"stop":1688458641566,"duration":313}},{"uid":"a1b867b19066c3f2","reportUrl":"https://minhvl1.github.io/cucumber-selenium-testNG/394//#testresult/a1b867b19066c3f2","status":"broken","statusDetails":"Unable to establish websocket connection to http://localhost:41829/devtools/browser/ee4484a2-187b-4526-abc3-584c26e1f240\nBuild info: version: '4.8.0', revision: '267030adea'\nSystem info: os.name: 'Linux', os.arch: 'amd64', os.version: '5.15.0-1040-azure', java.version: '11.0.19'\nDriver info: driver.version: ChromeDriver","time":{"start":1688397163483,"stop":1688397163697,"duration":214}},{"uid":"73b4c4ad9387a4bb","reportUrl":"https://minhvl1.github.io/cucumber-selenium-testNG/393//#testresult/73b4c4ad9387a4bb","status":"broken","statusDetails":"Unable to establish websocket connection to http://localhost:40139/devtools/browser/90239ff4-dd7a-4ee9-b10a-a115527229ff\nBuild info: version: '4.8.0', revision: '267030adea'\nSystem info: os.name: 'Linux', os.arch: 'amd64', os.version: '5.15.0-1040-azure', java.version: '11.0.19'\nDriver info: driver.version: ChromeDriver","time":{"start":1688372160964,"stop":1688372161170,"duration":206}},{"uid":"de992adebdc1a5d5","reportUrl":"https://minhvl1.github.io/cucumber-selenium-testNG/392//#testresult/de992adebdc1a5d5","status":"broken","statusDetails":"Unable to establish websocket connection to http://localhost:44307/devtools/browser/6078e031-7c8e-405f-9728-c1fb3fd087db\nBuild info: version: '4.8.0', revision: '267030adea'\nSystem info: os.name: 'Linux', os.arch: 'amd64', os.version: '5.15.0-1040-azure', java.version: '11.0.19'\nDriver info: driver.version: ChromeDriver","time":{"start":1688137943794,"stop":1688137943996,"duration":202}},{"uid":"25b678c33dce9350","reportUrl":"https://minhvl1.github.io/cucumber-selenium-testNG/391//#testresult/25b678c33dce9350","status":"broken","statusDetails":"Unable to establish websocket connection to http://localhost:45145/devtools/browser/c1329339-4279-4731-8311-cdd5f375d2cf\nBuild info: version: '4.8.0', revision: '267030adea'\nSystem info: os.name: 'Linux', os.arch: 'amd64', os.version: '5.15.0-1040-azure', java.version: '11.0.19'\nDriver info: driver.version: ChromeDriver","time":{"start":1688112914056,"stop":1688112914268,"duration":212}},{"uid":"167838bbbe733679","reportUrl":"https://minhvl1.github.io/cucumber-selenium-testNG/390//#testresult/167838bbbe733679","status":"broken","statusDetails":"Unable to establish websocket connection to http://localhost:36071/devtools/browser/36ef0bd9-da94-4104-984f-cbfda23736c4\nBuild info: version: '4.8.0', revision: '267030adea'\nSystem info: os.name: 'Linux', os.arch: 'amd64', os.version: '5.15.0-1040-azure', java.version: '11.0.19'\nDriver info: driver.version: ChromeDriver","time":{"start":1688051540850,"stop":1688051541059,"duration":209}}]},"tags":["TestOuline","Feature2","staging"]},"source":"ae1a049a18808e95.json","parameterValues":["\"CMC\""]}