{"uid":"1e0c58fd60110931","name":"Radio \"Impressive\" Button","fullName":"Demo QA site: Radio \"Impressive\" Button","historyId":"de30702b2322cdd6ba09eb29fd996ee8","time":{"start":1669189882765,"stop":1669189884099,"duration":1334},"status":"failed","statusMessage":"The following asserts failed:\n\texpected [true] but found [false]","statusTrace":"java.lang.AssertionError: The following asserts failed:\n\texpected [true] but found [false]\n\tat org.testng.asserts.SoftAssert.assertAll(SoftAssert.java:46)\n\tat org.testng.asserts.SoftAssert.assertAll(SoftAssert.java:30)\n\tat pageObject.DemoQaObject.resultMessageContainText(DemoQaObject.java:20)\n\tat Steps.DemoQa.seeResultContainArg(DemoQa.java:35)\n\tat ✽.See result contain \"Impressive\"(file:///home/runner/work/cucumber-selenium-testNG/cucumber-selenium-testNG/src/test/resources/features/DemoQa.feature:8)\n","flaky":false,"newFailed":true,"newBroken":false,"newPassed":false,"retriesCount":0,"retriesStatusChange":false,"beforeStages":[],"testStage":{"status":"failed","statusMessage":"The following asserts failed:\n\texpected [true] but found [false]","statusTrace":"java.lang.AssertionError: The following asserts failed:\n\texpected [true] but found [false]\n\tat org.testng.asserts.SoftAssert.assertAll(SoftAssert.java:46)\n\tat org.testng.asserts.SoftAssert.assertAll(SoftAssert.java:30)\n\tat pageObject.DemoQaObject.resultMessageContainText(DemoQaObject.java:20)\n\tat Steps.DemoQa.seeResultContainArg(DemoQa.java:35)\n\tat ✽.See result contain \"Impressive\"(file:///home/runner/work/cucumber-selenium-testNG/cucumber-selenium-testNG/src/test/resources/features/DemoQa.feature:8)\n","steps":[{"name":"Given  Go to demoqa url","time":{"start":1669189882766,"stop":1669189883431,"duration":665},"status":"passed","steps":[],"attachments":[],"parameters":[],"stepsCount":0,"attachmentsCount":0,"shouldDisplayMessage":false,"hasContent":false},{"name":"When  check \"Impressive\" radio button","time":{"start":1669189883432,"stop":1669189883878,"duration":446},"status":"passed","steps":[],"attachments":[],"parameters":[],"stepsCount":0,"attachmentsCount":0,"shouldDisplayMessage":false,"hasContent":false},{"name":"Then  See result contain \"Impressive\"","time":{"start":1669189883880,"stop":1669189883947,"duration":67},"status":"failed","statusMessage":"The following asserts failed:\n\texpected [true] but found [false]","statusTrace":"java.lang.AssertionError: The following asserts failed:\n\texpected [true] but found [false]\n\tat org.testng.asserts.SoftAssert.assertAll(SoftAssert.java:46)\n\tat org.testng.asserts.SoftAssert.assertAll(SoftAssert.java:30)\n\tat pageObject.DemoQaObject.resultMessageContainText(DemoQaObject.java:20)\n\tat Steps.DemoQa.seeResultContainArg(DemoQa.java:35)\n\tat ✽.See result contain \"Impressive\"(file:///home/runner/work/cucumber-selenium-testNG/cucumber-selenium-testNG/src/test/resources/features/DemoQa.feature:8)\n","steps":[],"attachments":[],"parameters":[],"stepsCount":0,"attachmentsCount":0,"shouldDisplayMessage":true,"hasContent":true}],"attachments":[],"parameters":[],"stepsCount":3,"attachmentsCount":0,"shouldDisplayMessage":false,"hasContent":true},"afterStages":[{"name":"cucumberHooks.Hooks.afterStep(io.cucumber.java.Scenario)","time":{"start":1669189883948,"stop":1669189884098,"duration":150},"status":"passed","steps":[],"attachments":[{"uid":"576e6a725d9ecff3","name":"Radio \"Impressive\" Button","source":"576e6a725d9ecff3.png","type":"image/png","size":171392}],"parameters":[],"stepsCount":0,"attachmentsCount":1,"shouldDisplayMessage":false,"hasContent":true}],"labels":[{"name":"tag","value":"Feature3"},{"name":"tag","value":"RadioButton"},{"name":"host","value":"fv-az267-959"},{"name":"thread","value":"2345@fv-az267-959.main(1)"},{"name":"feature","value":"Demo QA site"},{"name":"story","value":"Radio \"Impressive\" Button"},{"name":"suite","value":"Demo QA site"},{"name":"testClass","value":"Radio \"Impressive\" Button"},{"name":"framework","value":"cucumber4jvm"},{"name":"language","value":"java"},{"name":"gherkin_uri","value":"file:///home/runner/work/cucumber-selenium-testNG/cucumber-selenium-testNG/src/test/resources/features/DemoQa.feature"},{"name":"package","value":"src.test.resources.features.DemoQa_feature.Demo QA site"},{"name":"resultFormat","value":"allure2"}],"parameters":[{"name":"arg0","value":"\"Impressive\""}],"links":[],"hidden":false,"retry":false,"extra":{"severity":"normal","retries":[],"categories":[{"name":"Product defects","matchedStatuses":[],"flaky":false}],"history":{"statistic":{"failed":1,"broken":1,"skipped":0,"passed":6,"unknown":0,"total":8},"items":[{"uid":"59245b708c017f02","reportUrl":"https://minhvl1.github.io/cucumber-selenium-testNG/35//#testresult/59245b708c017f02","status":"passed","time":{"start":1669189480050,"stop":1669189481109,"duration":1059}},{"uid":"af54cbc2f4ce64fd","reportUrl":"https://minhvl1.github.io/cucumber-selenium-testNG/34//#testresult/af54cbc2f4ce64fd","status":"broken","statusDetails":"Could not start a new session. Response code 500. Message: Expected browser binary location, but unable to find binary in default location, no 'moz:firefoxOptions.binary' capability provided, and no binary flag set on the command line\nBuild info: version: '4.4.0', revision: 'e5c75ed026a'\nSystem info: host: 'fv-az573-294', ip: '10.1.0.42', os.name: 'Linux', os.arch: 'amd64', os.version: '5.15.0-1022-azure', java.version: '11.0.16.1'\nDriver info: org.openqa.selenium.firefox.FirefoxDriver\nCommand: [null, newSession {capabilities=[Capabilities {acceptInsecureCerts: true, browserName: firefox, moz:debuggerAddress: true, moz:firefoxOptions: {args: [--headless]}}], desiredCapabilities=Capabilities {acceptInsecureCerts: true, browserName: firefox, moz:debuggerAddress: true, moz:firefoxOptions: {args: [--headless]}}}]","time":{"start":1669186353970,"stop":1669186354144,"duration":174}},{"uid":"dc00af9bf9a68343","reportUrl":"https://minhvl1.github.io/cucumber-selenium-testNG/33//#testresult/dc00af9bf9a68343","status":"passed","time":{"start":1669171901568,"stop":1669171902451,"duration":883}},{"uid":"3cf1520b3bc68d77","reportUrl":"https://minhvl1.github.io/cucumber-selenium-testNG/32//#testresult/3cf1520b3bc68d77","status":"passed","time":{"start":1669171782116,"stop":1669171783123,"duration":1007}},{"uid":"63f3a49e4eec28b4","reportUrl":"https://minhvl1.github.io/cucumber-selenium-testNG/31//#testresult/63f3a49e4eec28b4","status":"passed","time":{"start":1669130099259,"stop":1669130100336,"duration":1077}},{"uid":"a35ca3d1f6e076c1","reportUrl":"https://minhvl1.github.io/cucumber-selenium-testNG/30//#testresult/a35ca3d1f6e076c1","status":"passed","time":{"start":1669128932422,"stop":1669128933115,"duration":693}},{"uid":"3a2c399900871dda","reportUrl":"https://minhvl1.github.io/cucumber-selenium-testNG/29//#testresult/3a2c399900871dda","status":"passed","time":{"start":1669108476895,"stop":1669108477973,"duration":1078}}]},"tags":["Feature3","RadioButton"]},"source":"1e0c58fd60110931.json","parameterValues":["\"Impressive\""]}